
     ----------------------------------------------------------------------

                                   总信息文件

     ----------------------------------------------------------------------

            工程名称：主楼
            工程代号：
             设计人：
             校核人：
            软件名称：盈建科建筑结构设计软件
              版本：2.0.3
            计算日期：2020/08/11
     ----------------------------------------------------------------------

     **********************************************************
                              设计参数输出
     **********************************************************

     结构总体信息 ........................................
       结构体系:                                              部分框支剪力墙结构
       结构材料信息:                                          钢筋混凝土
       结构所在地区:                                          全国
       地下室层数:                                            0
       嵌固端所在层号(层顶嵌固):                              0
       与基础相连构件最大底标高(m):                           0.000
       裙房层数:                                              0
       转换层所在层号:                                        3
       加强层所在层号:                                        0
       竖向荷载计算信息:                                      施工模拟三
       风荷载计算信息:                                        一般计算方式
       地震力计算信息:                                        计算水平和反应谱方法竖向地震作用(整体求解)
       是否计算吊车荷载:                                      否
       是否计算人防荷载:                                      否
       是否考虑预应力等效荷载工况:                            否
       是否生成绘等值线用数据:                                否
       是否计算温度荷载:                                      否
       竖向荷载砼墙轴向刚度考虑徐变收缩影响:                  否
       是否生成传给基础的刚度:                                否
       上部结构计算考虑基础结构:                              否
       施工模拟加载层步长:                                    1
       考虑填充墙刚度:                                        否

     计算控制信息 ........................................
       水平力与整体坐标夹角:                                  0.00
       梁刚度放大系数按2010《混凝土规范》取值:                是
       中梁刚度放大系数上限:                                  2.00
       边梁刚度放大系数上限:                                  1.50
       连梁刚度折减系数(地震):                                1.00
       连梁刚度折减系数(风):                                  1.00
       连梁按墙元计算控制跨高比:                              4.00
       连梁材料强度默认同墙:                                  是
       墙元细分最大控制长度(m):                               1.00
       板元细分最大控制长度(m):                               1.00
       短墙肢自动加密:                                        是
       弹性板荷载计算方式:                                    平面导荷
       膜单元类型:                                            经典膜元(QA4)
       考虑梁端刚域:                                          否
       考虑柱端刚域:                                          否
       是否输出节点位移:                                      否
       墙梁跨中节点作为刚性楼板从节点:                        是
       结构计算时考虑楼梯刚度:                                否
       梁与弹性板变形协调:                                    是
       弹性板与梁协调时考虑梁向下相对偏移:                    否
       梁墙自重扣除与柱重叠部分:                              否
       楼板自重扣除与梁墙重叠部分:                            否
       刚性楼板假定 :                                         整体指标计算采用强刚，其它计算非强刚
       地下室楼板强制采用刚性楼板假定:                        否
       是否自动划分多塔:                                      否
       计算现浇空心板:                                        否
       增加计算连梁刚度不折减模型下的地震位移:                是
       地震内力按全楼弹性板6计算:                             否
       求解器设定内存:                                        0
       门式刚架按平面框架方式计算:                            否
       自动计算现浇板自重:                                    是

     二阶效应信息 ..........................................
       是否考虑 P-Delt 效应:                                  否

     屈曲分析信息 ..........................................
       屈曲分析:                                              是
       屈曲模态数:                                            10
       迭代次数:                                              10
       收敛误差:                                              0.001
       屈曲分析荷载组合系数:
       DEAD:           1.00
       LIVE:           0.50

     风荷载信息 ..........................................
       使用指定风荷载数据:                                    否
       执行规范:                                              GB50009-2012
       地面粗糙程度 :                                         B
       修正后的基本风压 (kN/m2):                              0.45
       结构X向基本周期（秒）:                                 1.96
       结构Y向基本周期（秒）:                                 2.20
       风荷载计算用阻尼比 :                                   0.050
       承载力设计时的风荷载效应放大系数:                      1.1
       考虑顺风向风振:                                        是
       多方向风角度:                                          
       舒适度验算用基本风压 (kN/m2):                          0.30
       舒适度验算用阻尼比 :                                   0.020
       水平风荷载体型分段数:                                  1
       分段号  最高层号    X迎风    X背风    X侧风    X挡风    Y迎风    Y背风    Y侧风    Y挡风
         1        31       0.80    -0.60     0.00     1.00     0.80    -0.60     0.00     1.00
       自动计算结构宽深:                                      是
       考虑横向风振:                                          否
       考虑扭转风振:                                          否

     地震信息 ............................................
       按地震动区划图GB18306-2015计算:                        否
       设计地震分组:                                          二
       地震烈度:                                              7 (0.15g)
       场地类别:                                              Ⅲ
       特征周期:                                              0.55
       阻尼比确定方法:                                        全楼统一
       结构的阻尼比:                                          0.050
       周期折减系数:                                          0.90
       特征值分析类型:                                        Ritz向量法
       振型数确定方式:                                        用户定义
       用户定义振型数:                                        15
       按主振型确定地震内力符号:                              否
       框架的抗震等级:                                        1
       钢框架的抗震等级:                                      3
       剪力墙的抗震等级:                                      2
       抗震构造措施的抗震等级:                                提高一级
       框支剪力墙结构底部加强区剪力墙抗震等级自动提高一级:    是
       地下一层以下抗震构造措施抗震等级逐层降级及抗震措施4级: 是
       是否考虑偶然偏心:                                      是
       X向偶然偏心值:                                         0.05
       Y向偶然偏心值:                                         0.05
       偶然偏心计算方法:                                      等效扭矩法(传统法)
       是否考虑双向地震扭转效应:                              否
       自动计算最不利地震方向的作用:                          是
       斜交抗侧力构件方向的附加地震数:                        1
       斜交抗侧力构件方向的附加地震角度:                      60
       活荷重力荷载代表值组合系数:                            0.50
       使用自定义地震影响系数曲线:                              否
       地震影响系数最大值:                                    0.120
       罕遇地震影响系数最大值:                                0.720
       竖向地震作用系数底线值:                                0.08
       地震作用放大方法:                                      全楼统一
       全楼地震力放大系数:                                    1.00
       减震隔震附加阻尼比算法:                                强制解耦
       最大附加阻尼比:                                        0.25
       调整后的水平向减震系数:                                1.00
       地震计算时不考虑地下室以下的结构质量:                    否
       连接单元的有效刚度和阻尼自动采用直接积分法时程计算结果:  否

     性能设计信息 ........................................
       是否考虑性能设计:                                      否

     设计信息 ............................................
       是否按抗震规范5.2.5调整楼层地震力:                     是
       是否扭转效应明显:                                      否
       是否自动计算动位移比例系数:                            否
       第一平动周期方向动位移比例（0~1）:                     0.50
       第二平动周期方向动位移比例（0~1）:                     0.50
       梁端弯矩调幅系数:                                      0.85
       框架梁调幅后不小于简支梁跨中弯矩的倍数:                0.50
       非框架梁调幅后不小于简支梁跨中弯矩的倍数:              0.33
       梁扭矩折减系数:                                        0.40
       九度结构及一级框架梁柱超配筋系数:                      1.15
       按层刚度比判断薄弱层方法:                              高规和抗规从严
       底部嵌固楼层刚度比执行《高规》3.5.2-2:                 否
       自动对层间受剪承载力突变形成的薄弱层放大调整:          否
       自动根据层间受剪承载力比值调整配筋:                    否
       是否转换层指定为薄弱层:                                是
       薄弱层地震内力放大系数:                                1.25
       强制指定的薄弱层层号:                                  0
       与柱相连的框架梁端M、V不调整:                          否
       0.2V0 调整分段数:                                      2
       分段号     起始层号    终止层号
           1            1           3
           2            4          30
       0.2V0调整规则:                                         min(0.20V0,1.50Vfmax)
       0.2V0调整时楼层剪力最小倍数:                           0.20
       0.2V0调整时各层框架剪力最大值的倍数:                   1.50
       0.2V0 调整上限:                                        2.00
       框支柱调整上限:                                        5.00
       支撑按柱设计临界角:                                    20
       按竖向构件内力统计层地震剪力:                          否
       位移角小于此值时，位移比设置为1:                       0.00020
       剪力墙承担全部地震剪力:                                否
       零应力区验算时底面尺寸确定方式:                        质心到最近边距离的2倍
       考虑双向地震时内力调整方式:                            先考虑双向地震再调整
       剪力墙端柱的面外剪力统计到框架部分:                    否
       转换结构构件（三、四级）水平地震作用效应放大系数:      1.00

     活荷载信息 ..........................................
       柱、墙活荷载是否折减:                                  否
       按建模菜单“房间属性”计算活荷载折减系数:                否
       考虑活荷不利布置的最高层号:                            30
       梁活荷载内力放大系数:                                  1.00
       楼面梁活荷载折减:                                      不折减

     构件设计信息 ........................................
       柱配筋计算原则:                                        双偏压
       双偏压时角筋最大直径:                                  32
       连梁按对称配筋设计:                                    是
       抗震设计的框架梁端配筋考虑受压钢筋:                    是
       矩形混凝土梁按T形梁配筋:                               是
       按简化方法计算柱剪跨比（Hn/2h0）:                      是
       墙柱配筋设计考虑端柱:                                  否
       墙柱配筋设计考虑翼缘墙:                                否
       与剪力墙面外相连的梁按框架梁设计:                      否
       验算一级抗震墙施工缝:                                  是
       梁压弯设计控制轴压比:                                  0.40
       梁端配筋内力取值位置(0-节点，1-支座边):                0.00
       不计算地震作用时按重力荷载代表值计算柱轴压比:          否
       框架柱的轴压比限值按框架结构采用:                      否
       梁保护层厚度 (mm):                                     20
       柱保护层厚度 (mm):                                     20
       型钢混凝土构件设计依据:                                《组合结构设计规范》JGJ138-2016
       执行《高钢规》JGJ99-2015:                              是
       按叠合柱设计的叠合比:                                  0.00
       剪力墙构造边缘构件的设计执行高规7.2.16-4:              否
       底部加强区全部设为约束边缘构件:                        否
       面外梁下生成暗柱边缘构件:                              全都生成
       归入阴影区的λ/2区最大长度:                            0
       边缘构件合并距离 (mm):                                 300
       短肢边缘构件合并距离 (mm):                             600
       边缘构件尺寸取整模数 (mm):                             10
       构造边缘构件尺寸设计依据:                              《高规》JGJ3-2010 第7.2.16条
       约束边缘构件尺寸依据《广东高规》设计:                            否
       按边缘构件轮廓计算配筋:                                          否
       钢构件截面净毛面积比:                                  0.90
       X向钢柱计算长度是否按有侧移计算:                       是
       Y向钢柱计算长度是否按有侧移计算:                       是
       按《钢规》自动判断强弱支撑:                             否
       门刚规范用GB51022-2015:                               是
       执行门规GB51022附录A:                                 是
       执行门规GB51022附录A.0.8:                             否
       门刚构件按宽厚比等级控制局部稳定:                      否
       执行《钢结构设计标准》(GB50017-2017):                 是
       按宽厚比等级控制局部稳定:                              是
       截面宽厚比等级:                                        S4
       支撑杆件截面宽厚比等级:                                S4
       按钢规6.2.7验算梁下翼缘稳定:                          是
       钢梁按压弯设计控制轴压比:                              0.10
       组合梁施工荷载(kN/m2):                                           1.5

     防火验算 ........................................
       进行承载力法防火验算:                                  否
     包络设计 ........................................
       是否分塔与整体分别计算，并取大:                        否
       自动取框架和框架-抗震墙模型计算大值:                   否
       是否与其它模型进行包络取大:                            否

     鉴定加固 ........................................
       是否鉴定加固:                                          否

     装配式 ..........................................
       是否是装配式结构:                                      否

     材料信息 ........................................
       混凝土容重 (kN/m3):                                    26.00
       砌体容重 (kN/m3):                                      22.00
       钢材容重 (kN/m3):                                      78.00
       轻骨料混凝土容重 (kN/m3):                              18.50
       轻骨料混凝土密度等级:                                  1800
       梁箍筋间距 (mm):                                       100
       柱箍筋间距 (mm):                                       100
       墙水平分布筋最大间距 (mm):                             150
       墙竖向分布筋最小配筋率 (%):                            0.30
       结构底部单独指定墙竖向分布筋配筋率的层号:              0
       结构底部NSW层的墙竖向分布配筋率:                       0.60

     钢筋强度 ........................................
       HRB400钢筋强度设计值（N/mm2）:                         360

     地下室信息 ..........................................
       土的水平抗力系数的比例系数(MN/m4):                     10.00
       扣除地面以下几层回填土约束:                            0
       外墙分布筋保护层厚度:                                   35(mm)
       回填土容重 (kN/m3):                                    18.00
       回填土侧压力系数:                                      0.50
       室外地平标高 (m):                                      -0.35
       地下水位标高 (m):                                      -20.00
       室外地面附加荷载 (kN/m2):                              0.00
       基础水工况组合方式:                                    叠加
       按《地下结构抗震设计标准》GBT 51336-2018设计:         否
       地下室侧土约束施加方式:                                顶板双向弹簧
       按反应位移法计算地下结构的地震作用:                    否

     荷载组合 ......................................
       采用自定义组合:                                        否
       使用建模自定义组合模板:                                否
       结构重要性系数:                                        1.00
       执行《建筑结构可靠性设计统一标准》:                    是
       刚重比按1.3恒+1.5活计算:                              否
       恒载分项系数:                                          1.30
       活载分项系数:                                          1.50
       活荷载组合值系数:                                      0.70
       活荷载频遇值系数:                                      0.60
       活荷载准永久值系数:                                    0.50
       考虑结构设计使用年限的活荷载调整系数:                  1.00
       风荷载分项系数:                                        1.50
       风荷载组合值系数:                                      0.60
       风荷载频遇值系数:                                      0.40
       风荷载是否参与地震组合:                                是
       重力荷载分项系数:                                      1.20
       水平地震力分项系数:                                    1.30
       竖向地震力分项系数:                                    0.50
       是否考虑竖向地震为主的组合:                            是

     **********************************************************
                                 楼层属性
     **********************************************************

  层号    塔号       属性
   31      1         标准层3
   30      1         标准层3
   29      1         标准层3
   28      1         标准层3
   27      1         标准层3
   26      1         标准层3
   25      1         标准层3
   24      1         标准层3
   23      1         标准层3
   22      1         标准层3
   21      1         标准层3
   20      1         标准层3
   19      1         标准层3
   18      1         标准层3
   17      1         标准层3
   16      1         标准层3
   15      1         标准层3
   14      1         标准层3
   13      1         标准层3
   12      1         标准层3
   11      1         标准层3
   10      1         标准层3
    9      1         标准层3
    8      1         标准层3
    7      1         标准层3
    6      1         标准层3 约束边缘构件层
    5      1         标准层3 底部加强区 约束边缘构件层
    4      1         标准层3 底部加强区 约束边缘构件层
    3      1         标准层2 底部加强区 转换层 约束边缘构件层
    2      1         标准层1 底部加强区 约束边缘构件层
    1      1         标准层1 底部加强区 约束边缘构件层

     **********************************************************
                           塔属性
     **********************************************************

  塔号 1
       结构体系:                                              部分框支剪力墙结构
       结构X向基本周期（秒）:                                 1.96
       结构Y向基本周期（秒）:                                 2.20
       水平风荷载体型分段数:                                  1
       分段号  最高层号    挡风系数    迎风面系数    背风面系数    侧风面系数
         1        31        1.00         0.80          -0.60          0.00
       0.2V0 调整分段数:                                      2
       分段号     起始层号    终止层号
           1            1           3
           2            4          30
       0.2V0调整时楼层剪力最小倍数:                           0.20
       0.2V0调整时各层框架剪力最大值的倍数:                   1.50

     **********************************************************
                 各层质量、质心坐标，层质量比
     **********************************************************

  层号    塔号    质心X       质心Y       质心Z       恒载质量    活载质量    活载质量   附加质量     质量比
                   (m)         (m)         (m)          (t)         (t)     (不折减)(t)    (t)
   31      1     -39.546     18.933      97.650      1231.2        99.5       199.1         0.0        1.00
   30      1     -39.546     18.933      94.500      1231.2        99.5       199.1         0.0        1.00
   29      1     -39.546     18.933      91.350      1231.2        99.5       199.1         0.0        1.00
   28      1     -39.546     18.933      88.200      1231.2        99.5       199.1         0.0        1.00
   27      1     -39.546     18.933      85.050      1231.2        99.5       199.1         0.0        1.00
   26      1     -39.546     18.933      81.900      1231.2        99.5       199.1         0.0        1.00
   25      1     -39.546     18.933      78.750      1231.2        99.5       199.1         0.0        1.00
   24      1     -39.546     18.933      75.600      1231.2        99.5       199.1         0.0        1.00
   23      1     -39.546     18.933      72.450      1231.2        99.5       199.1         0.0        1.00
   22      1     -39.546     18.933      69.300      1231.2        99.5       199.1         0.0        1.00
   21      1     -39.546     18.933      66.150      1231.2        99.5       199.1         0.0        1.00
   20      1     -39.546     18.933      63.000      1231.2        99.5       199.1         0.0        1.00
   19      1     -39.546     18.933      59.850      1231.2        99.5       199.1         0.0        1.00
   18      1     -39.546     18.933      56.700      1231.2        99.5       199.1         0.0        1.00
   17      1     -39.546     18.933      53.550      1231.2        99.5       199.1         0.0        1.00
   16      1     -39.546     18.933      50.400      1231.2        99.5       199.1         0.0        1.00
   15      1     -39.546     18.933      47.250      1231.2        99.5       199.1         0.0        1.00
   14      1     -39.546     18.933      44.100      1231.2        99.5       199.1         0.0        1.00
   13      1     -39.546     18.933      40.950      1231.2        99.5       199.1         0.0        1.00
   12      1     -39.546     18.933      37.800      1231.2        99.5       199.1         0.0        1.00
   11      1     -39.546     18.933      34.650      1231.2        99.5       199.1         0.0        1.00
   10      1     -39.546     18.933      31.500      1231.2        99.5       199.1         0.0        1.00
    9      1     -39.546     18.933      28.350      1231.2        99.5       199.1         0.0        1.00
    8      1     -39.546     18.933      25.200      1231.2        99.5       199.1         0.0        1.00
    7      1     -39.546     18.933      22.050      1231.2        99.5       199.1         0.0        1.00
    6      1     -39.546     18.933      18.900      1231.2        99.5       199.1         0.0        1.00
    5      1     -39.546     18.933      15.750      1231.2        99.5       199.1         0.0        1.00
    4      1     -39.546     18.933      12.600      1231.2        99.5       199.1         0.0        0.75
    3      1     -43.540     19.594       9.450      1672.9        92.4       184.9         0.0        1.79  质量比>1.5 不满足《高规》3.5.6
    2      1     -47.057     19.215       6.300       920.5        64.8       129.6         0.0        1.00
    1      1     -44.210     19.102       3.150       920.5        64.8       129.6         0.0        1.00

  合计             --          --          --       37987.0      3009.0      6018.0         0.0

  活载总质量 (t):          3009.018
  恒载总质量 (t):         37987.035
  附加总质量 (t):             0.000
  结构总质量 (t):         40996.055
  恒载产生的总质量包括结构自重和外加恒载
  活载质量 = 活荷载重力荷载代表值系数*活载等效质量
  总质量 = 恒载质量+活载质量+附加质量

     **********************************************************
                       各层构件数量、构件材料和层高
     **********************************************************

  层号    塔号    梁数    柱数    支撑数    墙数      层高(m)    累计高度(m)

   31      1       115       9         0     121       3.150       97.650
   30      1       115       9         0     121       3.150       94.500
   29      1       115       9         0     121       3.150       91.350
   28      1       115       9         0     121       3.150       88.200
   27      1       115       9         0     121       3.150       85.050
   26      1       115       9         0     121       3.150       81.900
   25      1       115       9         0     121       3.150       78.750
   24      1       115       9         0     121       3.150       75.600
   23      1       115       9         0     121       3.150       72.450
   22      1       115       9         0     121       3.150       69.300
   21      1       115       9         0     121       3.150       66.150
   20      1       115       9         0     121       3.150       63.000
   19      1       115       9         0     121       3.150       59.850
   18      1       115       9         0     121       3.150       56.700
   17      1       115       9         0     121       3.150       53.550
   16      1       115       9         0     121       3.150       50.400
   15      1       115       9         0     121       3.150       47.250
   14      1       115       9         0     121       3.150       44.100
   13      1       115       9         0     121       3.150       40.950
   12      1       115       9         0     121       3.150       37.800
   11      1       115       9         0     121       3.150       34.650
   10      1       115       9         0     121       3.150       31.500
    9      1       115       9         0     121       3.150       28.350
    8      1       115       9         0     121       3.150       25.200
    7      1       115       9         0     121       3.150       22.050
    6      1       115       9         0     121       3.150       18.900
    5      1       115       9         0     121       3.150       15.750
    4      1       115       9         0     121       3.150       12.600
    3      1       177      44         0      93       3.150        9.450
    2      1        67      44         0      93       3.150        6.300
    1      1        67      44         0      93       3.150        3.150

   ----------------------------------------------------------
  保护层：

  层号    塔号       梁保护层(mm)       柱保护层(mm)       墙保护层(mm)

   31      1          20                 20                 15
   30      1          20                 20                 15
   29      1          20                 20                 15
   28      1          20                 20                 15
   27      1          20                 20                 15
   26      1          20                 20                 15
   25      1          20                 20                 15
   24      1          20                 20                 15
   23      1          20                 20                 15
   22      1          20                 20                 15
   21      1          20                 20                 15
   20      1          20                 20                 15
   19      1          20                 20                 15
   18      1          20                 20                 15
   17      1          20                 20                 15
   16      1          20                 20                 15
   15      1          20                 20                 15
   14      1          20                 20                 15
   13      1          20                 20                 15
   12      1          20                 20                 15
   11      1          20                 20                 15
   10      1          20                 20                 15
    9      1          20                 20                 15
    8      1          20                 20                 15
    7      1          20                 20                 15
    6      1          20                 20                 15
    5      1          20                 20                 15
    4      1          20                 20                 15
    3      1          20                 20                 15
    2      1          20                 20                 15
    1      1          20                 20                 15

   ----------------------------------------------------------
  混凝土构件：

  层号    塔号       梁数             柱数           支撑数             墙数
                (混凝土/主筋)    (混凝土/主筋)    (混凝土/主筋)    (混凝土/主筋)

   31      1     115(C30/360)       5(C30/360)         ---          121(C30/360)
   30      1     115(C30/360)       5(C30/360)         ---          121(C30/360)
   29      1     115(C30/360)       5(C30/360)         ---          121(C30/360)
   28      1     115(C30/360)       5(C30/360)         ---          121(C30/360)
   27      1     115(C30/360)       5(C30/360)         ---          121(C30/360)
   26      1     115(C30/360)       5(C30/360)         ---          121(C30/360)
   25      1     115(C30/360)       5(C30/360)         ---          121(C30/360)
   24      1     115(C30/360)       5(C30/360)         ---          121(C30/360)
   23      1     115(C30/360)       5(C30/360)         ---          121(C30/360)
   22      1     115(C30/360)       5(C30/360)         ---          121(C30/360)
   21      1     115(C30/360)       5(C30/360)         ---          121(C30/360)
   20      1     115(C30/360)       5(C30/360)         ---          121(C30/360)
   19      1     115(C30/360)       5(C35/360)         ---          121(C35/360)
   18      1     115(C30/360)       5(C35/360)         ---          121(C35/360)
   17      1     115(C30/360)       5(C35/360)         ---          121(C35/360)
   16      1     115(C30/360)       5(C35/360)         ---          121(C35/360)
   15      1     115(C30/360)       5(C35/360)         ---          121(C35/360)
   14      1     115(C30/360)       5(C40/360)         ---          121(C40/360)
   13      1     115(C30/360)       5(C40/360)         ---          121(C40/360)
   12      1     115(C30/360)       5(C40/360)         ---          121(C40/360)
   11      1     115(C30/360)       5(C40/360)         ---          121(C40/360)
   10      1     115(C30/360)       5(C45/360)         ---          121(C45/360)
    9      1     115(C30/360)       5(C45/360)         ---          121(C45/360)
    8      1     115(C30/360)       5(C45/360)         ---          121(C45/360)
    7      1     115(C30/360)       5(C45/360)         ---          121(C45/360)
    6      1     115(C30/360)       5(C45/360)         ---          121(C45/360)
    5      1     115(C30/360)       5(C50/360)         ---          121(C50/360)
    4      1     115(C30/360)       5(C50/360)         ---          121(C50/360)
    3      1     137(C50/360)       2(C50/360)         ---           93(C50/360)
    2      1      67(C30/360)       2(C50/360)         ---           93(C50/360)
    1      1      67(C30/360)       2(C50/360)         ---           93(C50/360)


   ----------------------------------------------------------
  型钢混凝土构件：

  层号    塔号       梁数             柱数           支撑数
                (钢号/混凝土)     (钢号/混凝土)   (钢号/混凝土)

   31      1         ---            4(345/C30)         ---     
   30      1         ---            4(345/C30)         ---     
   29      1         ---            4(345/C30)         ---     
   28      1         ---            4(345/C30)         ---     
   27      1         ---            4(345/C30)         ---     
   26      1         ---            4(345/C30)         ---     
   25      1         ---            4(345/C30)         ---     
   24      1         ---            4(345/C30)         ---     
   23      1         ---            4(345/C30)         ---     
   22      1         ---            4(345/C30)         ---     
   21      1         ---            4(345/C30)         ---     
   20      1         ---            4(345/C30)         ---     
   19      1         ---            4(345/C35)         ---     
   18      1         ---            4(345/C35)         ---     
   17      1         ---            4(345/C35)         ---     
   16      1         ---            4(345/C35)         ---     
   15      1         ---            4(345/C35)         ---     
   14      1         ---            4(345/C40)         ---     
   13      1         ---            4(345/C40)         ---     
   12      1         ---            4(345/C40)         ---     
   11      1         ---            4(345/C40)         ---     
   10      1         ---            4(345/C45)         ---     
    9      1         ---            4(345/C45)         ---     
    8      1         ---            4(345/C45)         ---     
    7      1         ---            4(345/C45)         ---     
    6      1         ---            4(345/C45)         ---     
    5      1         ---            4(345/C50)         ---     
    4      1         ---            4(345/C50)         ---     
    3      1      40(345/C50)      42(345/C50)         ---     
    2      1         ---           42(345/C50)         ---     
    1      1         ---           42(345/C50)         ---     

   ----------------------------------------------------------
  箍筋（墙分布筋）：

  层号    塔号     梁数       柱数      支撑数        墙数       边缘构件
                  (箍筋)     (箍筋)     (箍筋)     (水平/竖向)    (箍筋)

   31      1    140(360)     9(360)       ---     121(360/360)      (360)
   30      1    140(360)     9(360)       ---     121(360/360)      (360)
   29      1    140(360)     9(360)       ---     121(360/360)      (360)
   28      1    140(360)     9(360)       ---     121(360/360)      (360)
   27      1    140(360)     9(360)       ---     121(360/360)      (360)
   26      1    140(360)     9(360)       ---     121(360/360)      (360)
   25      1    140(360)     9(360)       ---     121(360/360)      (360)
   24      1    140(360)     9(360)       ---     121(360/360)      (360)
   23      1    140(360)     9(360)       ---     121(360/360)      (360)
   22      1    140(360)     9(360)       ---     121(360/360)      (360)
   21      1    140(360)     9(360)       ---     121(360/360)      (360)
   20      1    140(360)     9(360)       ---     121(360/360)      (360)
   19      1    140(360)     9(360)       ---     121(360/360)      (360)
   18      1    140(360)     9(360)       ---     121(360/360)      (360)
   17      1    140(360)     9(360)       ---     121(360/360)      (360)
   16      1    140(360)     9(360)       ---     121(360/360)      (360)
   15      1    140(360)     9(360)       ---     121(360/360)      (360)
   14      1    140(360)     9(360)       ---     121(360/360)      (360)
   13      1    140(360)     9(360)       ---     121(360/360)      (360)
   12      1    140(360)     9(360)       ---     121(360/360)      (360)
   11      1    140(360)     9(360)       ---     121(360/360)      (360)
   10      1    140(360)     9(360)       ---     121(360/360)      (360)
    9      1    140(360)     9(360)       ---     121(360/360)      (360)
    8      1    140(360)     9(360)       ---     121(360/360)      (360)
    7      1    140(360)     9(360)       ---     121(360/360)      (360)
    6      1    140(360)     9(360)       ---     121(360/360)      (360)
    5      1    140(360)     9(360)       ---     121(360/360)      (360)
    4      1    140(360)     9(360)       ---     121(360/360)      (360)
    3      1    196(360)    44(360)       ---      93(360/360)      (360)
    2      1     86(360)    44(360)       ---      93(360/360)      (360)
    1      1     86(360)    44(360)       ---      93(360/360)      (360)

     **********************************************************
                         X、Y方向剪力墙截面面积
     **********************************************************

  层号    塔号    X向墙截面积(m2)    Y向墙截面积(m2)

   31      1      22.179             28.340
   30      1      22.179             28.340
   29      1      22.179             28.340
   28      1      22.179             28.340
   27      1      22.179             28.340
   26      1      22.179             28.340
   25      1      22.179             28.340
   24      1      22.179             28.340
   23      1      22.179             28.340
   22      1      22.179             28.340
   21      1      22.179             28.340
   20      1      22.179             28.340
   19      1      22.179             28.340
   18      1      22.179             28.340
   17      1      22.179             28.340
   16      1      22.179             28.340
   15      1      22.179             28.340
   14      1      22.179             28.340
   13      1      22.179             28.340
   12      1      22.179             28.340
   11      1      22.179             28.340
   10      1      22.179             28.340
    9      1      22.179             28.340
    8      1      22.179             28.340
    7      1      22.179             28.340
    6      1      22.179             28.340
    5      1      22.179             28.340
    4      1      22.179             28.340
    3      1      17.594             25.460
    2      1      17.591             25.831
    1      1      17.591             25.831

     **********************************************************
                                风荷载信息
     **********************************************************

  层号   塔号  风向    顺风外力    顺风剪力    顺风倾覆弯矩
   31     1     X       120.8       120.8          380.5
                Y       313.5       313.5          987.5
   30     1     X       118.5       239.3         1134.2
                Y       307.7       621.2         2944.3
   29     1     X       116.2       355.5         2254.0
                Y       301.9       923.1         5852.1
   28     1     X       114.0       469.5         3732.8
                Y       296.2      1219.3         9692.9
   27     1     X       111.7       581.2         5563.6
                Y       290.5      1509.8        14448.8
   26     1     X       109.5       690.7         7739.2
                Y       284.8      1794.6        20101.7
   25     1     X       107.3       797.9        10252.7
                Y       279.1      2073.7        26633.9
   24     1     X       105.0       903.0        13097.1
                Y       273.4      2347.2        34027.5
   23     1     X       102.8      1005.8        16265.2
                Y       267.7      2614.9        42264.4
   22     1     X       100.6      1106.3        19750.1
                Y       262.0      2876.9        51326.6
   21     1     X        98.3      1204.6        23544.7
                Y       256.3      3133.2        61196.2
   20     1     X        96.0      1300.7        27641.7
                Y       250.5      3383.6        71854.6
   19     1     X        93.7      1394.4        32034.1
                Y       244.6      3628.3        83283.6
   18     1     X        91.4      1485.8        36714.5
                Y       238.7      3866.9        95464.5
   17     1     X        89.1      1574.9        41675.5
                Y       232.7      4099.6       108378.2
   16     1     X        86.7      1661.6        46909.7
                Y       226.5      4326.1       122005.5
   15     1     X        84.3      1745.9        52409.3
                Y       220.3      4546.4       136326.7
   14     1     X        81.8      1827.7        58166.4
                Y       213.9      4760.3       151321.7
   13     1     X        79.2      1906.9        64173.2
                Y       207.3      4967.6       166969.8
   12     1     X        76.6      1983.5        70421.3
                Y       200.6      5168.2       183249.6
   11     1     X        73.9      2057.4        76902.1
                Y       193.5      5361.7       200139.0
   10     1     X        71.1      2128.5        83606.7
                Y       186.3      5548.0       217615.2
    9     1     X        68.1      2196.6        90525.9
                Y       178.6      5726.6       235654.1
    8     1     X        65.0      2261.5        97649.7
                Y       170.6      5897.2       254230.1
    7     1     X        61.7      2323.2       104967.9
                Y       162.0      6059.2       273316.5
    6     1     X        58.1      2381.3       112469.1
                Y       152.8      6211.9       292884.0
    5     1     X        54.2      2435.6       120141.2
                Y       142.7      6354.6       312900.9
    4     1     X        49.9      2485.5       127970.5
                Y       131.4      6486.0       333331.8
    3     1     X        45.4      2530.9       135942.8
                Y       119.9      6605.9       354140.3
    2     1     X        43.9      2574.8       144053.3
                Y       116.0      6721.8       375314.1
    1     1     X        41.9      2616.7       152295.9
                Y       111.1      6833.0       396837.9

     **********************************************************
                   各楼层等效尺寸(单位:m,m**2)
     **********************************************************

  层号   塔号   面积      形心X     形心Y   等效宽B   等效高H  最大宽BMAX  最小宽BMIN
  31      1    849.82    -39.54     18.83     51.34    18.08      51.35       18.05
  30      1    849.82    -39.54     18.83     51.34    18.08      51.35       18.05
  29      1    849.82    -39.54     18.83     51.34    18.08      51.35       18.05
  28      1    849.82    -39.54     18.83     51.34    18.08      51.35       18.05
  27      1    849.82    -39.54     18.83     51.34    18.08      51.35       18.05
  26      1    849.82    -39.54     18.83     51.34    18.08      51.35       18.05
  25      1    849.82    -39.54     18.83     51.34    18.08      51.35       18.05
  24      1    849.82    -39.54     18.83     51.34    18.08      51.35       18.05
  23      1    849.82    -39.54     18.83     51.34    18.08      51.35       18.05
  22      1    849.82    -39.54     18.83     51.34    18.08      51.35       18.05
  21      1    849.82    -39.54     18.83     51.34    18.08      51.35       18.05
  20      1    849.82    -39.54     18.83     51.34    18.08      51.35       18.05
  19      1    849.82    -39.54     18.83     51.34    18.08      51.35       18.05
  18      1    849.82    -39.54     18.83     51.34    18.08      51.35       18.05
  17      1    849.82    -39.54     18.83     51.34    18.08      51.35       18.05
  16      1    849.82    -39.54     18.83     51.34    18.08      51.35       18.05
  15      1    849.82    -39.54     18.83     51.34    18.08      51.35       18.05
  14      1    849.82    -39.54     18.83     51.34    18.08      51.35       18.05
  13      1    849.82    -39.54     18.83     51.34    18.08      51.35       18.05
  12      1    849.82    -39.54     18.83     51.34    18.08      51.35       18.05
  11      1    849.82    -39.54     18.83     51.34    18.08      51.35       18.05
  10      1    849.82    -39.54     18.83     51.34    18.08      51.35       18.05
   9      1    849.82    -39.54     18.83     51.34    18.08      51.35       18.05
   8      1    849.82    -39.54     18.83     51.34    18.08      51.35       18.05
   7      1    849.82    -39.54     18.83     51.34    18.08      51.35       18.05
   6      1    849.82    -39.54     18.83     51.34    18.08      51.35       18.05
   5      1    849.82    -39.54     18.83     51.34    18.08      51.35       18.05
   4      1    849.82    -39.54     18.83     51.34    18.08      51.35       18.05
   3      1    831.12    -39.53     18.69     51.84    17.94      51.84       17.92
   2      1    337.74    -50.57     18.96     39.03    17.05      39.04       17.02
   1      1    337.74    -50.57     18.96     39.03    17.05      39.04       17.02

     **********************************************************
          各楼层质量、单位面积质量分布(单位:kg/m**2)
     **********************************************************

  层号   塔号    楼层质量   单位面积质量 g[i]    单位面积质量比 max(g[i]/g[i-1],g[i]/g[i+1])
  31      1     1.33E+006      1565.87                1.00
  30      1     1.33E+006      1565.87                1.00
  29      1     1.33E+006      1565.87                1.00
  28      1     1.33E+006      1565.87                1.00
  27      1     1.33E+006      1565.87                1.00
  26      1     1.33E+006      1565.87                1.00
  25      1     1.33E+006      1565.87                1.00
  24      1     1.33E+006      1565.87                1.00
  23      1     1.33E+006      1565.87                1.00
  22      1     1.33E+006      1565.87                1.00
  21      1     1.33E+006      1565.87                1.00
  20      1     1.33E+006      1565.87                1.00
  19      1     1.33E+006      1565.87                1.00
  18      1     1.33E+006      1565.87                1.00
  17      1     1.33E+006      1565.87                1.00
  16      1     1.33E+006      1565.87                1.00
  15      1     1.33E+006      1565.87                1.00
  14      1     1.33E+006      1565.87                1.00
  13      1     1.33E+006      1565.87                1.00
  12      1     1.33E+006      1565.87                1.00
  11      1     1.33E+006      1565.87                1.00
  10      1     1.33E+006      1565.87                1.00
   9      1     1.33E+006      1565.87                1.00
   8      1     1.33E+006      1565.87                1.00
   7      1     1.33E+006      1565.87                1.00
   6      1     1.33E+006      1565.87                1.00
   5      1     1.33E+006      1565.87                1.00
   4      1     1.33E+006      1565.87                1.00
   3      1     1.77E+006      2124.11                1.36
   2      1     9.85E+005      2917.40                1.37
   1      1     9.85E+005      2917.40                1.00

     **********************************************************
                       计算时间
     **********************************************************
   计算用时：00:03:59
   设计用时：00:03:2

     **********************************************************
             各层刚心、偏心率、相邻层侧移刚度比等计算信息
  Floor No     : 层号
  Tower No     : 塔号
  Xstif，Ystif : 刚心的 X，Y 坐标值
  Alf          : 层刚性主轴的方向
  Xmass，Ymass : 质心的 X，Y 坐标值
  Gmass        : 总质量
  Eex，Eey     : X，Y 方向的偏心率
  Ratx，Raty   : X，Y 方向本层塔侧移刚度与下一层相应塔侧移刚度的比值(剪切刚度)
  Ratx1，Raty1 : X，Y 方向本层塔侧移刚度与上一层相应塔侧移刚度70%的比值或上三层平均侧移刚度80%的比值中之较小者
  Ratx2，Raty2 : X，Y 方向本层塔侧移刚度与上一层相应塔侧移刚度90%、110%或者150%比值。110%指当本层层高大于相邻上层层高1.5倍时，150%指嵌固层
  RJX1，RJY1，RJZ1: 结构总体坐标系中塔的侧移刚度和扭转刚度(剪切刚度)
  RJX3，RJY3，RJZ3: 结构总体坐标系中塔的侧移刚度和扭转刚度(地震剪力与地震层间位移的比)
     **********************************************************
  Floor No. 1     Tower No. 1
  Xstif=   -41.4976(m)     Ystif=    19.4828(m)     Alf  =    45.0000(Degree)
  Xmass=   -44.2101(m)     Ymass=    19.1022(m)     Gmass(重力荷载代表值)=  1050.1085(  985.3080)(t)
  Eex  =     0.0184        Eey  =     0.1602
  Ratx =     1.0000        Raty =     1.0000
  薄弱层地震剪力放大系数= 1.00
  Ratx1=     2.6956        Raty1=     3.0718
  Ratx2=     1.2579        Raty2=     1.4335
  RJX1 = 8.8950E+007(kN/m)  RJY1 = 1.2384E+008(kN/m)  RJZ1 = 0.0000E+000(kN/m)
  RJX3 = 2.7623E+007(kN/m)  RJY3 = 3.0615E+007(kN/m)  RJZ3 = 1.8747E+010(kN*m/Rad)
     ----------------------------------------------------------
  Floor No. 2     Tower No. 1
  Xstif=   -41.6296(m)     Ystif=    19.4705(m)     Alf  =    45.0000(Degree)
  Xmass=   -47.0574(m)     Ymass=    19.2146(m)     Gmass(重力荷载代表值)=  1050.1085(  985.3080)(t)
  Eex  =     0.0124        Eey  =     0.3081
  Ratx =     1.0000        Raty =     1.0000
  薄弱层地震剪力放大系数= 1.00
  Ratx1=     1.5602        Raty1=     1.7750
  Ratx2=     1.2135        Raty2=     1.3806
  RJX1 = 8.8950E+007(kN/m)  RJY1 = 1.2384E+008(kN/m)  RJZ1 = 0.0000E+000(kN/m)
  RJX3 = 1.4639E+007(kN/m)  RJY3 = 1.4238E+007(kN/m)  RJZ3 = 1.8597E+010(kN*m/Rad)
     ----------------------------------------------------------
  Floor No. 3     Tower No. 1
  Xstif=   -39.2667(m)     Ystif=    19.2411(m)     Alf  =    45.0000(Degree)
  Xmass=   -43.5403(m)     Ymass=    19.5943(m)     Gmass(重力荷载代表值)=  1857.8123( 1765.3804)(t)
  Eex  =     0.0181        Eey  =     0.2490
  Ratx =     1.0002        Raty =     0.9868
  薄弱层地震剪力放大系数= 1.25
  Ratx1=     2.0079        Raty1=     1.9773
  Ratx2=     1.5617        Raty2=     1.5379
  RJX1 = 8.8963E+007(kN/m)  RJY1 = 1.2221E+008(kN/m)  RJZ1 = 0.0000E+000(kN/m)
  RJX3 = 1.3404E+007(kN/m)  RJY3 = 1.1459E+007(kN/m)  RJZ3 = 2.2548E+010(kN*m/Rad)
     ----------------------------------------------------------
  Floor No. 4     Tower No. 1
  Xstif=   -40.4620(m)     Ystif=    19.9145(m)     Alf  =    45.0000(Degree)
  Xmass=   -39.5464(m)     Ymass=    18.9334(m)     Gmass(重力荷载代表值)=  1430.2512( 1330.7161)(t)
  Eex  =     0.0476        Eey  =     0.0554
  Ratx =     1.1348        Raty =     1.0326
  薄弱层地震剪力放大系数= 1.00
  Ratx1=     1.8452        Raty1=     1.8571
  Ratx2=     1.4457        Raty2=     1.4444
  RJX1 = 1.0096E+008(kN/m)  RJY1 = 1.2619E+008(kN/m)  RJZ1 = 0.0000E+000(kN/m)
  RJX3 = 9.5370E+006(kN/m)  RJY3 = 8.2787E+006(kN/m)  RJZ3 = 1.8555E+010(kN*m/Rad)
     ----------------------------------------------------------
  Floor No. 5     Tower No. 1
  Xstif=   -40.4148(m)     Ystif=    19.9160(m)     Alf  =    45.0000(Degree)
  Xmass=   -39.5464(m)     Ymass=    18.9334(m)     Gmass(重力荷载代表值)=  1430.2512( 1330.7161)(t)
  Eex  =     0.0474        Eey  =     0.0525
  Ratx =     1.0000        Raty =     1.0000
  薄弱层地震剪力放大系数= 1.00
  Ratx1=     1.5880        Raty1=     1.6888
  Ratx2=     1.2841        Raty2=     1.3260
  RJX1 = 1.0096E+008(kN/m)  RJY1 = 1.2619E+008(kN/m)  RJZ1 = 0.0000E+000(kN/m)
  RJX3 = 7.3297E+006(kN/m)  RJY3 = 6.3683E+006(kN/m)  RJZ3 = 1.8653E+010(kN*m/Rad)
     ----------------------------------------------------------
  Floor No. 6     Tower No. 1
  Xstif=   -40.4142(m)     Ystif=    19.9100(m)     Alf  =    45.0000(Degree)
  Xmass=   -39.5464(m)     Ymass=    18.9334(m)     Gmass(重力荷载代表值)=  1430.2512( 1330.7161)(t)
  Eex  =     0.0471        Eey  =     0.0524
  Ratx =     0.9741        Raty =     0.9741
  薄弱层地震剪力放大系数= 1.00
  Ratx1=     1.4987        Raty1=     1.5914
  Ratx2=     1.2340        Raty2=     1.2751
  RJX1 = 9.8340E+007(kN/m)  RJY1 = 1.2292E+008(kN/m)  RJZ1 = 0.0000E+000(kN/m)
  RJX3 = 6.3421E+006(kN/m)  RJY3 = 5.3363E+006(kN/m)  RJZ3 = 1.8124E+010(kN*m/Rad)
     ----------------------------------------------------------
  Floor No. 7     Tower No. 1
  Xstif=   -40.4142(m)     Ystif=    19.9100(m)     Alf  =    45.0000(Degree)
  Xmass=   -39.5464(m)     Ymass=    18.9334(m)     Gmass(重力荷载代表值)=  1430.2512( 1330.7161)(t)
  Eex  =     0.0471        Eey  =     0.0524
  Ratx =     1.0000        Raty =     1.0000
  薄弱层地震剪力放大系数= 1.00
  Ratx1=     1.4495        Raty1=     1.5313
  Ratx2=     1.2071        Raty2=     1.2437
  RJX1 = 9.8340E+007(kN/m)  RJY1 = 1.2292E+008(kN/m)  RJZ1 = 0.0000E+000(kN/m)
  RJX3 = 5.7104E+006(kN/m)  RJY3 = 4.6500E+006(kN/m)  RJZ3 = 1.8124E+010(kN*m/Rad)
     ----------------------------------------------------------
  Floor No. 8     Tower No. 1
  Xstif=   -40.4142(m)     Ystif=    19.9100(m)     Alf  =    45.0000(Degree)
  Xmass=   -39.5464(m)     Ymass=    18.9334(m)     Gmass(重力荷载代表值)=  1430.2512( 1330.7161)(t)
  Eex  =     0.0471        Eey  =     0.0524
  Ratx =     1.0000        Raty =     1.0000
  薄弱层地震剪力放大系数= 1.00
  Ratx1=     1.4199        Raty1=     1.4921
  Ratx2=     1.1914        Raty2=     1.2243
  RJX1 = 9.8340E+007(kN/m)  RJY1 = 1.2292E+008(kN/m)  RJZ1 = 0.0000E+000(kN/m)
  RJX3 = 5.2564E+006(kN/m)  RJY3 = 4.1542E+006(kN/m)  RJZ3 = 1.8124E+010(kN*m/Rad)
     ----------------------------------------------------------
  Floor No. 9     Tower No. 1
  Xstif=   -40.4142(m)     Ystif=    19.9100(m)     Alf  =    45.0000(Degree)
  Xmass=   -39.5464(m)     Ymass=    18.9334(m)     Gmass(重力荷载代表值)=  1430.2512( 1330.7161)(t)
  Eex  =     0.0471        Eey  =     0.0524
  Ratx =     1.0000        Raty =     1.0000
  薄弱层地震剪力放大系数= 1.00
  Ratx1=     1.3983        Raty1=     1.4623
  Ratx2=     1.1803        Raty2=     1.2097
  RJX1 = 9.8340E+007(kN/m)  RJY1 = 1.2292E+008(kN/m)  RJZ1 = 0.0000E+000(kN/m)
  RJX3 = 4.9021E+006(kN/m)  RJY3 = 3.7701E+006(kN/m)  RJZ3 = 1.8124E+010(kN*m/Rad)
     ----------------------------------------------------------
  Floor No. 10     Tower No. 1
  Xstif=   -40.4142(m)     Ystif=    19.9100(m)     Alf  =    45.0000(Degree)
  Xmass=   -39.5464(m)     Ymass=    18.9334(m)     Gmass(重力荷载代表值)=  1430.2512( 1330.7161)(t)
  Eex  =     0.0471        Eey  =     0.0524
  Ratx =     1.0000        Raty =     1.0000
  薄弱层地震剪力放大系数= 1.00
  Ratx1=     1.3812        Raty1=     1.4389
  Ratx2=     1.1743        Raty2=     1.1996
  RJX1 = 9.8340E+007(kN/m)  RJY1 = 1.2292E+008(kN/m)  RJZ1 = 0.0000E+000(kN/m)
  RJX3 = 4.6145E+006(kN/m)  RJY3 = 3.4630E+006(kN/m)  RJZ3 = 1.8124E+010(kN*m/Rad)
     ----------------------------------------------------------
  Floor No. 11     Tower No. 1
  Xstif=   -40.4135(m)     Ystif=    19.9036(m)     Alf  =    45.0000(Degree)
  Xmass=   -39.5464(m)     Ymass=    18.9334(m)     Gmass(重力荷载代表值)=  1430.2512( 1330.7161)(t)
  Eex  =     0.0468        Eey  =     0.0524
  Ratx =     0.9686        Raty =     0.9686
  薄弱层地震剪力放大系数= 1.00
  Ratx1=     1.3630        Raty1=     1.4174
  Ratx2=     1.1646        Raty2=     1.1890
  RJX1 = 9.5253E+007(kN/m)  RJY1 = 1.1906E+008(kN/m)  RJZ1 = 0.0000E+000(kN/m)
  RJX3 = 4.3662E+006(kN/m)  RJY3 = 3.2075E+006(kN/m)  RJZ3 = 1.7595E+010(kN*m/Rad)
     ----------------------------------------------------------
  Floor No. 12     Tower No. 1
  Xstif=   -40.4138(m)     Ystif=    19.9033(m)     Alf  =    45.0000(Degree)
  Xmass=   -39.5464(m)     Ymass=    18.9334(m)     Gmass(重力荷载代表值)=  1430.2512( 1330.7161)(t)
  Eex  =     0.0468        Eey  =     0.0524
  Ratx =     1.0000        Raty =     1.0000
  薄弱层地震剪力放大系数= 1.00
  Ratx1=     1.3514        Raty1=     1.4010
  Ratx2=     1.1580        Raty2=     1.1809
  RJX1 = 9.5253E+007(kN/m)  RJY1 = 1.1906E+008(kN/m)  RJZ1 = 0.0000E+000(kN/m)
  RJX3 = 4.1657E+006(kN/m)  RJY3 = 2.9975E+006(kN/m)  RJZ3 = 1.7596E+010(kN*m/Rad)
     ----------------------------------------------------------
  Floor No. 13     Tower No. 1
  Xstif=   -40.4135(m)     Ystif=    19.9036(m)     Alf  =    45.0000(Degree)
  Xmass=   -39.5464(m)     Ymass=    18.9334(m)     Gmass(重力荷载代表值)=  1430.2512( 1330.7161)(t)
  Eex  =     0.0468        Eey  =     0.0524
  Ratx =     1.0000        Raty =     1.0000
  薄弱层地震剪力放大系数= 1.00
  Ratx1=     1.3428        Raty1=     1.3868
  Ratx2=     1.1535        Raty2=     1.1745
  RJX1 = 9.5253E+007(kN/m)  RJY1 = 1.1906E+008(kN/m)  RJZ1 = 0.0000E+000(kN/m)
  RJX3 = 3.9969E+006(kN/m)  RJY3 = 2.8203E+006(kN/m)  RJZ3 = 1.7595E+010(kN*m/Rad)
     ----------------------------------------------------------
  Floor No. 14     Tower No. 1
  Xstif=   -40.4138(m)     Ystif=    19.9033(m)     Alf  =    45.0000(Degree)
  Xmass=   -39.5464(m)     Ymass=    18.9334(m)     Gmass(重力荷载代表值)=  1430.2512( 1330.7161)(t)
  Eex  =     0.0468        Eey  =     0.0524
  Ratx =     1.0000        Raty =     1.0000
  薄弱层地震剪力放大系数= 1.00
  Ratx1=     1.3349        Raty1=     1.3722
  Ratx2=     1.1521        Raty2=     1.1696
  RJX1 = 9.5253E+007(kN/m)  RJY1 = 1.1906E+008(kN/m)  RJZ1 = 0.0000E+000(kN/m)
  RJX3 = 3.8499E+006(kN/m)  RJY3 = 2.6681E+006(kN/m)  RJZ3 = 1.7596E+010(kN*m/Rad)
     ----------------------------------------------------------
  Floor No. 15     Tower No. 1
  Xstif=   -40.4127(m)     Ystif=    19.8969(m)     Alf  =    45.0000(Degree)
  Xmass=   -39.5464(m)     Ymass=    18.9334(m)     Gmass(重力荷载代表值)=  1430.2512( 1330.7161)(t)
  Eex  =     0.0465        Eey  =     0.0523
  Ratx =     0.9612        Raty =     0.9612
  薄弱层地震剪力放大系数= 1.00
  Ratx1=     1.3232        Raty1=     1.3543
  Ratx2=     1.1462        Raty2=     1.1620
  RJX1 = 9.1559E+007(kN/m)  RJY1 = 1.1444E+008(kN/m)  RJZ1 = 0.0000E+000(kN/m)
  RJX3 = 3.7129E+006(kN/m)  RJY3 = 2.5346E+006(kN/m)  RJZ3 = 1.7066E+010(kN*m/Rad)
     ----------------------------------------------------------
  Floor No. 16     Tower No. 1
  Xstif=   -40.4127(m)     Ystif=    19.8969(m)     Alf  =    45.0000(Degree)
  Xmass=   -39.5464(m)     Ymass=    18.9334(m)     Gmass(重力荷载代表值)=  1430.2512( 1330.7161)(t)
  Eex  =     0.0465        Eey  =     0.0523
  Ratx =     1.0000        Raty =     1.0000
  薄弱层地震剪力放大系数= 1.00
  Ratx1=     1.3141        Raty1=     1.3370
  Ratx2=     1.1417        Raty2=     1.1541
  RJX1 = 9.1559E+007(kN/m)  RJY1 = 1.1444E+008(kN/m)  RJZ1 = 0.0000E+000(kN/m)
  RJX3 = 3.5992E+006(kN/m)  RJY3 = 2.4237E+006(kN/m)  RJZ3 = 1.7066E+010(kN*m/Rad)
     ----------------------------------------------------------
  Floor No. 17     Tower No. 1
  Xstif=   -40.4131(m)     Ystif=    19.8966(m)     Alf  =    45.0000(Degree)
  Xmass=   -39.5464(m)     Ymass=    18.9334(m)     Gmass(重力荷载代表值)=  1430.2512( 1330.7161)(t)
  Eex  =     0.0465        Eey  =     0.0523
  Ratx =     1.0000        Raty =     1.0000
  薄弱层地震剪力放大系数= 1.00
  Ratx1=     1.3082        Raty1=     1.3229
  Ratx2=     1.1379        Raty2=     1.1465
  RJX1 = 9.1559E+007(kN/m)  RJY1 = 1.1444E+008(kN/m)  RJZ1 = 0.0000E+000(kN/m)
  RJX3 = 3.5028E+006(kN/m)  RJY3 = 2.3334E+006(kN/m)  RJZ3 = 1.7066E+010(kN*m/Rad)
     ----------------------------------------------------------
  Floor No. 18     Tower No. 1
  Xstif=   -40.4127(m)     Ystif=    19.8969(m)     Alf  =    45.0000(Degree)
  Xmass=   -39.5464(m)     Ymass=    18.9334(m)     Gmass(重力荷载代表值)=  1430.2512( 1330.7161)(t)
  Eex  =     0.0465        Eey  =     0.0523
  Ratx =     1.0000        Raty =     1.0000
  薄弱层地震剪力放大系数= 1.00
  Ratx1=     1.3045        Raty1=     1.3136
  Ratx2=     1.1352        Raty2=     1.1406
  RJX1 = 9.1559E+007(kN/m)  RJY1 = 1.1444E+008(kN/m)  RJZ1 = 0.0000E+000(kN/m)
  RJX3 = 3.4203E+006(kN/m)  RJY3 = 2.2614E+006(kN/m)  RJZ3 = 1.7066E+010(kN*m/Rad)
     ----------------------------------------------------------
  Floor No. 19     Tower No. 1
  Xstif=   -40.4131(m)     Ystif=    19.8966(m)     Alf  =    45.0000(Degree)
  Xmass=   -39.5464(m)     Ymass=    18.9334(m)     Gmass(重力荷载代表值)=  1430.2512( 1330.7161)(t)
  Eex  =     0.0465        Eey  =     0.0523
  Ratx =     1.0000        Raty =     1.0000
  薄弱层地震剪力放大系数= 1.00
  Ratx1=     1.3032        Raty1=     1.3100
  Ratx2=     1.1365        Raty2=     1.1385
  RJX1 = 9.1559E+007(kN/m)  RJY1 = 1.1444E+008(kN/m)  RJZ1 = 0.0000E+000(kN/m)
  RJX3 = 3.3478E+006(kN/m)  RJY3 = 2.2030E+006(kN/m)  RJZ3 = 1.7066E+010(kN*m/Rad)
     ----------------------------------------------------------
  Floor No. 20     Tower No. 1
  Xstif=   -40.4115(m)     Ystif=    19.8863(m)     Alf  =    45.0000(Degree)
  Xmass=   -39.5464(m)     Ymass=    18.9334(m)     Gmass(重力荷载代表值)=  1430.2512( 1330.7161)(t)
  Eex  =     0.0460        Eey  =     0.0522
  Ratx =     0.9508        Raty =     0.9508
  薄弱层地震剪力放大系数= 1.00
  Ratx1=     1.2999        Raty1=     1.3093
  Ratx2=     1.1327        Raty2=     1.1363
  RJX1 = 8.7058E+007(kN/m)  RJY1 = 1.0882E+008(kN/m)  RJZ1 = 0.0000E+000(kN/m)
  RJX3 = 3.2732E+006(kN/m)  RJY3 = 2.1500E+006(kN/m)  RJZ3 = 1.6272E+010(kN*m/Rad)
     ----------------------------------------------------------
  Floor No. 21     Tower No. 1
  Xstif=   -40.4115(m)     Ystif=    19.8863(m)     Alf  =    45.0000(Degree)
  Xmass=   -39.5464(m)     Ymass=    18.9334(m)     Gmass(重力荷载代表值)=  1430.2512( 1330.7161)(t)
  Eex  =     0.0460        Eey  =     0.0522
  Ratx =     1.0000        Raty =     1.0000
  薄弱层地震剪力放大系数= 1.00
  Ratx1=     1.3038        Raty1=     1.3143
  Ratx2=     1.1328        Raty2=     1.1374
  RJX1 = 8.7058E+007(kN/m)  RJY1 = 1.0882E+008(kN/m)  RJZ1 = 0.0000E+000(kN/m)
  RJX3 = 3.2109E+006(kN/m)  RJY3 = 2.1024E+006(kN/m)  RJZ3 = 1.6272E+010(kN*m/Rad)
     ----------------------------------------------------------
  Floor No. 22     Tower No. 1
  Xstif=   -40.4115(m)     Ystif=    19.8863(m)     Alf  =    45.0000(Degree)
  Xmass=   -39.5464(m)     Ymass=    18.9334(m)     Gmass(重力荷载代表值)=  1430.2512( 1330.7161)(t)
  Eex  =     0.0460        Eey  =     0.0522
  Ratx =     1.0000        Raty =     1.0000
  薄弱层地震剪力放大系数= 1.00
  Ratx1=     1.3140        Raty1=     1.3236
  Ratx2=     1.1353        Raty2=     1.1401
  RJX1 = 8.7058E+007(kN/m)  RJY1 = 1.0882E+008(kN/m)  RJZ1 = 0.0000E+000(kN/m)
  RJX3 = 3.1495E+006(kN/m)  RJY3 = 2.0538E+006(kN/m)  RJZ3 = 1.6272E+010(kN*m/Rad)
     ----------------------------------------------------------
  Floor No. 23     Tower No. 1
  Xstif=   -40.4118(m)     Ystif=    19.8860(m)     Alf  =    45.0000(Degree)
  Xmass=   -39.5464(m)     Ymass=    18.9334(m)     Gmass(重力荷载代表值)=  1430.2512( 1330.7161)(t)
  Eex  =     0.0460        Eey  =     0.0522
  Ratx =     1.0000        Raty =     1.0000
  薄弱层地震剪力放大系数= 1.00
  Ratx1=     1.3327        Raty1=     1.3396
  Ratx2=     1.1405        Raty2=     1.1445
  RJX1 = 8.7058E+007(kN/m)  RJY1 = 1.0881E+008(kN/m)  RJZ1 = 0.0000E+000(kN/m)
  RJX3 = 3.0825E+006(kN/m)  RJY3 = 2.0016E+006(kN/m)  RJZ3 = 1.6272E+010(kN*m/Rad)
     ----------------------------------------------------------
  Floor No. 24     Tower No. 1
  Xstif=   -40.4115(m)     Ystif=    19.8863(m)     Alf  =    45.0000(Degree)
  Xmass=   -39.5464(m)     Ymass=    18.9334(m)     Gmass(重力荷载代表值)=  1430.2512( 1330.7161)(t)
  Eex  =     0.0460        Eey  =     0.0522
  Ratx =     1.0000        Raty =     1.0000
  薄弱层地震剪力放大系数= 1.00
  Ratx1=     1.3648        Raty1=     1.3680
  Ratx2=     1.1496        Raty2=     1.1521
  RJX1 = 8.7058E+007(kN/m)  RJY1 = 1.0882E+008(kN/m)  RJZ1 = 0.0000E+000(kN/m)
  RJX3 = 3.0031E+006(kN/m)  RJY3 = 1.9431E+006(kN/m)  RJZ3 = 1.6272E+010(kN*m/Rad)
     ----------------------------------------------------------
  Floor No. 25     Tower No. 1
  Xstif=   -40.4115(m)     Ystif=    19.8863(m)     Alf  =    45.0000(Degree)
  Xmass=   -39.5464(m)     Ymass=    18.9334(m)     Gmass(重力荷载代表值)=  1430.2512( 1330.7161)(t)
  Eex  =     0.0460        Eey  =     0.0522
  Ratx =     1.0000        Raty =     1.0000
  薄弱层地震剪力放大系数= 1.00
  Ratx1=     1.4194        Raty1=     1.4197
  Ratx2=     1.1652        Raty2=     1.1658
  RJX1 = 8.7058E+007(kN/m)  RJY1 = 1.0882E+008(kN/m)  RJZ1 = 0.0000E+000(kN/m)
  RJX3 = 2.9026E+006(kN/m)  RJY3 = 1.8740E+006(kN/m)  RJZ3 = 1.6272E+010(kN*m/Rad)
     ----------------------------------------------------------
  Floor No. 26     Tower No. 1
  Xstif=   -40.4115(m)     Ystif=    19.8863(m)     Alf  =    45.0000(Degree)
  Xmass=   -39.5464(m)     Ymass=    18.9334(m)     Gmass(重力荷载代表值)=  1430.2512( 1330.7161)(t)
  Eex  =     0.0460        Eey  =     0.0522
  Ratx =     1.0000        Raty =     1.0000
  薄弱层地震剪力放大系数= 1.00
  Ratx1=     1.5140        Raty1=     1.5137
  Ratx2=     1.1914        Raty2=     1.1910
  RJX1 = 8.7058E+007(kN/m)  RJY1 = 1.0882E+008(kN/m)  RJZ1 = 0.0000E+000(kN/m)
  RJX3 = 2.7679E+006(kN/m)  RJY3 = 1.7861E+006(kN/m)  RJZ3 = 1.6272E+010(kN*m/Rad)
     ----------------------------------------------------------
  Floor No. 27     Tower No. 1
  Xstif=   -40.4115(m)     Ystif=    19.8863(m)     Alf  =    45.0000(Degree)
  Xmass=   -39.5464(m)     Ymass=    18.9334(m)     Gmass(重力荷载代表值)=  1430.2512( 1330.7161)(t)
  Eex  =     0.0460        Eey  =     0.0522
  Ratx =     1.0000        Raty =     1.0000
  薄弱层地震剪力放大系数= 1.00
  Ratx1=     1.5898        Raty1=     1.5895
  Ratx2=     1.2365        Raty2=     1.2363
  RJX1 = 8.7058E+007(kN/m)  RJY1 = 1.0882E+008(kN/m)  RJZ1 = 0.0000E+000(kN/m)
  RJX3 = 2.5813E+006(kN/m)  RJY3 = 1.6663E+006(kN/m)  RJZ3 = 1.6272E+010(kN*m/Rad)
     ----------------------------------------------------------
  Floor No. 28     Tower No. 1
  Xstif=   -40.4118(m)     Ystif=    19.8860(m)     Alf  =    45.0000(Degree)
  Xmass=   -39.5464(m)     Ymass=    18.9334(m)     Gmass(重力荷载代表值)=  1430.2512( 1330.7161)(t)
  Eex  =     0.0460        Eey  =     0.0522
  Ratx =     1.0000        Raty =     1.0000
  薄弱层地震剪力放大系数= 1.00
  Ratx1=     1.6949        Raty1=     1.6965
  Ratx2=     1.3182        Raty2=     1.3195
  RJX1 = 8.7058E+007(kN/m)  RJY1 = 1.0881E+008(kN/m)  RJZ1 = 0.0000E+000(kN/m)
  RJX3 = 2.3194E+006(kN/m)  RJY3 = 1.4976E+006(kN/m)  RJZ3 = 1.6272E+010(kN*m/Rad)
     ----------------------------------------------------------
  Floor No. 29     Tower No. 1
  Xstif=   -40.4115(m)     Ystif=    19.8863(m)     Alf  =    45.0000(Degree)
  Xmass=   -39.5464(m)     Ymass=    18.9334(m)     Gmass(重力荷载代表值)=  1430.2512( 1330.7161)(t)
  Eex  =     0.0460        Eey  =     0.0522
  Ratx =     1.0000        Raty =     1.0000
  薄弱层地震剪力放大系数= 1.00
  Ratx1=     1.9168        Raty1=     1.9189
  Ratx2=     1.4909        Raty2=     1.4925
  RJX1 = 8.7058E+007(kN/m)  RJY1 = 1.0882E+008(kN/m)  RJZ1 = 0.0000E+000(kN/m)
  RJX3 = 1.9550E+006(kN/m)  RJY3 = 1.2610E+006(kN/m)  RJZ3 = 1.6272E+010(kN*m/Rad)
     ----------------------------------------------------------
  Floor No. 30     Tower No. 1
  Xstif=   -40.4115(m)     Ystif=    19.8863(m)     Alf  =    45.0000(Degree)
  Xmass=   -39.5464(m)     Ymass=    18.9334(m)     Gmass(重力荷载代表值)=  1430.2512( 1330.7161)(t)
  Eex  =     0.0460        Eey  =     0.0522
  Ratx =     1.0000        Raty =     1.0000
  薄弱层地震剪力放大系数= 1.00
  Ratx1=     2.5700        Raty1=     2.5793
  Ratx2=     1.9989        Raty2=     2.0061
  RJX1 = 8.7058E+007(kN/m)  RJY1 = 1.0882E+008(kN/m)  RJZ1 = 0.0000E+000(kN/m)
  RJX3 = 1.4570E+006(kN/m)  RJY3 = 9.3882E+005(kN/m)  RJZ3 = 1.6272E+010(kN*m/Rad)
     ----------------------------------------------------------
  Floor No. 31     Tower No. 1
  Xstif=   -40.4115(m)     Ystif=    19.8863(m)     Alf  =    45.0000(Degree)
  Xmass=   -39.5464(m)     Ymass=    18.9334(m)     Gmass(重力荷载代表值)=  1430.2512( 1330.7161)(t)
  Eex  =     0.0460        Eey  =     0.0522
  Ratx =     1.0000        Raty =     1.0000
  薄弱层地震剪力放大系数= 1.00
  Ratx1=     1.0000        Raty1=     1.0000
  Ratx2=     1.0000        Raty2=     1.0000
  RJX1 = 8.7058E+007(kN/m)  RJY1 = 1.0882E+008(kN/m)  RJZ1 = 0.0000E+000(kN/m)
  RJX3 = 8.0992E+005(kN/m)  RJY3 = 5.1997E+005(kN/m)  RJZ3 = 1.6272E+010(kN*m/Rad)
     ----------------------------------------------------------
  X方向最小刚度比:  1.0000(31层1塔)
  Y方向最小刚度比:  1.0000(31层1塔)

============================================================================
  转换层下部与上部结构的等效侧向刚度比
============================================================================
  转换层所在层号：  3    塔号：  1
  采用的楼层刚度算法:剪弯刚度算法
  转换层下部结构起止层号及高度=  1    3        9.450
  转换层上部结构起止层号及高度=  4    6        9.450
  X方向下部刚度=7.5023E+006   X方向上部刚度=6.2088E+006   X方向刚度比=    1.2083
  Y方向下部刚度=8.4548E+006   Y方向上部刚度=8.1616E+006   Y方向刚度比=    1.0359

  按层间剪力与层间位移之比方式验算侧向刚度比：X方向刚度比=    1.4055  Y方向刚度比=    1.3841

     **********************************************************
                       结构整体抗倾覆验算
     **********************************************************

               抗倾覆力矩Mr     倾覆力矩Mov    比值Mr/Mov    零应力区(%)

  层号：1   塔号：1

  X向风        1.087E+007       1.703E+005         63.81         0.00
  Y向风        4.083E+006       4.448E+005          9.18         0.00
  X地震        1.056E+007       8.618E+005         12.25         0.00
  Y地震        3.966E+006       7.976E+005          4.97         0.00

     **********************************************************
                       结构整体稳定验算
     **********************************************************

  地震:

    层号：1   塔号：1

    X向刚重比 EJd/GH**2=     7.299
    Y向刚重比 EJd/GH**2=     5.122
    该结构刚重比EJd/GH**2大于1.4，能够通过《高规》5.4.4条的整体稳定验算
    该结构刚重比EJd/GH**2大于2.7，满足《高规》5.4.1，可以不考虑重力二阶效应

  风荷载:

    层号：1   塔号：1

    X向刚重比 EJd/GH**2=     7.318
    Y向刚重比 EJd/GH**2=     4.842
    该结构刚重比EJd/GH**2大于1.4，能够通过《高规》5.4.4条的整体稳定验算
    该结构刚重比EJd/GH**2大于2.7，满足《高规》5.4.1，可以不考虑重力二阶效应

     **********************************************************
                       屈曲分析
     **********************************************************

   屈曲模态号      屈曲因子
         1          65.401
         2          65.892
         3          65.959
         4          67.759
         5          67.805
         6          87.385
         7         102.436
         8         104.259
         9         115.346
        10         122.908
     **********************************************************
                       结构抗震验算
     **********************************************************

   本工程如下楼层为薄弱层：
   层号   塔号     X向调整系数      Y向调整系数
    3      1          1.250           1.250

   本工程如下楼层进行了0.2V0调整：
   层号   塔号     X向调整系数      Y向调整系数
   30      1          2.000           2.000
   29      1          2.000           2.000
   28      1          2.000           2.000
   27      1          2.000           2.000
   26      1          2.000           1.993
   25      1          2.000           1.918
   24      1          1.931           1.853
   23      1          1.855           1.798
   22      1          1.792           1.751
   21      1          1.737           1.708
   20      1          1.700           1.682
   19      1          1.647           1.622
   18      1          1.620           1.604
   17      1          1.590           1.577
   16      1          1.564           1.554
   15      1          1.547           1.541
   14      1          1.521           1.510
   13      1          1.510           1.505
   12      1          1.500           1.500
   11      1          1.502           1.510
   10      1          1.503           1.512
    9      1          1.522           1.546
    8      1          1.554           1.597
    7      1          1.607           1.669
    6      1          1.700           1.825
    5      1          1.792           1.898
    4      1          2.000           2.000
    3      1          1.500           1.500
    2      1          2.000           2.000
    1      1          2.000           2.000

     **********************************************************
                       风振舒适度验算
     **********************************************************

   塔号：1

   按《荷载规范》附录J计算：
      X向顺风向顶点最大加速度(m/s2) = 0.025
      X向横风向顶点最大加速度(m/s2) = 0.005
      Y向顺风向顶点最大加速度(m/s2) = 0.063
      Y向横风向顶点最大加速度(m/s2) = 0.018


     **********************************************************
                              内外力平衡验算
     **********************************************************

   说明：
   恒、活荷载指本层及以上楼层恒、活荷载总值
   风荷载指本层及以上楼层风荷载总值
   注意：
   软件按构件所属楼层号统计该层内力，而外力是其上全部楼层的叠加结果
   对于地下室部分及存在越层构件、多层构件接地等情况可能会导致内外力统计结果不平衡，不会影响其它设计结果

   ----------------------------------------------------------
   1、恒、活荷载作用下轴力平衡验算(kN)：

   层号   塔号      恒载   恒载下轴力        活载   活载下轴力
   31      1     12311.8      12312.1      1990.7       1990.5
   30      1     24623.6      24624.2      3981.4       3981.0
   29      1     36935.4      36936.3      5972.1       5971.6
   28      1     49247.2      49248.4      7962.8       7962.1
   27      1     61559.0      61560.5      9953.5       9952.6
   26      1     73870.8      73872.6     11944.2      11943.1
   25      1     86182.7      86184.7     13934.9      13933.6
   24      1     98494.5      98496.8     15925.6      15924.2
   23      1    110806.3     110808.9     17916.3      17914.7
   22      1    123118.1     123121.0     19907.0      19905.2
   21      1    135429.9     135433.1     21897.8      21895.7
   20      1    147741.7     147745.2     23888.5      23886.2
   19      1    160053.5     160057.3     25879.2      25876.8
   18      1    172365.3     172369.4     27869.9      27867.3
   17      1    184677.1     184681.6     29860.6      29857.8
   16      1    196988.9     196993.6     31851.3      31848.3
   15      1    209300.8     209305.7     33842.0      33838.8
   14      1    221612.6     221617.8     35832.7      35829.4
   13      1    233924.4     233929.9     37823.4      37819.9
   12      1    246236.2     246242.0     39814.1      39810.4
   11      1    258548.0     258554.1     41804.8      41800.9
   10      1    270859.8     270866.2     43795.5      43791.4
    9      1    283171.7     283178.4     45786.2      45781.9
    8      1    295483.5     295490.3     47776.9      47772.5
    7      1    307795.3     307802.5     49767.6      49763.0
    6      1    320107.1     320114.6     51758.3      51753.5
    5      1    332418.9     332426.7     53749.0      53744.0
    4      1    344730.7     344738.7     55739.7      55734.5
    3      1    361460.2     361523.7     57588.3      57592.8
    2      1    370665.3     370728.8     58884.4      58888.9
    1      1    379870.3     379933.8     60180.4      60184.9

   ----------------------------------------------------------
   2、风荷载作用下剪力平衡验算(kN)：

   层号   塔号    X向风荷载    X向楼层剪力    Y向风荷载    Y向楼层剪力
   31      1          120.8          120.8        313.5          313.5
   30      1          239.3          239.3        621.2          621.2
   29      1          355.5          355.5        923.1          923.1
   28      1          469.5          469.5       1219.3         1219.3
   27      1          581.2          581.2       1509.8         1509.8
   26      1          690.7          690.7       1794.6         1794.6
   25      1          797.9          797.9       2073.7         2073.7
   24      1          903.0          903.0       2347.2         2347.2
   23      1         1005.8         1005.8       2614.9         2614.9
   22      1         1106.3         1106.3       2876.9         2876.9
   21      1         1204.6         1204.6       3133.2         3133.2
   20      1         1300.7         1300.7       3383.6         3383.6
   19      1         1394.4         1394.4       3628.3         3628.3
   18      1         1485.8         1485.8       3866.9         3866.9
   17      1         1574.9         1574.9       4099.6         4099.6
   16      1         1661.6         1661.6       4326.1         4326.1
   15      1         1745.9         1745.9       4546.4         4546.4
   14      1         1827.7         1827.7       4760.3         4760.3
   13      1         1906.9         1906.9       4967.6         4967.6
   12      1         1983.5         1983.5       5168.2         5168.2
   11      1         2057.4         2057.4       5361.7         5361.7
   10      1         2128.5         2128.5       5548.0         5548.0
    9      1         2196.6         2196.6       5726.6         5726.6
    8      1         2261.5         2261.5       5897.2         5897.2
    7      1         2323.2         2323.2       6059.2         6059.2
    6      1         2381.3         2381.3       6211.9         6211.9
    5      1         2435.6         2435.6       6354.6         6354.6
    4      1         2485.5         2485.5       6486.0         6485.9
    3      1         2530.9         2755.5       6605.9         6217.4
    2      1         2574.8         2574.8       6721.8         6721.8
    1      1         2616.7         2616.7       6833.0         6833.0

     **********************************************************
                       楼层抗剪承载力验算
     **********************************************************

  Ratio_X,Ratio_Y: 表示本层与上一层的承载力之比

  层号   塔号    X向承载力    Y向承载力   Ratio_X    Ratio_Y
   31     1     3.3298E+004  4.1163E+004    1.00       1.00
   30     1     3.3776E+004  4.1739E+004    1.01       1.01
   29     1     3.4326E+004  4.2356E+004    1.02       1.01
   28     1     3.4794E+004  4.2967E+004    1.01       1.01
   27     1     3.5352E+004  4.3567E+004    1.02       1.01
   26     1     3.5930E+004  4.4156E+004    1.02       1.01
   25     1     3.6467E+004  4.4738E+004    1.01       1.01
   24     1     3.6909E+004  4.5315E+004    1.01       1.01
   23     1     3.7440E+004  4.5894E+004    1.01       1.01
   22     1     3.7964E+004  4.6454E+004    1.01       1.01
   21     1     3.8480E+004  4.7022E+004    1.01       1.01
   20     1     3.8983E+004  4.7598E+004    1.01       1.01
   19     1     4.1880E+004  5.1182E+004    1.07       1.08
   18     1     4.2363E+004  5.1741E+004    1.01       1.01
   17     1     4.2861E+004  5.2276E+004    1.01       1.01
   16     1     4.3335E+004  5.2826E+004    1.01       1.01
   15     1     4.3822E+004  5.3406E+004    1.01       1.01
   14     1     4.6779E+004  5.7053E+004    1.07       1.07
   13     1     4.7305E+004  5.7639E+004    1.01       1.01
   12     1     4.7847E+004  5.8267E+004    1.01       1.01
   11     1     4.8356E+004  5.8912E+004    1.01       1.01
   10     1     5.1019E+004  6.2244E+004    1.06       1.06
    9     1     5.1575E+004  6.2980E+004    1.01       1.01
    8     1     5.2121E+004  6.3440E+004    1.01       1.01
    7     1     5.2522E+004  6.3772E+004    1.01       1.01
    6     1     5.2761E+004  6.3977E+004    1.00       1.00
    5     1     6.6866E+004  8.1721E+004    1.27       1.28
    4     1     6.9890E+004  8.4818E+004    1.05       1.04
    3     1     1.3287E+005  1.4796E+005    1.90       1.74
    2     1     1.0782E+005  1.2167E+005    0.81       0.82
    1     1     1.0501E+005  1.1717E+005    0.97       0.96
