     **********************************************************
                              周期、地震力与振型输出文件
     **********************************************************

  考虑扭转耦联时的振动周期(秒)、X,Y 方向的平动系数、扭转系数

  振型号    周期      转角       平动系数(X+Y)     扭转系数(Z)(强制刚性楼板模型)

     1     0.6994   177.73      1.00(0.99+0.00)      0.00
     2     0.6001    86.93      0.96(0.00+0.96)      0.04
     3     0.4562    92.81      0.18(0.00+0.17)      0.82
     4     0.1992   178.87      1.00(1.00+0.00)      0.00
     5     0.1591    88.46      0.83(0.00+0.83)      0.17
     6     0.1303    81.90      0.28(0.02+0.26)      0.72
     7     0.1050   176.36      0.98(0.98+0.01)      0.02
     8     0.0749    91.35      0.78(0.09+0.70)      0.22
     9     0.0734    10.56      0.31(0.23+0.08)      0.69
    10     0.0694     3.53      0.71(0.69+0.02)      0.29
    11     0.0570    94.96      0.48(0.06+0.41)      0.52
    12     0.0504   177.29      0.95(0.87+0.07)      0.05
    13     0.0450    85.19      0.59(0.14+0.45)      0.41
    14     0.0392    13.65      0.78(0.56+0.22)      0.22

  地震作用最大的方向 = 0.683°

  振型号    周期      转角       平动系数(X+Y)     扭转系数(Z)
     1     0.6994   177.73      1.00(0.99+0.00)      0.00
     2     0.6001    86.93      0.96(0.00+0.96)      0.04
     3     0.4562    92.81      0.18(0.00+0.17)      0.82
     4     0.1992   178.87      1.00(1.00+0.00)      0.00
     5     0.1591    88.46      0.83(0.00+0.83)      0.17
     6     0.1303    81.90      0.28(0.02+0.26)      0.72
     7     0.1050   176.36      0.98(0.98+0.01)      0.02
     8     0.0749    91.36      0.78(0.09+0.70)      0.22
     9     0.0734    10.52      0.31(0.23+0.08)      0.69
    10     0.0694     3.53      0.71(0.69+0.02)      0.29
    11     0.0570    94.96      0.48(0.06+0.41)      0.52
    12     0.0504   177.29      0.95(0.87+0.07)      0.05
    13     0.0450    85.22      0.59(0.14+0.45)      0.41
    14     0.0392    13.55      0.79(0.56+0.22)      0.21

  (Z向扭转质量系数只在强制刚性板下有意义，对于非强制刚性板下的计算结果仅供参考)
  振型号   X向平动质量系数%(sum)   Y向平动质量系数%(sum)   Z向扭转质量系数%(sum)
     1        64.27( 64.27)            0.09(  0.09)            0.29(  0.29)
     2         0.16( 64.43)           60.55( 60.64)            2.41(  2.69)
     3         0.09( 64.52)            4.81( 65.45)           55.41( 58.11)
     4        12.10( 76.62)            0.01( 65.46)            0.01( 58.11)
     5         0.01( 76.63)           13.09( 78.55)           10.28( 68.40)
     6         0.21( 76.84)            3.85( 82.40)           13.71( 82.11)
     7         4.35( 81.19)            0.04( 82.44)            0.32( 82.43)
     8         0.44( 81.63)            5.93( 88.37)            0.26( 82.69)
     9         1.19( 82.82)            0.70( 89.07)            3.36( 86.05)
    10         1.90( 84.72)            0.21( 89.28)            1.32( 87.38)
    11         0.25( 84.97)            3.10( 92.38)            1.82( 89.19)
    12         3.65( 88.62)            0.42( 92.80)            0.02( 89.21)
    13         0.04( 88.66)            2.60( 95.39)            4.93( 94.14)
    14         3.47( 92.13)            1.16( 96.56)            0.05( 94.19)

   X向平动振型参与质量系数总计:    92.13%
   Y向平动振型参与质量系数总计:    96.56%

  第1扭转周期(0.4562)/第1平动周期(0.6994) = 0.65

  地震作用最大的方向 = 0.682°

    振型号       阻尼比
       1         0.050
       2         0.050
       3         0.050
       4         0.050
       5         0.050
       6         0.050
       7         0.050
       8         0.050
       9         0.050
      10         0.050
      11         0.050
      12         0.050
      13         0.050
      14         0.050

   **********************************************************
   仅考虑 X 向地震作用时的地震力(采用非强制刚性楼板假定模型计算结果)
   Floor : 层号
   Tower : 塔号
   F-x-x : X 方向的耦联地震力在 X 方向的分量
   F-x-y : X 方向的耦联地震力在 Y 方向的分量
   F-x-t : X 方向的耦联地震力的扭矩

   振型 1 的地震力
   -------------------------------------------------------
   Floor     Tower       F-x-x         F-x-y         F-x-t
                         (kN)          (kN)         (kN-m)
     8         1        134.11        -11.23        -37.81
     7         1        216.70         -5.59       -185.95
     6         1        168.83         -4.84       -147.98
     5         1        135.48         -3.74       -122.68
     4         1         98.79         -2.66        -97.43
     3         1         61.18         -1.65        -72.78
     2         1         26.54         -0.80        -48.29
     1         1          4.69         -0.34        -35.11
   振型 2 的地震力
   -------------------------------------------------------
   Floor     Tower       F-x-x         F-x-y         F-x-t
                         (kN)          (kN)         (kN-m)
     8         1          0.42          8.92          7.29
     7         1          0.66         11.66         35.23
     6         1          0.52          8.93         26.91
     5         1          0.41          7.01         21.35
     4         1          0.28          5.06         15.66
     3         1          0.15          3.19         10.15
     2         1          0.03          1.56          5.23
     1         1         -0.06          0.68          2.47
   振型 3 的地震力
   -------------------------------------------------------
   Floor     Tower       F-x-x         F-x-y         F-x-t
                         (kN)          (kN)         (kN-m)
     8         1          0.55          3.21         31.95
     7         1          0.75         -5.16        155.11
     6         1          0.49         -3.43        120.39
     5         1          0.32         -2.77         97.05
     4         1          0.14         -2.06         72.42
     3         1         -0.05         -1.33         47.76
     2         1         -0.20         -0.66         25.11
     1         1         -0.33         -0.29         12.20
   振型 4 的地震力
   -------------------------------------------------------
   Floor     Tower       F-x-x         F-x-y         F-x-t
                         (kN)          (kN)         (kN-m)
     8         1       -106.73          3.54          1.09
     7         1        -80.38         -0.80         75.08
     6         1         21.12         -1.46         56.58
     5         1         99.09         -2.15         23.41
     4         1        135.98         -2.27        -19.08
     3         1        121.14         -1.87        -57.57
     2         1         65.77         -1.13        -76.74
     1         1         14.28         -0.61        -92.21
   振型 5 的地震力
   -------------------------------------------------------
   Floor     Tower       F-x-x         F-x-y         F-x-t
                         (kN)          (kN)         (kN-m)
     8         1          0.13          2.26          1.99
     7         1          0.00          1.13          1.95
     6         1         -0.09         -0.66         -8.94
     5         1         -0.12         -1.85        -15.21
     4         1         -0.07         -2.38        -17.36
     3         1          0.02         -2.17        -15.25
     2         1          0.10         -1.40        -10.02
     1         1          0.16         -0.80         -6.06
   振型 6 的地震力
   -------------------------------------------------------
   Floor     Tower       F-x-x         F-x-y         F-x-t
                         (kN)          (kN)         (kN-m)
     8         1          2.10          1.61         72.94
     7         1         -0.35        -10.77        167.29
     6         1         -2.16         -1.96         -3.69
     5         1         -1.94          4.28       -121.51
     4         1         -0.14          8.19       -189.83
     3         1          1.85          8.71       -193.34
     2         1          2.63          6.15       -139.84
     1         1          2.65          3.77        -91.97
   振型 7 的地震力
   -------------------------------------------------------
   Floor     Tower       F-x-x         F-x-y         F-x-t
                         (kN)          (kN)         (kN-m)
     8         1         66.02         -4.80        -37.38
     7         1        -25.20          6.96       -116.58
     6         1        -69.64          3.11         34.04
     5         1        -45.56         -0.34        131.79
     4         1         23.42         -3.32        166.57
     3         1         72.32         -4.54        129.91
     2         1         58.08         -3.63         51.72
     1         1         14.82         -2.44        -19.46
   振型 8 的地震力
   -------------------------------------------------------
   Floor     Tower       F-x-x         F-x-y         F-x-t
                         (kN)          (kN)         (kN-m)
     8         1         -4.00        -13.69         41.97
     7         1          5.90          5.03         48.10
     6         1          2.59         14.47        118.35
     5         1         -3.77         10.62         85.52
     4         1         -4.69         -2.21        -11.88
     3         1          1.20        -14.00       -105.62
     2         1          5.60        -16.09       -131.93
     1         1          5.15        -13.61       -125.69
   振型 9 的地震力
   -------------------------------------------------------
   Floor     Tower       F-x-x         F-x-y         F-x-t
                         (kN)          (kN)         (kN-m)
     8         1         -9.37          6.84       -284.23
     7         1         15.39         -1.62         57.08
     6         1          6.23         -7.81        209.84
     5         1        -11.95         -6.31        171.76
     4         1        -12.55          0.78          6.26
     3         1          5.65          7.67       -170.62
     2         1         16.42          9.13       -234.53
     1         1         11.82          7.87       -237.35
   振型 10 的地震力
   -------------------------------------------------------
   Floor     Tower       F-x-x         F-x-y         F-x-t
                         (kN)          (kN)         (kN-m)
     8         1        -22.83          4.02        187.80
     7         1         36.84          0.55       -128.50
     6         1         10.62         -5.24       -231.79
     5         1        -28.41         -5.05       -125.71
     4         1        -22.05         -0.32         75.87
     3         1         19.72          4.96        222.51
     2         1         32.26          6.50        218.96
     1         1          7.58          5.88        153.73
   振型 11 的地震力
   -------------------------------------------------------
   Floor     Tower       F-x-x         F-x-y         F-x-t
                         (kN)          (kN)         (kN-m)
     8         1          1.30         -2.90         64.82
     7         1         -3.20          9.46       -118.51
     6         1          0.89         -1.66         30.49
     5         1          3.05         -7.69        103.24
     4         1         -0.87         -4.99         68.74
     3         1         -3.05          3.36        -37.12
     2         1          0.83          8.73       -112.76
     1         1          5.14         10.07       -144.80
   振型 12 的地震力
   -------------------------------------------------------
   Floor     Tower       F-x-x         F-x-y         F-x-t
                         (kN)          (kN)         (kN-m)
     8         1         15.18          8.07        -11.21
     7         1        -45.75        -13.99          4.46
     6         1         31.49         -3.95       -177.61
     5         1         30.51          8.38        -93.89
     4         1        -40.50         10.26        116.09
     3         1        -18.84         -0.55        190.85
     2         1         48.34        -11.32         56.68
     1         1         36.54        -16.21       -139.94
   振型 13 的地震力
   -------------------------------------------------------
   Floor     Tower       F-x-x         F-x-y         F-x-t
                         (kN)          (kN)         (kN-m)
     8         1         -0.50          2.13          5.42
     7         1          1.72         -2.19        -37.41
     6         1         -1.70         -2.52        -30.30
     5         1         -0.55          0.90         16.14
     4         1          2.07          3.15         42.20
     3         1         -0.58          1.08         14.87
     2         1         -1.77         -2.59        -32.85
     1         1          1.94         -4.94        -69.13
   振型 14 的地震力
   -------------------------------------------------------
   Floor     Tower       F-x-x         F-x-y         F-x-t
                         (kN)          (kN)         (kN-m)
     8         1         -5.19         -2.64        -48.80
     7         1         22.07         -8.86        276.13
     6         1        -31.59         18.99       -155.78
     5         1         11.21          8.99       -254.90
     4         1         21.14        -16.45         45.49
     3         1        -30.77        -16.10        298.46
     2         1         10.01         10.16        100.23
     1         1         53.08         34.82       -337.68
   各振型作用下 X 方向的基底剪力
   -------------------------------------------------------
   层号：  1    塔号：  1
            振型号       剪力(kN)
               1          846.32
               2            2.42
               3            1.68
               4          270.26
               5            0.12
               6            4.65
               7           94.25
               8            7.99
               9           21.64
              10           33.74
              11            4.08
              12           56.96
              13            0.64
              14           49.96

   各层 X 方向的作用力(CQC)
   Floor    : 层号
   Tower    : 塔号
   Fx       : X 向地震作用下结构的地震反应力
   Vx       : X 向地震作用下结构的楼层剪力
   Mx       : X 向地震作用下结构的弯矩
   Static Fx: 静力法 X 向的地震力
   ----------------------------------------------------------------------
   Floor     Tower        Fx           Vx (分塔剪重比)      Mx        Static Fx
                         (kN)         (kN)                 (kN-m)         (kN)
     8         1        185.63       185.63( 4.559%)       547.62        127.65
     7         1        242.49       400.72( 3.495%)      1697.92        205.28
     6         1        189.15       547.56( 3.009%)      3263.83        162.67
     5         1        181.62       663.93( 2.663%)      5135.41        138.50
     4         1        179.46       761.10( 2.404%)      7250.50        114.32
     3         1        162.35       839.76( 2.187%)      9564.85         90.15
     2         1        121.49       887.27( 1.966%)     12021.31         65.97
     1         1         79.81       903.33( 1.618%)     16427.37          0.00

       抗震规范(5.2.5)条要求的X向楼层最小剪重比 =   0.80%

   **********************************************************
   仅考虑 Y 向地震作用时的地震力(采用非强制刚性楼板假定模型计算结果)
   Floor : 层号
   Tower : 塔号
   F-y-x : Y 方向的耦联地震力在 X 方向的分量
   F-y-y : Y 方向的耦联地震力在 Y 方向的分量
   F-y-t : Y 方向的耦联地震力的扭矩

   振型 1 的地震力
   -------------------------------------------------------
   Floor     Tower       F-y-x         F-y-y         F-y-t
                         (kN)          (kN)         (kN-m)
     8         1         -4.89          0.41          1.38
     7         1         -7.90          0.20          6.78
     6         1         -6.15          0.18          5.39
     5         1         -4.94          0.14          4.47
     4         1         -3.60          0.10          3.55
     3         1         -2.23          0.06          2.65
     2         1         -0.97          0.03          1.76
     1         1         -0.17          0.01          1.28
   振型 2 的地震力
   -------------------------------------------------------
   Floor     Tower       F-y-x         F-y-y         F-y-t
                         (kN)          (kN)         (kN-m)
     8         1          8.22        173.69        141.84
     7         1         12.81        227.01        685.74
     6         1         10.07        173.72        523.74
     5         1          8.01        136.50        415.49
     4         1          5.54         98.57        304.69
     3         1          2.92         62.13        197.48
     2         1          0.55         30.42        101.83
     1         1         -1.11         13.18         47.98
   振型 3 的地震力
   -------------------------------------------------------
   Floor     Tower       F-y-x         F-y-y         F-y-t
                         (kN)          (kN)         (kN-m)
     8         1         -4.09        -23.88       -238.01
     7         1         -5.62         38.47      -1155.33
     6         1         -3.66         25.51       -896.72
     5         1         -2.39         20.65       -722.84
     4         1         -1.03         15.32       -539.42
     3         1          0.37          9.88       -355.70
     2         1          1.49          4.94       -187.05
     1         1          2.44          2.20        -90.86
   振型 4 的地震力
   -------------------------------------------------------
   Floor     Tower       F-y-x         F-y-y         F-y-t
                         (kN)          (kN)         (kN-m)
     8         1          2.67         -0.09         -0.03
     7         1          2.01          0.02         -1.88
     6         1         -0.53          0.04         -1.42
     5         1         -2.48          0.05         -0.59
     4         1         -3.40          0.06          0.48
     3         1         -3.03          0.05          1.44
     2         1         -1.65          0.03          1.92
     1         1         -0.36          0.02          2.31
   振型 5 的地震力
   -------------------------------------------------------
   Floor     Tower       F-y-x         F-y-y         F-y-t
                         (kN)          (kN)         (kN-m)
     8         1         -6.50       -112.89        -99.07
     7         1         -0.20        -56.08        -97.36
     6         1          4.57         32.71        445.38
     5         1          6.05         92.37        758.11
     4         1          3.70        118.73        865.50
     3         1         -0.87        108.12        759.96
     2         1         -4.86         69.75        499.57
     1         1         -7.76         39.71        301.94
   振型 6 的地震力
   -------------------------------------------------------
   Floor     Tower       F-y-x         F-y-y         F-y-t
                         (kN)          (kN)         (kN-m)
     8         1          9.05          6.90        313.61
     7         1         -1.49        -46.30        719.24
     6         1         -9.27         -8.43        -15.85
     5         1         -8.35         18.39       -522.38
     4         1         -0.62         35.22       -816.12
     3         1          7.95         37.44       -831.22
     2         1         11.30         26.46       -601.22
     1         1         11.41         16.21       -395.41
   振型 7 的地震力
   -------------------------------------------------------
   Floor     Tower       F-y-x         F-y-y         F-y-t
                         (kN)          (kN)         (kN-m)
     8         1         -6.31          0.46          3.57
     7         1          2.41         -0.67         11.14
     6         1          6.66         -0.30         -3.25
     5         1          4.35          0.03        -12.60
     4         1         -2.24          0.32        -15.92
     3         1         -6.91          0.43        -12.42
     2         1         -5.55          0.35         -4.94
     1         1         -1.42          0.23          1.86
   振型 8 的地震力
   -------------------------------------------------------
   Floor     Tower       F-y-x         F-y-y         F-y-t
                         (kN)          (kN)         (kN-m)
     8         1         14.75         50.50       -154.76
     7         1        -21.77        -18.53       -177.39
     6         1         -9.55        -53.38       -436.45
     5         1         13.89        -39.17       -315.39
     4         1         17.28          8.16         43.80
     3         1         -4.44         51.61        389.51
     2         1        -20.65         59.32        486.53
     1         1        -18.98         50.19        463.51
   振型 9 的地震力
   -------------------------------------------------------
   Floor     Tower       F-y-x         F-y-y         F-y-t
                         (kN)          (kN)         (kN-m)
     8         1         -7.17          5.23       -217.30
     7         1         11.76         -1.24         43.64
     6         1          4.76         -5.97        160.43
     5         1         -9.13         -4.82        131.31
     4         1         -9.59          0.60          4.78
     3         1          4.32          5.87       -130.44
     2         1         12.55          6.98       -179.30
     1         1          9.04          6.01       -181.46
   振型 10 的地震力
   -------------------------------------------------------
   Floor     Tower       F-y-x         F-y-y         F-y-t
                         (kN)          (kN)         (kN-m)
     8         1         -7.65          1.35         62.91
     7         1         12.34          0.18        -43.05
     6         1          3.56         -1.76        -77.65
     5         1         -9.52         -1.69        -42.11
     4         1         -7.39         -0.11         25.42
     3         1          6.61          1.66         74.54
     2         1         10.81          2.18         73.35
     1         1          2.54          1.97         51.50
   振型 11 的地震力
   -------------------------------------------------------
   Floor     Tower       F-y-x         F-y-y         F-y-t
                         (kN)          (kN)         (kN-m)
     8         1          4.59        -10.23        228.36
     7         1        -11.27         33.32       -417.52
     6         1          3.12         -5.85        107.43
     5         1         10.74        -27.08        363.72
     4         1         -3.08        -17.59        242.17
     3         1        -10.75         11.82       -130.78
     2         1          2.93         30.76       -397.26
     1         1         18.10         35.48       -510.15
   振型 12 的地震力
   -------------------------------------------------------
   Floor     Tower       F-y-x         F-y-y         F-y-t
                         (kN)          (kN)         (kN-m)
     8         1         -5.15         -2.74          3.80
     7         1         15.51          4.74         -1.51
     6         1        -10.67          1.34         60.21
     5         1        -10.34         -2.84         31.83
     4         1         13.73         -3.48        -39.35
     3         1          6.39          0.19        -64.70
     2         1        -16.39          3.84        -19.21
     1         1        -12.39          5.50         47.44
   振型 13 的地震力
   -------------------------------------------------------
   Floor     Tower       F-y-x         F-y-y         F-y-t
                         (kN)          (kN)         (kN-m)
     8         1          3.91        -16.63        -42.37
     7         1        -13.48         17.13        292.60
     6         1         13.31         19.69        236.99
     5         1          4.28         -7.06       -126.22
     4         1        -16.15        -24.63       -330.07
     3         1          4.55         -8.41       -116.28
     2         1         13.80         20.25        256.90
     1         1        -15.20         38.65        540.67
   振型 14 的地震力
   -------------------------------------------------------
   Floor     Tower       F-y-x         F-y-y         F-y-t
                         (kN)          (kN)         (kN-m)
     8         1         -3.00         -1.53        -28.23
     7         1         12.77         -5.13        159.73
     6         1        -18.27         10.99        -90.11
     5         1          6.48          5.20       -147.44
     4         1         12.23         -9.51         26.32
     3         1        -17.80         -9.31        172.65
     2         1          5.79          5.87         57.97
     1         1         30.70         20.14       -195.33
   各振型作用下 Y 方向的基底剪力
   -------------------------------------------------------
   层号：  1    塔号：  1
            振型号       剪力(kN)
               1            1.12
               2          915.22
               3           93.08
               4            0.17
               5          292.43
               6           85.89
               7            0.86
               8          108.70
               9           12.65
              10            3.79
              11           50.65
              12            6.55
              13           39.01
              14           16.72

   各层 Y 方向的作用力(CQC)
   Floor    : 层号
   Tower    : 塔号
   Fy       : Y 向地震作用下结构的地震反应力
   Vy       : Y 向地震作用下结构的楼层剪力
   My       : Y 向地震作用下结构的弯矩
   Static Fy: 静力法 Y 向的地震力
   ------------------------------------------------------------------------------------------
   Floor     Tower        Fy           Vy (分塔剪重比)      My        Static Fy
                         (kN)         (kN)                 (kN-m)         (kN)
     8         1        213.41       213.41( 5.242%)       629.55        127.65
     7         1        251.26       442.97( 3.863%)      1912.73        205.28
     6         1        192.80       601.04( 3.303%)      3643.53        162.67
     5         1        180.04       726.38( 2.914%)      5710.61        138.50
     4         1        169.96       828.83( 2.618%)      8042.53        114.32
     3         1        151.91       908.92( 2.368%)     10581.97         90.15
     2         1        121.44       962.16( 2.132%)     13269.38         65.97
     1         1        105.50       999.37( 1.790%)     18130.57          0.00

       抗震规范(5.2.5)条要求的Y向楼层最小剪重比 =   0.80%

 ==========各楼层地震剪力系数调整情况 [抗震规范(5.2.5)验算]==========

   层号     塔号     X向调整系数      Y向调整系数      调整后X向剪力      调整后Y向剪力
    2        1          1.000            1.000           887.27             962.16
    3        1          1.000            1.000           839.76             908.92
    4        1          1.000            1.000           761.10             828.83
    5        1          1.000            1.000           663.93             726.38
    6        1          1.000            1.000           547.56             601.04
    7        1          1.000            1.000           400.72             442.97
    8        1          1.000            1.000           185.63             213.41

