     **********************************************************
                                     位移输出文件
     **********************************************************

     采用强制刚性楼板假定模型计算结果
     单位    : mm

     Floor   : 层号
     Tower   : 塔号
     Jmax    : 最大位移对应的节点号
     JmaxD   : 最大层间位移对应的节点号
     Max-(Z) : Z方向的节点最大位移
     h       : 层高
     Max-(X)，Max-(Y)   : X,Y方向的节点最大位移
     Ave-(X)，Ave-(Y)   : X,Y方向的层平均位移
     Max-Dx ，Max-Dy    : X,Y方向的最大层间位移
     Ave-Dx ，Ave-Dy    : X,Y方向的平均层间位移
     Ratio-(X),Ratio-(Y): 最大位移与层平均位移的比值
     Ratio-Dx,Ratio-Dy  : 最大层间位移与平均层间位移的比值
     Max-Dx/h，Max-Dy/h : X,Y方向的最大层间位移角
     DxR/Dx,DyR/Dy      : X,Y方向的有害位移角占总位移角的百分比例
     Ratio_AX,Ratio_AY  : 本层位移角与上层位移角的1.3倍及上三层平均位移角的1.2倍的比值的大者
     X-Disp，Y-Disp，Z-Disp:节点X,Y,Z方向的位移

  === 工况18 === X 方向地震作用下的楼层最大位移

  Floor  Tower    Jmax     Max-(X)   Ave-(X)        h
                  JmaxD    Max-Dx    Ave-Dx     Max-Dx/h    DxR/Dx    Ratio_AX

    8     1     8000089      4.21     4.11         2950
                8000071      0.49     0.48       1/6014     13.11%    1.00
    7     1     7000181      3.74     3.65         2950
                7000001      0.56     0.54       1/5302     15.27%    0.87
    6     1     6000001      3.20     3.12         2950
                6000181      0.64     0.63       1/4605      8.56%    1.02
    5     1     5000001      2.58     2.51         2950
                5000001      0.69     0.68       1/4249      2.23%    1.03
    4     1     4000001      1.89     1.84         2950
                4000181      0.71     0.70       1/4161      7.16%    0.94
    3     1     3000181      1.19     1.15         2950
                3000001      0.66     0.65       1/4476     31.01%    0.81
    2     1     2000001      0.53     0.50         2950
                2000100      0.46     0.45       1/6409     92.36%    0.55
    1     1     1000181      0.07     0.06         5100
                1000181      0.07     0.06       1/9999    100.00%    0.06

  X向最大层间位移角：  1/4161  (4层1塔)

  === 工况19 === X 双向地震作用下的楼层最大位移

  Floor  Tower    Jmax     Max-(X)   Ave-(X)        h
                  JmaxD    Max-Dx    Ave-Dx     Max-Dx/h    DxR/Dx    Ratio_AX

    8     1     8000089      4.22     4.12         2950
                8000089      0.49     0.48       1/5996     13.08%    1.00
    7     1     7000001      3.75     3.66         2950
                7000181      0.56     0.55       1/5283     15.20%    0.87
    6     1     6000181      3.21     3.13         2950
                6000001      0.64     0.63       1/4593      8.55%    1.02
    5     1     5000181      2.58     2.52         2950
                5000001      0.70     0.68       1/4240      2.22%    1.03
    4     1     4000001      1.90     1.85         2950
                4000181      0.71     0.70       1/4153      7.16%    0.94
    3     1     3000181      1.19     1.15         2950
                3000181      0.66     0.65       1/4468     30.99%    0.81
    2     1     2000001      0.54     0.51         2950
                2000100      0.46     0.45       1/6387     91.98%    0.55
    1     1     1000181      0.08     0.06         5100
                1000181      0.08     0.06       1/9999    100.00%    0.06

  X向最大层间位移角：  1/4153  (4层1塔)

  === 工况13 === X+ 偶然偏心地震作用下的楼层最大位移

  Floor  Tower    Jmax     Max-(X)   Ave-(X)        h
                  JmaxD    Max-Dx    Ave-Dx     Max-Dx/h    DxR/Dx    Ratio_AX

    8     1     8000071      4.26     4.12         2950
                8000089      0.50     0.48       1/5915     13.12%    1.00
    7     1     7000001      3.79     3.66         2950
                7000001      0.56     0.54       1/5239     15.32%    0.87
    6     1     6000181      3.24     3.13         2950
                6000181      0.65     0.63       1/4554      8.55%    1.02
    5     1     5000001      2.61     2.52         2950
                5000001      0.70     0.68       1/4204      2.21%    1.03
    4     1     4000001      1.92     1.84         2950
                4000181      0.72     0.70       1/4119      7.15%    0.94
    3     1     3000001      1.20     1.15         2950
                3000181      0.67     0.65       1/4431     30.90%    0.81
    2     1     2000181      0.54     0.51         2950
                2000100      0.47     0.45       1/6330     92.13%    0.55
    1     1     1000181      0.07     0.06         5100
                1000181      0.07     0.06       1/9999    100.00%    0.06

  X向最大层间位移角：  1/4119  (4层1塔)

  === 工况14 === X- 偶然偏心地震作用下的楼层最大位移

  Floor  Tower    Jmax     Max-(X)   Ave-(X)        h
                  JmaxD    Max-Dx    Ave-Dx     Max-Dx/h    DxR/Dx    Ratio_AX

    8     1     8000071      4.16     4.10         2950
                8000071      0.48     0.48       1/6115     13.10%    1.00
    7     1     7000181      3.70     3.64         2950
                7000001      0.55     0.54       1/5366     15.22%    0.87
    6     1     6000001      3.17     3.11         2950
                6000181      0.63     0.63       1/4656      8.57%    1.02
    5     1     5000181      2.55     2.50         2950
                5000001      0.69     0.68       1/4295      2.25%    1.03
    4     1     4000001      1.87     1.83         2950
                4000001      0.70     0.69       1/4204      7.16%    0.94
    3     1     3000181      1.17     1.14         2950
                3000181      0.65     0.64       1/4522     31.11%    0.81
    2     1     2000001      0.52     0.50         2950
                2000100      0.45     0.44       1/6491     92.60%    0.55
    1     1     1000001      0.07     0.06         5100
                1000001      0.07     0.06       1/9999    100.00%    0.06

  X向最大层间位移角：  1/4204  (4层1塔)

  === 工况20 === Y 方向地震作用下的楼层最大位移

  Floor  Tower    Jmax     Max-(Y)   Ave-(Y)        h
                  JmaxD    Max-Dy    Ave-Dy     Max-Dy/h    DyR/Dy    Ratio_AY

    8     1     8000036      4.47     3.91         2950
                8000036      0.62     0.55       1/4722      8.30%    1.00
    7     1     7000128      3.86     3.08         2950
                7000132      0.68     0.53       1/4365      3.77%    0.71
    6     1     6000128      3.20     2.56         2950
                6000132      0.68     0.55       1/4320      1.57%    0.83
    5     1     5000128      2.52     2.02         2950
                5000128      0.69     0.56       1/4262      3.79%    0.84
    4     1     4000128      1.84     1.47         2950
                4000132      0.67     0.54       1/4430     12.34%    0.82
    3     1     3000128      1.18     0.94         2950
                3000128      0.59     0.47       1/5025     29.09%    0.72
    2     1     2000132      0.59     0.47         2950
                2000128      0.42     0.34       1/6954     77.61%    0.55
    1     1     1000132      0.17     0.13         5100
                1000132      0.17     0.13       1/9999    100.00%    0.17

  Y向最大层间位移角：  1/4262  (5层1塔)

  === 工况21 === Y 双向地震作用下的楼层最大位移

  Floor  Tower    Jmax     Max-(Y)   Ave-(Y)        h
                  JmaxD    Max-Dy    Ave-Dy     Max-Dy/h    DyR/Dy    Ratio_AY

    8     1     8000040      4.49     3.92         2950
                8000036      0.63     0.56       1/4701      8.34%    1.00
    7     1     7000132      3.88     3.10         2950
                7000128      0.68     0.54       1/4347      3.78%    0.71
    6     1     6000128      3.21     2.58         2950
                6000128      0.69     0.55       1/4301      1.56%    0.83
    5     1     5000132      2.54     2.04         2950
                5000128      0.70     0.56       1/4244      3.79%    0.84
    4     1     4000128      1.85     1.49         2950
                4000132      0.67     0.54       1/4410     12.31%    0.82
    3     1     3000128      1.19     0.95         2950
                3000132      0.59     0.47       1/5000     28.93%    0.72
    2     1     2000128      0.60     0.48         2950
                2000128      0.43     0.34       1/6891     77.24%    0.55
    1     1     1000132      0.17     0.14         5100
                1000132      0.17     0.14       1/9999    100.00%    0.18

  Y向最大层间位移角：  1/4244  (5层1塔)

  === 工况15 === Y+ 偶然偏心地震作用下的楼层最大位移

  Floor  Tower    Jmax     Max-(Y)   Ave-(Y)        h
                  JmaxD    Max-Dy    Ave-Dy     Max-Dy/h    DyR/Dy    Ratio_AY

    8     1     8000036      4.03     3.70         2950
                8000036      0.57     0.53       1/5187      3.19%    1.00
    7     1     7000128      3.48     3.08         2950
                7000128      0.62     0.54       1/4774      3.11%    0.74
    6     1     6000132      2.87     2.56         2950
                6000132      0.62     0.55       1/4746      1.44%    0.85
    5     1     5000128      2.26     2.02         2950
                5000132      0.63     0.56       1/4710      3.87%    0.85
    4     1     4000128      1.64     1.47         2950
                4000128      0.60     0.53       1/4924     12.40%    0.82
    3     1     3000132      1.05     0.93         2950
                3000132      0.52     0.47       1/5620     29.14%    0.71
    2     1     2000128      0.52     0.47         2950
                2000132      0.38     0.34       1/7853     77.64%    0.55
    1     1     1000132      0.15     0.13         5100
                1000132      0.15     0.13       1/9999    100.00%    0.17

  Y向最大层间位移角：  1/4710  (5层1塔)

  === 工况16 === Y- 偶然偏心地震作用下的楼层最大位移

  Floor  Tower    Jmax     Max-(Y)   Ave-(Y)        h
                  JmaxD    Max-Dy    Ave-Dy     Max-Dy/h    DyR/Dy    Ratio_AY

    8     1     8000040      4.91     4.12         2950
                8000040      0.68     0.58       1/4330     12.96%    1.00
    7     1     7000132      4.24     3.09         2950
                7000132      0.73     0.53       1/4017      4.44%    0.67
    6     1     6000132      3.52     2.57         2950
                6000128      0.74     0.55       1/3961      1.70%    0.81
    5     1     5000128      2.79     2.03         2950
                5000132      0.76     0.56       1/3889      3.70%    0.83
    4     1     4000132      2.04     1.48         2950
                4000128      0.73     0.54       1/4021     12.27%    0.82
    3     1     3000132      1.31     0.95         2950
                3000132      0.65     0.47       1/4539     29.00%    0.72
    2     1     2000132      0.66     0.48         2950
                2000128      0.47     0.34       1/6228     77.55%    0.55
    1     1     1000196      0.19     0.14         5100
                1000196      0.19     0.14       1/9999    100.00%    0.17

  Y向最大层间位移角：  1/3889  (5层1塔)

  === 工况22 === 最不利地震方向 0.682743 下的楼层最大位移

  Floor  Tower    Jmax     Max-(X)   Ave-(X)        h
                  JmaxD    Max-Dx    Ave-Dx     Max-Dx/h    DxR/Dx    Ratio_AX

    8     1     8000058      4.21     4.10         2950
                8000058      0.49     0.48       1/6020     13.18%    1.00
    7     1     7000001      3.74     3.64         2950
                7000001      0.56     0.54       1/5302     15.27%    0.87
    6     1     6000001      3.20     3.12         2950
                6000001      0.64     0.63       1/4605      8.57%    1.02
    5     1     5000001      2.58     2.51         2950
                5000001      0.69     0.68       1/4249      2.23%    1.03
    4     1     4000001      1.89     1.84         2950
                4000001      0.71     0.70       1/4161      7.15%    0.94
    3     1     3000001      1.19     1.15         2950
                3000001      0.66     0.65       1/4476     31.01%    0.81
    2     1     2000001      0.53     0.50         2950
                2000001      0.46     0.44       1/6406     92.37%    0.55
    1     1     1000001      0.07     0.06         5100
                1000001      0.07     0.06       1/9999    100.00%    0.06

  X向最大层间位移角：  1/4161  (4层1塔)

  === 工况23 === 最不利地震方向 90.6827 下的楼层最大位移

  Floor  Tower    Jmax     Max-(Y)   Ave-(Y)        h
                  JmaxD    Max-Dy    Ave-Dy     Max-Dy/h    DyR/Dy    Ratio_AY

    8     1     8000036      4.47     3.91         2950
                8000036      0.62     0.55       1/4725      8.29%    1.00
    7     1     7000128      3.85     3.08         2950
                7000128      0.68     0.53       1/4367      3.75%    0.71
    6     1     6000128      3.19     2.56         2950
                6000128      0.68     0.55       1/4323      1.56%    0.83
    5     1     5000128      2.52     2.02         2950
                5000128      0.69     0.55       1/4265      3.80%    0.84
    4     1     4000128      1.84     1.47         2950
                4000128      0.67     0.54       1/4433     12.34%    0.82
    3     1     3000128      1.18     0.94         2950
                3000128      0.59     0.47       1/5029     29.08%    0.72
    2     1     2000128      0.59     0.47         2950
                2000128      0.42     0.34       1/6956     77.58%    0.55
    1     1     1000128      0.17     0.13         5100
                1000128      0.17     0.13       1/9999    100.00%    0.17

  Y向最大层间位移角：  1/4265  (5层1塔)

  === 工况3 === +X 方向风荷载作用下的楼层最大位移

  Floor  Tower    Jmax     Max-(X)   Ave-(X)    Ratio-(X)       h
                  JmaxD    Max-Dx    Ave-Dx     Ratio-Dx    Max-Dx/h    DxR/Dx    Ratio_AX

    8     1     8000071      0.99     0.97        1.01         2950
                8000071      0.12     0.12        1.00       1/9999      7.40%    1.00
    7     1     7000181      0.87     0.86        1.01         2950
                7000181      0.13     0.12        1.00       1/9999     13.69%    0.83
    6     1     6000001      0.74     0.73        1.01         2950
                6000181      0.14     0.14        1.00       1/9999      8.94%    0.98
    5     1     5000181      0.60     0.59        1.01         2950
                5000001      0.16     0.15        1.00       1/9999      3.55%    1.01
    4     1     4000181      0.44     0.44        1.02         2950
                4000001      0.16     0.16        1.00       1/9999      5.04%    0.95
    3     1     3000001      0.28     0.28        1.02         2950
                3000181      0.15     0.15        1.00       1/9999     28.37%    0.83
    2     1     2000001      0.13     0.12        1.04         2950
                2000100      0.11     0.11        1.00       1/9999     92.30%    0.58
    1     1     1000001      0.02     0.01        1.00         5100
                1000001      0.02     0.01        1.00       1/9999    100.00%    0.06

  X向最大层间位移角：  1/9999  (4层1塔)
  X方向最大位移与层平均位移的比值：  1.04  (2层1塔)
  X方向最大层间位移与平均层间位移的比值：  1.00  (8层1塔)

  === 工况4 === -X 方向风荷载作用下的楼层最大位移

  Floor  Tower    Jmax     Max-(X)   Ave-(X)    Ratio-(X)       h
                  JmaxD    Max-Dx    Ave-Dx     Ratio-Dx    Max-Dx/h    DxR/Dx    Ratio_AX

    8     1     8000071      0.99     0.97        1.01         2950
                8000071      0.12     0.12        1.00       1/9999      7.40%    1.00
    7     1     7000181      0.87     0.86        1.01         2950
                7000181      0.13     0.12        1.00       1/9999     13.69%    0.83
    6     1     6000001      0.74     0.73        1.01         2950
                6000181      0.14     0.14        1.00       1/9999      8.94%    0.98
    5     1     5000181      0.60     0.59        1.01         2950
                5000001      0.16     0.15        1.00       1/9999      3.55%    1.01
    4     1     4000181      0.44     0.44        1.02         2950
                4000001      0.16     0.16        1.00       1/9999      5.04%    0.95
    3     1     3000001      0.28     0.28        1.02         2950
                3000181      0.15     0.15        1.00       1/9999     28.37%    0.83
    2     1     2000001      0.13     0.12        1.04         2950
                2000100      0.11     0.11        1.00       1/9999     92.30%    0.58
    1     1     1000001      0.02     0.01        1.00         5100
                1000001      0.02     0.01        1.00       1/9999    100.00%    0.06

  X向最大层间位移角：  1/9999  (4层1塔)
  X方向最大位移与层平均位移的比值：  1.04  (2层1塔)
  X方向最大层间位移与平均层间位移的比值：  1.00  (8层1塔)

  === 工况5 === +Y 方向风荷载作用下的楼层最大位移

  Floor  Tower    Jmax     Max-(Y)   Ave-(Y)    Ratio-(Y)       h
                  JmaxD    Max-Dy    Ave-Dy     Ratio-Dy    Max-Dy/h    DyR/Dy    Ratio_AY

    8     1     8000040      2.23     2.11        1.06         2950
                8000036      0.28     0.27        1.00       1/9999      1.38%    1.00
    7     1     7000132      1.94     1.73        1.12         2950
                7000132      0.31     0.28        1.00       1/9454      6.43%    0.78
    6     1     6000128      1.63     1.46        1.12         2950
                6000132      0.33     0.29        1.00       1/8983      5.02%    0.89
    5     1     5000128      1.30     1.17        1.12         2950
                5000128      0.34     0.31        1.00       1/8587      0.41%    0.92
    4     1     4000132      0.96     0.86        1.12         2950
                4000128      0.34     0.30        1.00       1/8676      9.42%    0.87
    3     1     3000128      0.62     0.55        1.11         2950
                3000132      0.31     0.28        1.00       1/9617     27.09%    0.76
    2     1     2000128      0.31     0.28        1.12         2950
                2000132      0.22     0.20        1.00       1/9999     77.56%    0.57
    1     1     1000196      0.09     0.08        1.00         5100
                1000196      0.09     0.08        1.00       1/9999    100.00%    0.17

  Y向最大层间位移角：  1/8587  (5层1塔)
  Y方向最大位移与层平均位移的比值：  1.12  (7层1塔)
  Y方向最大层间位移与平均层间位移的比值：  1.00  (8层1塔)

  === 工况6 === -Y 方向风荷载作用下的楼层最大位移

  Floor  Tower    Jmax     Max-(Y)   Ave-(Y)    Ratio-(Y)       h
                  JmaxD    Max-Dy    Ave-Dy     Ratio-Dy    Max-Dy/h    DyR/Dy    Ratio_AY

    8     1     8000040      2.23     2.11        1.06         2950
                8000036      0.28     0.27        1.00       1/9999      1.38%    1.00
    7     1     7000132      1.94     1.73        1.12         2950
                7000132      0.31     0.28        1.00       1/9454      6.43%    0.78
    6     1     6000128      1.63     1.46        1.12         2950
                6000132      0.33     0.29        1.00       1/8983      5.02%    0.89
    5     1     5000128      1.30     1.17        1.12         2950
                5000128      0.34     0.31        1.00       1/8587      0.41%    0.92
    4     1     4000132      0.96     0.86        1.12         2950
                4000128      0.34     0.30        1.00       1/8676      9.42%    0.87
    3     1     3000128      0.62     0.55        1.11         2950
                3000132      0.31     0.28        1.00       1/9617     27.09%    0.76
    2     1     2000128      0.31     0.28        1.12         2950
                2000132      0.22     0.20        1.00       1/9999     77.56%    0.57
    1     1     1000196      0.09     0.08        1.00         5100
                1000196      0.09     0.08        1.00       1/9999    100.00%    0.17

  Y向最大层间位移角：  1/8587  (5层1塔)
  Y方向最大位移与层平均位移的比值：  1.12  (7层1塔)
  Y方向最大层间位移与平均层间位移的比值：  1.00  (8层1塔)

  === 工况17 === 竖向恒载作用下的楼层最大位移

  Floor  Tower    Jmax       Max-(Z)

    8      1   8000048        -3.63
    7      1   7000046        -3.60
    6      1   6000142        -3.69
    5      1   5000142        -3.75
    4      1   4000142        -3.76
    3      1   3000142        -3.68
    2      1   2000142        -3.53
    1      1   1000140        -3.07

  === 工况1 === 竖向活载作用下的楼层最大位移

  Floor  Tower    Jmax       Max-(Z)

    8      1   8000048        -1.17
    7      1   7000048        -1.11
    6      1   6000142        -1.13
    5      1   5000142        -1.10
    4      1   4000142        -1.07
    3      1   3000142        -1.03
    2      1   2000140        -1.00
    1      1   1000140        -0.99

  === 工况7 === X 方向规定水平力作用下的楼层最大位移

  Floor  Tower    Jmax     Max-(X)   Ave-(X)    Ratio-(X)       h
                  JmaxD    Max-Dx    Ave-Dx     Ratio-Dx         

    8     1     8000089      4.38     4.32        1.01         2950
                8000089      0.52     0.52        1.00
    7     1     7000181      3.86     3.81        1.01         2950
                7000181      0.58     0.57        1.00
    6     1     6000001      3.28     3.24        1.01         2950
                6000001      0.66     0.65        1.01
    5     1     5000001      2.63     2.59        1.02         2950
                5000181      0.71     0.70        1.01
    4     1     4000181      1.92     1.88        1.02         2950
                4000001      0.72     0.71        1.01
    3     1     3000001      1.20     1.17        1.02         2950
                3000001      0.67     0.66        1.01
    2     1     2000181      0.53     0.51        1.04         2950
                2000100      0.46     0.45        1.00
    1     1     1000181      0.07     0.06        1.00         5100
                1000181      0.07     0.06        1.00

  X方向最大位移与层平均位移的比值：  1.04  (2层1塔)
  X方向最大层间位移与平均层间位移的比值：  1.01  (6层1塔)

  === 工况8 === X+ 偶然偏心规定水平力作用下的楼层最大位移

  Floor  Tower    Jmax     Max-(X)   Ave-(X)    Ratio-(X)       h
                  JmaxD    Max-Dx    Ave-Dx     Ratio-Dx         

    8     1     8000089      4.44     4.33        1.02         2950
                8000071      0.53     0.52        1.00
    7     1     7000181      3.91     3.82        1.02         2950
                7000001      0.58     0.57        1.00
    6     1     6000001      3.32     3.24        1.02         2950
                6000181      0.66     0.65        1.02
    5     1     5000001      2.66     2.59        1.03         2950
                5000001      0.72     0.70        1.02
    4     1     4000001      1.94     1.89        1.03         2950
                4000181      0.73     0.72        1.02
    3     1     3000001      1.22     1.18        1.03         2950
                3000181      0.67     0.66        1.02
    2     1     2000181      0.54     0.51        1.05         2950
                2000100      0.47     0.45        1.00
    1     1     1000181      0.07     0.06        1.00         5100
                1000181      0.07     0.06        1.00

  X方向最大位移与层平均位移的比值：  1.05  (2层1塔)
  X方向最大层间位移与平均层间位移的比值：  1.02  (6层1塔)

  === 工况9 === X- 偶然偏心规定水平力作用下的楼层最大位移

  Floor  Tower    Jmax     Max-(X)   Ave-(X)    Ratio-(X)       h
                  JmaxD    Max-Dx    Ave-Dx     Ratio-Dx         

    8     1     8000089      4.33     4.31        1.00         2950
                8000086      0.52     0.52        1.00
    7     1     7000181      3.81     3.80        1.00         2950
                7000178      0.57     0.57        1.00
    6     1     6000181      3.24     3.23        1.01         2950
                6000181      0.65     0.65        1.00
    5     1     5000001      2.59     2.58        1.01         2950
                5000001      0.70     0.70        1.00
    4     1     4000181      1.89     1.88        1.01         2950
                4000181      0.71     0.71        1.00
    3     1     3000181      1.18     1.17        1.01         2950
                3000001      0.66     0.66        1.00
    2     1     2000181      0.52     0.51        1.03         2950
                2000100      0.46     0.45        1.00
    1     1     1000181      0.06     0.05        1.00         5100
                1000181      0.06     0.05        1.00

  X方向最大位移与层平均位移的比值：  1.03  (2层1塔)
  X方向最大层间位移与平均层间位移的比值：  1.00  (3层1塔)

  === 工况10 === Y 方向规定水平力作用下的楼层最大位移

  Floor  Tower    Jmax     Max-(Y)   Ave-(Y)    Ratio-(Y)       h
                  JmaxD    Max-Dy    Ave-Dy     Ratio-Dy         

    8     1     8000040      4.26     3.89        1.10         2950
                8000040      0.61     0.56        1.08
    7     1     7000128      3.66     3.00        1.22         2950
                7000132      0.65     0.52        1.25
    6     1     6000128      3.00     2.48        1.21         2950
                6000132      0.65     0.53        1.22
    5     1     5000132      2.35     1.95        1.21         2950
                5000128      0.66     0.54        1.21
    4     1     4000132      1.69     1.41        1.20         2950
                4000128      0.62     0.52        1.20
    3     1     3000128      1.07     0.89        1.21         2950
                3000132      0.54     0.45        1.00
    2     1     2000128      0.53     0.44        1.21         2950
                2000132      0.38     0.32        1.00
    1     1     1000196      0.15     0.12        1.00         5100
                1000196      0.15     0.12        1.00

  Y方向最大位移与层平均位移的比值：  1.22  (7层1塔)
  Y方向最大层间位移与平均层间位移的比值：  1.25  (7层1塔)

  === 工况11 === Y+ 偶然偏心规定水平力作用下的楼层最大位移

  Floor  Tower    Jmax     Max-(Y)   Ave-(Y)    Ratio-(Y)       h
                  JmaxD    Max-Dy    Ave-Dy     Ratio-Dy         

    8     1     8000040      3.80     3.67        1.04         2950
                8000040      0.55     0.54        1.00
    7     1     7000128      3.25     3.01        1.08         2950
                7000128      0.59     0.53        1.12
    6     1     6000132      2.66     2.48        1.07         2950
                6000132      0.59     0.54        1.00
    5     1     5000128      2.07     1.95        1.06         2950
                5000132      0.59     0.54        1.00
    4     1     4000132      1.49     1.41        1.06         2950
                4000132      0.55     0.52        1.00
    3     1     3000128      0.93     0.89        1.05         2950
                3000132      0.48     0.45        1.00
    2     1     2000128      0.46     0.44        1.04         2950
                2000132      0.33     0.32        1.00
    1     1     1000132      0.12     0.12        1.00         5100
                1000132      0.12     0.12        1.00

  Y方向最大位移与层平均位移的比值：  1.08  (7层1塔)
  Y方向最大层间位移与平均层间位移的比值：  1.12  (7层1塔)

  === 工况12 === Y- 偶然偏心规定水平力作用下的楼层最大位移

  Floor  Tower    Jmax     Max-(Y)   Ave-(Y)    Ratio-(Y)       h
                  JmaxD    Max-Dy    Ave-Dy     Ratio-Dy         

    8     1     8000036      4.73     4.11        1.15         2950
                8000036      0.67     0.59        1.14
    7     1     7000132      4.06     3.00        1.35         2950
                7000128      0.72     0.52        1.37
    6     1     6000128      3.34     2.48        1.35         2950
                6000128      0.72     0.53        1.35
    5     1     5000128      2.63     1.94        1.35         2950
                5000128      0.72     0.54        1.34
    4     1     4000132      1.90     1.40        1.35         2950
                4000128      0.69     0.52        1.34
    3     1     3000132      1.21     0.89        1.36         2950
                3000132      0.61     0.45        1.34
    2     1     2000128      0.60     0.44        1.38         2950
                2000132      0.43     0.32        1.00
    1     1     1000132      0.17     0.12        1.00         5100
                1000132      0.17     0.12        1.00

  Y方向最大位移与层平均位移的比值：  1.38  (2层1塔)
  Y方向最大层间位移与平均层间位移的比值：  1.37  (7层1塔)

