
     ----------------------------------------------------------------------

                                   总信息文件

     ----------------------------------------------------------------------

            工程名称：MZH
            工程代号：
             设计人：
             校核人：
            软件名称：盈建科建筑结构设计软件
              版本：2.0.3
            计算日期：2021/01/18
     ----------------------------------------------------------------------

     **********************************************************
                              设计参数输出
     **********************************************************

     结构总体信息 ........................................
       结构体系:                                              剪力墙结构
       结构材料信息:                                          钢筋混凝土
       结构所在地区:                                          全国
       地下室层数:                                            1
       嵌固端所在层号(层顶嵌固):                              0
       与基础相连构件最大底标高(m):                           0.000
       裙房层数:                                              0
       转换层所在层号:                                        0
       加强层所在层号:                                        0
       竖向荷载计算信息:                                      施工模拟三
       风荷载计算信息:                                        一般计算方式
       地震力计算信息:                                        计算水平地震作用
       是否计算吊车荷载:                                      否
       是否计算人防荷载:                                      否
       是否考虑预应力等效荷载工况:                            否
       是否生成绘等值线用数据:                                否
       是否计算温度荷载:                                      否
       竖向荷载砼墙轴向刚度考虑徐变收缩影响:                  否
       是否生成传给基础的刚度:                                否
       上部结构计算考虑基础结构:                              否
       施工模拟加载层步长:                                    1
       考虑填充墙刚度:                                        否

     计算控制信息 ........................................
       水平力与整体坐标夹角:                                  0.00
       梁刚度放大系数按2010《混凝土规范》取值:                是
       中梁刚度放大系数上限:                                  2.00
       边梁刚度放大系数上限:                                  1.50
       连梁刚度折减系数(地震):                                0.70
       连梁刚度折减系数(风):                                  1.00
       连梁按墙元计算控制跨高比:                              4.00
       连梁材料强度默认同墙:                                  是
       墙元细分最大控制长度(m):                               1.00
       板元细分最大控制长度(m):                               1.00
       短墙肢自动加密:                                        是
       弹性板荷载计算方式:                                    平面导荷
       膜单元类型:                                            经典膜元(QA4)
       考虑梁端刚域:                                          否
       考虑柱端刚域:                                          否
       是否输出节点位移:                                      否
       墙梁跨中节点作为刚性楼板从节点:                        是
       结构计算时考虑楼梯刚度:                                否
       梁与弹性板变形协调:                                    是
       弹性板与梁协调时考虑梁向下相对偏移:                    否
       梁墙自重扣除与柱重叠部分:                              否
       楼板自重扣除与梁墙重叠部分:                            否
       刚性楼板假定 :                                         整体指标计算采用强刚，其它计算非强刚
       地下室楼板强制采用刚性楼板假定:                        否
       是否自动划分多塔:                                      是
       自动划分多塔时不考虑地下室:                            是
       可确定最多塔数的参考层号:                              0
       计算现浇空心板:                                        否
       增加计算连梁刚度不折减模型下的地震位移:                否
       地震内力按全楼弹性板6计算:                             否
       求解器设定内存:                                        0
       门式刚架按平面框架方式计算:                            否
       自动计算现浇板自重:                                    是

     二阶效应信息 ..........................................
       是否考虑 P-Delt 效应:                                  否

     风荷载信息 ..........................................
       使用指定风荷载数据:                                    否
       执行规范:                                              GB50009-2012
       地面粗糙程度 :                                         B
       修正后的基本风压 (kN/m2):                              0.40
       结构X向基本周期（秒）:                                 0.86
       结构Y向基本周期（秒）:                                 0.70
       风荷载计算用阻尼比 :                                   0.050
       承载力设计时的风荷载效应放大系数:                      1.0
       考虑顺风向风振:                                        是
       多方向风角度:                                          
       舒适度验算用基本风压 (kN/m2):                          0.30
       舒适度验算用阻尼比 :                                   0.020
       水平风荷载体型分段数:                                  1
       分段号  最高层号    X迎风    X背风    X侧风    X挡风    Y迎风    Y背风    Y侧风    Y挡风
         1         8       0.80    -0.50     0.00     1.00     0.80    -0.50     0.00     1.00
       自动计算结构宽深:                                      是
       考虑横向风振:                                          否
       考虑扭转风振:                                          否

     地震信息 ............................................
       按地震动区划图GB18306-2015计算:                        否
       设计地震分组:                                          一
       地震烈度:                                              6 (0.05g)
       场地类别:                                              Ⅱ
       特征周期:                                              0.35
       阻尼比确定方法:                                        全楼统一
       结构的阻尼比:                                          0.050
       周期折减系数:                                          0.90
       特征值分析类型:                                        WYD-RITZ
       振型数确定方式:                                        程序自动计算
       自动计算振型数时，振型参与质量系数需达到总质量的百分比:90%
       自动计算振型数时，是否指定最多振型数量:                否
       自动计算振型数时，最多振型数量:                        150
       按主振型确定地震内力符号:                              否
       框架的抗震等级:                                        4
       钢框架的抗震等级:                                      4
       剪力墙的抗震等级:                                      4
       抗震构造措施的抗震等级:                                不改变
       框支剪力墙结构底部加强区剪力墙抗震等级自动提高一级:    是
       地下一层以下抗震构造措施抗震等级逐层降级及抗震措施4级: 否
       是否考虑偶然偏心:                                      是
       X向偶然偏心值:                                         0.05
       Y向偶然偏心值:                                         0.05
       偶然偏心计算方法:                                      等效扭矩法(传统法)
       是否考虑双向地震扭转效应:                              是
       自动计算最不利地震方向的作用:                          是
       斜交抗侧力构件方向的附加地震数:                        0
       活荷重力荷载代表值组合系数:                            0.50
       使用自定义地震影响系数曲线:                              否
       地震影响系数最大值:                                    0.040
       罕遇地震影响系数最大值:                                0.280
       地震作用放大方法:                                      全楼统一
       全楼地震力放大系数:                                    1.00
       减震隔震附加阻尼比算法:                                强制解耦
       最大附加阻尼比:                                        0.25
       调整后的水平向减震系数:                                1.00
       地震计算时不考虑地下室以下的结构质量:                    否
       连接单元的有效刚度和阻尼自动采用直接积分法时程计算结果:  否

     性能设计信息 ........................................
       是否考虑性能设计:                                      否

     设计信息 ............................................
       是否按抗震规范5.2.5调整楼层地震力:                     是
       是否扭转效应明显:                                      否
       是否自动计算动位移比例系数:                            否
       第一平动周期方向动位移比例（0~1）:                     0.50
       第二平动周期方向动位移比例（0~1）:                     0.50
       梁端弯矩调幅系数:                                      0.85
       框架梁调幅后不小于简支梁跨中弯矩的倍数:                0.50
       非框架梁调幅后不小于简支梁跨中弯矩的倍数:              0.33
       梁扭矩折减系数:                                        0.40
       九度结构及一级框架梁柱超配筋系数:                      1.15
       按层刚度比判断薄弱层方法:                              高规和抗规从严
       底部嵌固楼层刚度比执行《高规》3.5.2-2:                 否
       自动对层间受剪承载力突变形成的薄弱层放大调整:          否
       自动根据层间受剪承载力比值调整配筋:                    否
       是否转换层指定为薄弱层:                                是
       薄弱层地震内力放大系数:                                1.25
       强制指定的薄弱层层号:                                  0
       与柱相连的框架梁端M、V不调整:                          否
       0.2V0 调整分段数:                                      0
       分段号     起始层号    终止层号
       0.2V0调整规则:                                         min(0.20V0,1.50Vfmax)
       0.2V0调整时楼层剪力最小倍数:                           0.20
       0.2V0调整时各层框架剪力最大值的倍数:                   1.50
       0.2V0 调整上限:                                        2.00
       框支柱调整上限:                                        5.00
       支撑按柱设计临界角:                                    20
       按竖向构件内力统计层地震剪力:                          否
       位移角小于此值时，位移比设置为1:                       0.00020
       剪力墙承担全部地震剪力:                                否
       零应力区验算时底面尺寸确定方式:                        质心到最近边距离的2倍
       考虑双向地震时内力调整方式:                            先考虑双向地震再调整
       剪力墙端柱的面外剪力统计到框架部分:                    否
       转换结构构件（三、四级）水平地震作用效应放大系数:      1.00

     活荷载信息 ..........................................
       柱、墙活荷载是否折减:                                  否
       按建模菜单“房间属性”计算活荷载折减系数:                否
       考虑活荷不利布置的最高层号:                            8
       梁活荷载内力放大系数:                                  1.00
       楼面梁活荷载折减:                                      不折减

     构件设计信息 ........................................
       柱配筋计算原则:                                        单偏压
       连梁按对称配筋设计:                                    是
       抗震设计的框架梁端配筋考虑受压钢筋:                    是
       矩形混凝土梁按T形梁配筋:                               否
       按简化方法计算柱剪跨比（Hn/2h0）:                      是
       墙柱配筋设计考虑端柱:                                  否
       墙柱配筋设计考虑翼缘墙:                                否
       与剪力墙面外相连的梁按框架梁设计:                      否
       验算一级抗震墙施工缝:                                  是
       梁压弯设计控制轴压比:                                  0.40
       梁端配筋内力取值位置(0-节点，1-支座边):                0.00
       不计算地震作用时按重力荷载代表值计算柱轴压比:          否
       框架柱的轴压比限值按框架结构采用:                      否
       梁保护层厚度 (mm):                                     20
       柱保护层厚度 (mm):                                     20
       型钢混凝土构件设计依据:                                《组合结构设计规范》JGJ138-2016
       执行《高钢规》JGJ99-2015:                              是
       按叠合柱设计的叠合比:                                  0.00
       剪力墙构造边缘构件的设计执行高规7.2.16-4:              否
       底部加强区全部设为约束边缘构件:                        否
       面外梁下生成暗柱边缘构件:                              铰接梁不生成
       归入阴影区的λ/2区最大长度:                            0
       边缘构件合并距离 (mm):                                 300
       短肢边缘构件合并距离 (mm):                             600
       边缘构件尺寸取整模数 (mm):                             10
       构造边缘构件尺寸设计依据:                              《抗规》GB50011-2010 第6.4.5条
       约束边缘构件尺寸依据《广东高规》设计:                            否
       按边缘构件轮廓计算配筋:                                          否
       钢构件截面净毛面积比:                                  0.85
       X向钢柱计算长度是否按有侧移计算:                       是
       Y向钢柱计算长度是否按有侧移计算:                       是
       按《钢规》自动判断强弱支撑:                             否
       门刚规范用GB51022-2015:                               是
       执行门规GB51022附录A:                                 是
       执行门规GB51022附录A.0.8:                             否
       门刚构件按宽厚比等级控制局部稳定:                      否
       执行《钢结构设计标准》(GB50017-2017):                 是
       按宽厚比等级控制局部稳定:                              是
       截面宽厚比等级:                                        S3
       支撑杆件截面宽厚比等级:                                S3
       按钢规6.2.7验算梁下翼缘稳定:                          是
       钢梁按压弯设计控制轴压比:                              0.10
       组合梁施工荷载(kN/m2):                                           1.5

     防火验算 ........................................
       进行承载力法防火验算:                                  否
     包络设计 ........................................
       是否分塔与整体分别计算，并取大:                        否
       自动取框架和框架-抗震墙模型计算大值:                   否
       是否与其它模型进行包络取大:                            否

     鉴定加固 ........................................
       是否鉴定加固:                                          否

     装配式 ..........................................
       是否是装配式结构:                                      否

     材料信息 ........................................
       混凝土容重 (kN/m3):                                    26.00
       砌体容重 (kN/m3):                                      22.00
       钢材容重 (kN/m3):                                      78.00
       轻骨料混凝土容重 (kN/m3):                              18.50
       轻骨料混凝土密度等级:                                  1800
       梁箍筋间距 (mm):                                       100
       柱箍筋间距 (mm):                                       100
       墙水平分布筋最大间距 (mm):                             200
       墙竖向分布筋最小配筋率 (%):                            0.20
       结构底部单独指定墙竖向分布筋配筋率的层号:              0
       结构底部NSW层的墙竖向分布配筋率:                       0.60

     钢筋强度 ........................................
       HRB400钢筋强度设计值（N/mm2）:                         360

     地下室信息 ..........................................
       土的水平抗力系数的比例系数(MN/m4):                     20.00
       扣除地面以下几层回填土约束:                            0
       外墙分布筋保护层厚度:                                   50(mm)
       回填土容重 (kN/m3):                                    18.00
       回填土侧压力系数:                                      0.50
       室外地平标高 (m):                                      -0.30
       地下水位标高 (m):                                      -20.00
       室外地面附加荷载 (kN/m2):                              10.00
       基础水工况组合方式:                                    叠加
       按《地下结构抗震设计标准》GBT 51336-2018设计:         否
       地下室侧土约束施加方式:                                顶板双向弹簧
       按反应位移法计算地下结构的地震作用:                    否

     荷载组合 ......................................
       采用自定义组合:                                        否
       使用建模自定义组合模板:                                否
       结构重要性系数:                                        1.00
       执行《建筑结构可靠性设计统一标准》:                    是
       刚重比按1.3恒+1.5活计算:                              否
       恒载分项系数:                                          1.30
       活载分项系数:                                          1.50
       活荷载组合值系数:                                      0.70
       活荷载频遇值系数:                                      0.60
       活荷载准永久值系数:                                    0.50
       考虑结构设计使用年限的活荷载调整系数:                  1.00
       风荷载分项系数:                                        1.50
       风荷载组合值系数:                                      0.60
       风荷载频遇值系数:                                      0.40
       风荷载是否参与地震组合:                                否
       重力荷载分项系数:                                      1.20
       水平地震力分项系数:                                    1.30

     **********************************************************
                                 楼层属性
     **********************************************************

  层号    塔号       属性
    8      1         标准层4
    7      1         标准层3
    6      1         标准层2
    5      1         标准层2
    4      1         标准层2
    3      1         标准层2 约束边缘构件层
    2      1         标准层2 底部加强区 约束边缘构件层
    1      1         标准层1 地下1层 底部加强区 约束边缘构件层

     **********************************************************
                           塔属性
     **********************************************************

  塔号 1
       结构体系:                                              剪力墙结构
       结构X向基本周期（秒）:                                 0.86
       结构Y向基本周期（秒）:                                 0.70
       水平风荷载体型分段数:                                  1
       分段号  最高层号    挡风系数    迎风面系数    背风面系数    侧风面系数
         1         8        1.00         0.80          -0.50          0.00
       0.2V0 调整分段数:                                      0
       分段号     起始层号    终止层号
       0.2V0调整时楼层剪力最小倍数:                           0.20
       0.2V0调整时各层框架剪力最大值的倍数:                   1.50

     **********************************************************
                 各层质量、质心坐标，层质量比
     **********************************************************

  层号    塔号    质心X       质心Y       质心Z       恒载质量    活载质量    活载质量   附加质量     质量比
                   (m)         (m)         (m)          (t)         (t)     (不折减)(t)    (t)
    8      1     160.303     37.952      20.650       378.0        29.2        58.3         0.0        0.55
    7      1     148.410     37.991      17.700       680.0        59.4       118.9         0.0        1.10
    6      1     149.313     38.010      14.750       612.6        60.5       121.0         0.0        1.00
    5      1     149.313     38.010      11.800       612.6        60.5       121.0         0.0        1.00
    4      1     149.313     38.010       8.850       612.6        60.5       121.0         0.0        1.00
    3      1     149.313     38.010       5.900       612.6        60.5       121.0         0.0        1.00
    2      1     149.313     38.010       2.950       612.6        60.5       121.0         0.0        0.63
    1      1     149.315     37.901       0.000       967.5       103.3       206.7         0.0        1.00

  合计             --          --          --        5088.5       494.5       989.0         0.0

  活载总质量 (t):           494.485
  恒载总质量 (t):          5088.454
  附加总质量 (t):             0.000
  结构总质量 (t):          5582.939
  恒载产生的总质量包括结构自重和外加恒载
  活载质量 = 活荷载重力荷载代表值系数*活载等效质量
  总质量 = 恒载质量+活载质量+附加质量

     **********************************************************
                       各层构件数量、构件材料和层高
     **********************************************************

  层号    塔号    梁数    柱数    支撑数    墙数      层高(m)    累计高度(m)

    8      1        64       0         0      42       2.950       25.750
    7      1       126       0         0      80       2.950       22.800
    6      1       125       0         0      80       2.950       19.850
    5      1       125       0         0      80       2.950       16.900
    4      1       125       0         0      80       2.950       13.950
    3      1       125       0         0      80       2.950       11.000
    2      1       125       0         0      80       2.950        8.050
    1      1       111       0         0      93       5.100        5.100

   ----------------------------------------------------------
  保护层：

  层号    塔号       梁保护层(mm)       柱保护层(mm)       墙保护层(mm)

    8      1          20                ---                 15
    7      1          20                ---                 15
    6      1          20                ---                 15
    5      1          20                ---                 15
    4      1          20                ---                 15
    3      1          20                ---                 15
    2      1          20                ---                 15
    1      1          20                ---                 15

   ----------------------------------------------------------
  混凝土构件：

  层号    塔号       梁数             柱数           支撑数             墙数
                (混凝土/主筋)    (混凝土/主筋)    (混凝土/主筋)    (混凝土/主筋)

    8      1      64(C30/360)         ---              ---           42(C30/360)
    7      1     126(C30/360)         ---              ---           80(C30/360)
    6      1     125(C30/360)         ---              ---           80(C30/360)
    5      1     125(C30/360)         ---              ---           80(C30/360)
    4      1     125(C30/360)         ---              ---           80(C30/360)
    3      1     125(C30/360)         ---              ---           80(C30/360)
    2      1     125(C30/360)         ---              ---           80(C30/360)
    1      1     111(C30/360)         ---              ---           93(C30/360)



   ----------------------------------------------------------
  箍筋（墙分布筋）：

  层号    塔号     梁数       柱数      支撑数        墙数       边缘构件
                  (箍筋)     (箍筋)     (箍筋)     (水平/竖向)    (箍筋)

    8      1     69(360)       ---        ---      42(360/360)      (360)
    7      1    136(360)       ---        ---      80(360/360)      (360)
    6      1    135(360)       ---        ---      80(360/360)      (360)
    5      1    135(360)       ---        ---      80(360/360)      (360)
    4      1    135(360)       ---        ---      80(360/360)      (360)
    3      1    135(360)       ---        ---      80(360/360)      (360)
    2      1    135(360)       ---        ---      80(360/360)      (360)
    1      1    121(360)       ---        ---      93(360/360)      (360)

     **********************************************************
                         X、Y方向剪力墙截面面积
     **********************************************************

  层号    塔号    X向墙截面积(m2)    Y向墙截面积(m2)

    8      1       2.520              6.106
    7      1       5.040             11.714
    6      1       5.040             11.714
    5      1       5.040             11.714
    4      1       5.040             11.714
    3      1       5.040             11.714
    2      1       5.040             11.714
    1      1      15.738             18.303

     **********************************************************
                                风荷载信息
     **********************************************************

  层号   塔号  风向    顺风外力    顺风剪力    顺风倾覆弯矩
    8     1     X        44.9        44.9          132.6
                Y        70.6        70.6          208.2
    7     1     X        41.0        85.9          386.0
                Y       126.1       196.7          788.3
    6     1     X        37.1       123.0          748.7
                Y       114.5       311.1         1706.1
    5     1     X        33.1       156.1         1209.2
                Y       102.6       413.8         2926.7
    4     1     X        29.7       185.8         1757.4
                Y        92.5       506.3         4420.4
    3     1     X        27.4       213.2         2386.4
                Y        85.8       592.1         6167.1
    2     1     X        24.9       238.1         3088.7
                Y        78.5       670.6         8145.4
    1     1     X         0.0       238.1         4302.9
                Y         0.0       670.6        11565.6

     **********************************************************
                   各楼层等效尺寸(单位:m,m**2)
     **********************************************************

  层号   塔号   面积      形心X     形心Y   等效宽B   等效高H  最大宽BMAX  最小宽BMIN
   8      1    253.40    160.31     37.74     20.81    12.87      20.82       12.85
   7      1    506.80    149.31     37.74     43.41    12.87      43.42       12.87
   6      1    506.80    149.31     37.74     43.41    12.87      43.42       12.87
   5      1    506.80    149.31     37.74     43.41    12.87      43.42       12.87
   4      1    506.80    149.31     37.74     43.41    12.87      43.42       12.87
   3      1    506.80    149.31     37.74     43.41    12.87      43.42       12.87
   2      1    506.80    149.31     37.74     43.41    12.87      43.42       12.87
   1      1    506.80    149.31     37.75     43.41    12.89      43.41       12.89

     **********************************************************
          各楼层质量、单位面积质量分布(单位:kg/m**2)
     **********************************************************

  层号   塔号    楼层质量   单位面积质量 g[i]    单位面积质量比 max(g[i]/g[i-1],g[i]/g[i+1])
   8      1     4.07E+005      1606.73                1.10
   7      1     7.39E+005      1459.10                1.10
   6      1     6.73E+005      1328.13                1.00
   5      1     6.73E+005      1328.13                1.00
   4      1     6.73E+005      1328.13                1.00
   3      1     6.73E+005      1328.13                1.00
   2      1     6.73E+005      1328.13                1.00
   1      1     1.07E+006      2112.98                1.59

     **********************************************************
                       计算时间
     **********************************************************
   计算用时：00:00:15
   设计用时：00:00:13

     **********************************************************
             各层刚心、偏心率、相邻层侧移刚度比等计算信息
  Floor No     : 层号
  Tower No     : 塔号
  Xstif，Ystif : 刚心的 X，Y 坐标值
  Alf          : 层刚性主轴的方向
  Xmass，Ymass : 质心的 X，Y 坐标值
  Gmass        : 总质量
  Eex，Eey     : X，Y 方向的偏心率
  Ratx，Raty   : X，Y 方向本层塔侧移刚度与下一层相应塔侧移刚度的比值(剪切刚度)
  Ratx1，Raty1 : X，Y 方向本层塔侧移刚度与上一层相应塔侧移刚度70%的比值或上三层平均侧移刚度80%的比值中之较小者
  Ratx2，Raty2 : X，Y 方向本层塔侧移刚度与上一层相应塔侧移刚度90%、110%或者150%比值。110%指当本层层高大于相邻上层层高1.5倍时，150%指嵌固层
  RJX1，RJY1，RJZ1: 结构总体坐标系中塔的侧移刚度和扭转刚度(剪切刚度)
  RJX3，RJY3，RJZ3: 结构总体坐标系中塔的侧移刚度和扭转刚度(地震剪力与地震层间位移的比)
     **********************************************************
  Floor No. 1     Tower No. 1
  Xstif=   149.3143(m)     Ystif=    33.2765(m)     Alf  =    45.0000(Degree)
  Xmass=   149.3150(m)     Ymass=    37.9014(m)     Gmass(重力荷载代表值)=  1174.1959( 1070.8558)(t)
  Eex  =     0.4080        Eey  =     0.0001
  Ratx =     1.0000        Raty =     1.0000
  薄弱层地震剪力放大系数= 1.00
  Ratx1=    11.0174        Raty1=     3.8334
  Ratx2=     8.8886        Raty2=     3.0927
  RJX1 = 3.6780E+007(kN/m)  RJY1 = 4.2758E+007(kN/m)  RJZ1 = 0.0000E+000(kN/m)
  RJX3 = 1.5350E+007(kN/m)  RJY3 = 8.0972E+006(kN/m)  RJZ3 = 3.1337E+009(kN*m/Rad)
     ----------------------------------------------------------
  Floor No. 2     Tower No. 1
  Xstif=   149.3128(m)     Ystif=    37.4429(m)     Alf  =   179.9979(Degree)
  Xmass=   149.3130(m)     Ymass=    38.0096(m)     Gmass(重力荷载代表值)=   733.6044(  673.0940)(t)
  Eex  =     0.0228        Eey  =     0.0000
  Ratx =     0.5536        Raty =     1.1067
  薄弱层地震剪力放大系数= 1.00
  Ratx1=     2.1877        Raty1=     2.1326
  Ratx2=     1.7016        Raty2=     1.6587
  RJX1 = 2.0361E+007(kN/m)  RJY1 = 4.7321E+007(kN/m)  RJZ1 = 0.0000E+000(kN/m)
  RJX3 = 1.9904E+006(kN/m)  RJY3 = 3.0175E+006(kN/m)  RJZ3 = 2.7901E+009(kN*m/Rad)
     ----------------------------------------------------------
  Floor No. 3     Tower No. 1
  Xstif=   149.3129(m)     Ystif=    37.6347(m)     Alf  =   179.9976(Degree)
  Xmass=   149.3130(m)     Ymass=    38.0096(m)     Gmass(重力荷载代表值)=   733.6044(  673.0940)(t)
  Eex  =     0.0152        Eey  =     0.0000
  Ratx =     1.0000        Raty =     1.0000
  薄弱层地震剪力放大系数= 1.00
  Ratx1=     1.6565        Raty1=     1.7872
  Ratx2=     1.3204        Raty2=     1.3900
  RJX1 = 2.0361E+007(kN/m)  RJY1 = 4.7321E+007(kN/m)  RJZ1 = 0.0000E+000(kN/m)
  RJX3 = 1.2997E+006(kN/m)  RJY3 = 2.0213E+006(kN/m)  RJZ3 = 2.8371E+009(kN*m/Rad)
     ----------------------------------------------------------
  Floor No. 4     Tower No. 1
  Xstif=   149.3129(m)     Ystif=    37.6347(m)     Alf  =   179.9976(Degree)
  Xmass=   149.3130(m)     Ymass=    38.0096(m)     Gmass(重力荷载代表值)=   733.6044(  673.0940)(t)
  Eex  =     0.0152        Eey  =     0.0000
  Ratx =     1.0000        Raty =     1.0000
  薄弱层地震剪力放大系数= 1.00
  Ratx1=     1.5864        Raty1=     1.6943
  Ratx2=     1.2460        Raty2=     1.3178
  RJX1 = 2.0361E+007(kN/m)  RJY1 = 4.7321E+007(kN/m)  RJZ1 = 0.0000E+000(kN/m)
  RJX3 = 1.0937E+006(kN/m)  RJY3 = 1.6157E+006(kN/m)  RJZ3 = 2.8371E+009(kN*m/Rad)
     ----------------------------------------------------------
  Floor No. 5     Tower No. 1
  Xstif=   149.3129(m)     Ystif=    37.6347(m)     Alf  =   179.9976(Degree)
  Xmass=   149.3130(m)     Ymass=    38.0096(m)     Gmass(重力荷载代表值)=   733.6044(  673.0940)(t)
  Eex  =     0.0152        Eey  =     0.0000
  Ratx =     1.0000        Raty =     1.0000
  薄弱层地震剪力放大系数= 1.00
  Ratx1=     1.5956        Raty1=     1.6999
  Ratx2=     1.2410        Raty2=     1.3221
  RJX1 = 2.0361E+007(kN/m)  RJY1 = 4.7321E+007(kN/m)  RJZ1 = 0.0000E+000(kN/m)
  RJX3 = 9.7530E+005(kN/m)  RJY3 = 1.3623E+006(kN/m)  RJZ3 = 2.8371E+009(kN*m/Rad)
     ----------------------------------------------------------
  Floor No. 6     Tower No. 1
  Xstif=   149.3129(m)     Ystif=    37.6347(m)     Alf  =   179.9976(Degree)
  Xmass=   149.3130(m)     Ymass=    38.0096(m)     Gmass(重力荷载代表值)=   733.6044(  673.0940)(t)
  Eex  =     0.0152        Eey  =     0.0000
  Ratx =     1.0000        Raty =     1.0000
  薄弱层地震剪力放大系数= 1.00
  Ratx1=     1.6935        Raty1=     1.8680
  Ratx2=     1.3171        Raty2=     1.4529
  RJX1 = 2.0361E+007(kN/m)  RJY1 = 4.7321E+007(kN/m)  RJZ1 = 0.0000E+000(kN/m)
  RJX3 = 8.7323E+005(kN/m)  RJY3 = 1.1449E+006(kN/m)  RJZ3 = 2.8371E+009(kN*m/Rad)
     ----------------------------------------------------------
  Floor No. 7     Tower No. 1
  Xstif=   149.2488(m)     Ystif=    38.0131(m)     Alf  =   179.9558(Degree)
  Xmass=   148.4100(m)     Ymass=    37.9911(m)     Gmass(重力荷载代表值)=   798.8983(  739.4696)(t)
  Eex  =     0.0010        Eey  =     0.0628
  Ratx =     1.0000        Raty =     1.0000
  薄弱层地震剪力放大系数= 1.00
  Ratx1=     2.7263        Raty1=     3.2338
  Ratx2=     2.1205        Raty2=     2.5152
  RJX1 = 2.0361E+007(kN/m)  RJY1 = 4.7321E+007(kN/m)  RJZ1 = 0.0000E+000(kN/m)
  RJX3 = 7.3664E+005(kN/m)  RJY3 = 8.7558E+005(kN/m)  RJZ3 = 2.2547E+009(kN*m/Rad)
     ----------------------------------------------------------
  Floor No. 8     Tower No. 1
  Xstif=   160.5647(m)     Ystif=    38.1192(m)     Alf  =     0.2579(Degree)
  Xmass=   160.3030(m)     Ymass=    37.9524(m)     Gmass(重力荷载代表值)=   436.3091(  407.1446)(t)
  Eex  =     0.0148        Eey  =     0.0384
  Ratx =     0.5000        Raty =     0.5212
  薄弱层地震剪力放大系数= 1.00
  Ratx1=     1.0000        Raty1=     1.0000
  Ratx2=     1.0000        Raty2=     1.0000
  RJX1 = 1.0180E+007(kN/m)  RJY1 = 2.4664E+007(kN/m)  RJZ1 = 0.0000E+000(kN/m)
  RJX3 = 3.8600E+005(kN/m)  RJY3 = 3.8680E+005(kN/m)  RJZ3 = 3.0549E+008(kN*m/Rad)
     ----------------------------------------------------------
  X方向最小刚度比:  1.0000(8层1塔)
  Y方向最小刚度比:  1.0000(8层1塔)

============================================================================
 地下室楼层侧向刚度比验算（剪切刚度）
============================================================================
  地下室层号：  1    塔号：  1
  X方向地下一层剪切刚度=3.6780E+007   X方向地上一层剪切刚度=2.0361E+007   X方向刚度比=    1.8064
  Y方向地下一层剪切刚度=4.2758E+007   Y方向地上一层剪切刚度=4.7321E+007   Y方向刚度比=    0.9036

     **********************************************************
                       结构整体抗倾覆验算
     **********************************************************

               抗倾覆力矩Mr     倾覆力矩Mov    比值Mr/Mov    零应力区(%)

  层号：1   塔号：1

  X向风        1.231E+006       4.492E+003        274.03         0.00
  Y向风        3.817E+005       1.265E+004         30.17         0.00
  X地震        1.189E+006       1.674E+004         71.01         0.00
  Y地震        3.686E+005       1.815E+004         20.31         0.00

     **********************************************************
                       结构整体稳定验算
     **********************************************************

  地震:

    层号：2   塔号：1

    X向刚重比 EJd/GH**2=    13.735
    Y向刚重比 EJd/GH**2=    16.016
    该结构刚重比EJd/GH**2大于1.4，能够通过《高规》5.4.4条的整体稳定验算
    该结构刚重比EJd/GH**2大于2.7，满足《高规》5.4.1，可以不考虑重力二阶效应

  风荷载:

    层号：2   塔号：1

    X向刚重比 EJd/GH**2=    15.550
    Y向刚重比 EJd/GH**2=    20.717
    该结构刚重比EJd/GH**2大于1.4，能够通过《高规》5.4.4条的整体稳定验算
    该结构刚重比EJd/GH**2大于2.7，满足《高规》5.4.1，可以不考虑重力二阶效应

     **********************************************************
                       结构抗震验算
     **********************************************************

     **********************************************************
                       风振舒适度验算
     **********************************************************

   塔号：1

   按《荷载规范》附录J计算：
      X向顺风向顶点最大加速度(m/s2) = 0.022
      X向横风向顶点最大加速度(m/s2) = 0.012
      Y向顺风向顶点最大加速度(m/s2) = 0.059
      Y向横风向顶点最大加速度(m/s2) = 0.047


     **********************************************************
                              内外力平衡验算
     **********************************************************

   说明：
   恒、活荷载指本层及以上楼层恒、活荷载总值
   风荷载指本层及以上楼层风荷载总值
   注意：
   软件按构件所属楼层号统计该层内力，而外力是其上全部楼层的叠加结果
   对于地下室部分及存在越层构件、多层构件接地等情况可能会导致内外力统计结果不平衡，不会影响其它设计结果

   ----------------------------------------------------------
   1、恒、活荷载作用下轴力平衡验算(kN)：

   层号   塔号      恒载   恒载下轴力        活载   活载下轴力
    8      1      3779.8       3779.8       583.3        583.3
    7      1     10580.2      10580.2      1771.9       1771.9
    6      1     16706.0      16706.1      2982.1       2982.1
    5      1     22831.9      22831.9      4192.3       4192.3
    4      1     28957.7      28957.7      5402.5       5402.5
    3      1     35083.6      35083.6      6612.7       6612.7
    2      1     41209.4      41209.4      7822.9       7822.9
    1      1     50884.5      50884.5      9889.7       9889.7

   ----------------------------------------------------------
   2、风荷载作用下剪力平衡验算(kN)：

   层号   塔号    X向风荷载    X向楼层剪力    Y向风荷载    Y向楼层剪力
    8      1           44.9           44.9         70.6           70.6
    7      1           85.9           85.9        196.7          196.7
    6      1          123.0          123.0        311.1          311.1
    5      1          156.1          156.1        413.8          413.8
    4      1          185.8          185.8        506.3          506.3
    3      1          213.2          213.2        592.1          592.1
    2      1          238.1          238.1        670.6          670.6
    1      1          238.1          188.3        670.6         -222.2

     **********************************************************
                       楼层抗剪承载力验算
     **********************************************************

  Ratio_X,Ratio_Y: 表示本层与上一层的承载力之比

  层号   塔号    X向承载力    Y向承载力   Ratio_X    Ratio_Y
    8     1     2.4299E+003  5.7962E+003    1.00       1.00
    7     1     4.8329E+003  1.0955E+004    1.99       1.89
    6     1     4.9115E+003  1.0600E+004    1.02       0.97
    5     1     5.2358E+003  1.0949E+004    1.07       1.03
    4     1     5.2908E+003  1.0874E+004    1.01       0.99
    3     1     5.3122E+003  1.1430E+004    1.00       1.05
    2     1     5.1624E+003  1.1775E+004    0.97       1.03
    1     1     1.8685E+004  2.0921E+004    3.62       1.78
