	           柱信息

一、几何材料信息

  1. 层号                       IST  = 1
  2. 构件编号                   ID   = 8
  3. 构件全楼编号               TotID= 1000195
  4. 上节点号                   J1   = 1000012
  5. 下节点号                   J2   = 8
  6. 构件属性信息               砼柱 矩形
  7. 长度X (m)                  LCX  = 4.70
  8. 长度Y (m)                  LCY  = 4.70
  9. 截面参数                   (1)B*H(mm)=600*600
  10. 保护层厚度 (mm)           Cov = 20
  11. 箍筋间距 (mm)             SS  = 100
  12. 混凝土强度等级            RC  = 30.0
  13. 钢号                      STL = 
  14. 主筋强度 (N/mm2)          FYI = 360.0
  15. 箍筋强度 (N/mm2)          FYJ = 360.0
  16. 抗震措施的抗震等级        NF  = 3
  17. 抗震构造措施的抗震等级    NF_GZ  = 3
  18. 计算长度系数              CX  = 1.00
  19. 计算长度系数              CY  = 1.00
  20. 内力计算截面数            nSect1= 2
  21. 配筋计算截面数            nSect2= 2

  *  以下输出信息的单位：                                  *
  *      轴力和剪力为 kN，弯矩为 kN.m                      *
  *      钢筋面积为 mm*mm                                  *

二、标准内力信息

         EX -- X方向地震作用下的标准内力
        EX+ -- X方向(+5%偏心)地震作用下的标准内力
        EX- -- X方向(-5%偏心)地震作用下的标准内力
         EY -- Y方向地震作用下的标准内力
        EY+ -- Y方向(+5%偏心)地震作用下的标准内力
        EY- -- Y方向(-5%偏心)地震作用下的标准内力
      EXMAX -- X方向最不利地震作用下的标准内力
      EYMAX -- Y方向最不利地震作用下的标准内力
        +WX -- +X方向风荷载作用下的标准内力
        -WX -- -X方向风荷载作用下的标准内力
        +WY -- +Y方向风荷载作用下的标准内力
        -WY -- -Y方向风荷载作用下的标准内力
       SOIL -- 土压力作用下的标准内力
         DL -- 恒载作用下的标准内力
         LL -- 活载作用下的标准内力
        LL1 -- 考虑活载随机作用时梁负弯矩包络的标准内力
        LL2 -- 考虑活载随机作用时梁正弯矩包络的标准内力
     自定义工况 -- 自定义工况

     前面加*表示调整前内力

 柱标准内力输出
 iCase           : 工况名称
 Shear-X，Shear-Y: X，Y 方向的底部剪力
 Axial           : 轴力
 Mx-Btm，My-Btm  : X，Y 方向的底部弯矩
 Mx-Top，My-Top  : X，Y 方向的顶部弯矩
 N-C             : 柱编号
 Node-i，Node-j  : 上，下节点号
 DL，Angle       : 柱长度，布置角度

   (iCase)   Shear-X   Shear-Y     Axial    Mx-Btm    My-Btm    Mx-Top    My-Top

 *(    EX)      -4.8      -0.5     -27.5       1.2       8.1      -1.2      14.8
  (    EX)      -4.8      -0.5     -27.5       1.2       8.1      -1.2      14.8
 *(   EX+)      -4.9      -0.5     -28.8       1.2       8.2      -1.1      15.3
  (   EX+)      -4.9      -0.5     -28.8       1.2       8.2      -1.1      15.3
 *(   EX-)      -4.6      -0.6     -26.2       1.3       7.9      -1.3      14.3
  (   EX-)      -4.6      -0.6     -26.2       1.3       7.9      -1.3      14.3
 *(    EY)      -1.0      -9.7       6.4      14.4      -2.4     -31.0       2.4
  (    EY)      -1.0      -9.7       6.4      14.4      -2.4     -31.0       2.4
 *(   EY+)      -1.0      -9.6       5.5      14.4      -2.5     -30.9       2.4
  (   EY+)      -1.0      -9.6       5.5      14.4      -2.5     -30.9       2.4
 *(   EY-)      -1.0      -9.7       7.4      14.5      -2.4     -31.0       2.5
  (   EY-)      -1.0      -9.7       7.4      14.5      -2.4     -31.0       2.5
 *( EXMAX)      -4.7      -2.0     -26.1       3.1       8.1      -6.2      14.5
  ( EXMAX)      -4.7      -2.0     -26.1       3.1       8.1      -6.2      14.5
 *( EYMAX)       1.2      -9.5      10.8      14.2      -2.3     -30.3      -3.6
  ( EYMAX)       1.2      -9.5      10.8      14.2      -2.3     -30.3      -3.6
 *(   +WX)      -1.2      -0.0      -7.5       0.1      -1.6      -0.1       4.0
  (   +WX)      -1.2      -0.0      -7.5       0.1      -1.6      -0.1       4.0
 *(   -WX)       1.2       0.0       7.5      -0.1       1.6       0.1      -4.0
  (   -WX)       1.2       0.0       7.5      -0.1       1.6       0.1      -4.0
 *(   +WY)       0.0      -2.5       1.9       3.8       0.1      -8.2      -0.2
  (   +WY)       0.0      -2.5       1.9       3.8       0.1      -8.2      -0.2
 *(   -WY)      -0.0       2.5      -1.9      -3.8      -0.1       8.2       0.2
  (   -WY)      -0.0       2.5      -1.9      -3.8      -0.1       8.2       0.2
 *(  SOIL)      -1.0       1.1      21.2      -1.1      -0.9       3.8       3.6
  (  SOIL)      -1.0       1.1      21.2      -1.1      -0.9       3.8       3.6
 *(    DL)       4.1     -43.4   -1878.1      66.6       6.3    -137.3     -13.1
  (    DL)       4.1     -43.4   -1878.1      66.6       6.3    -137.3     -13.1
 *(    LL)       0.4      -4.2    -461.8       6.4       0.6     -13.2      -1.3
  (    LL)       0.4      -4.2    -461.8       6.4       0.6     -13.2      -1.3
 *(自定义工况)      -0.0       0.2      -1.2      -0.4      -0.1       0.7       0.1
  (自定义工况)      -0.0       0.2      -1.2      -0.4      -0.1       0.7       0.1

三、构件设计验算信息

       brc --- 薄弱层调整系数，大于1时输出
       jzx,jzy --- X、Y向最小剪重比调整系数，大于1时输出
       jzz --- 竖向地震作用调整系数，大于1时输出
       02vx,02vy --- X、Y向0.2V0调整系数，大于1时输出
       zh --- 水平转换构件地震作用调整系数，大于1时输出
       xfc --- 消防车荷载折减系数
       livec --- 柱、墙活荷载按楼层折减系数
       kzzx,kzzy --- 框支柱地震作用调整系数
       kzzn --- 转换柱轴力调整系数
       zcn --- 贮仓支柱轴力调整系数
       vcoex,vcoey --- 柱剪力系数，在特殊构件中定义，大于1时输出
       cq --- 柱冲切验算时不平衡弯矩地震放大系数
       zps --- 装配式结构中竖向构件地震内力放大系数
       zpseam --- 预制构件接缝验算时的受剪承载力增大系数
       ηmu,ηvu,ηmd,ηvd --- 柱、墙顶、底的强柱弱梁、强剪弱弯调整系数
       Ωmin --- 耗能构件性能系数最小值
       βe --- 性能系数的调整系数

       Cx,Cy --- 分别为X、Y向计算长度系数
       λc --- 柱剪跨比，非简化方法计算时输出对应的设计内力
       Rs --- 全截面配筋率,上下端取大值(As/Ac)
       Rsv --- 体积配箍率(Vs/Vc)
       Uc --- 轴压比(N/Ac/fc)
       Nu --- 控制轴压比的轴力(kN)
       Uc_G --- 按重力荷载代表值计算的轴压比(N/Ac/fc)
       Nu_G --- 重力荷载代表值下的轴力(kN)
       Asc --- 矩形截面单根角筋面积(mm2)
       Asxt,Asxb --- 矩形截面B边上下端单边配筋面积(含两根角筋)(mm2)
       Asyt,Asyb --- 矩形截面H边上下端单边配筋面积(含两根角筋)(mm2)
       Asxt0,Asxb0 --- 矩形截面B边上下端单边计算配筋面积(含两根角筋)(mm2)
       Asyt0,Asyb0 --- 矩形截面H边上下端单边计算配筋面积(含两根角筋)(mm2)
       Ast,Asb --- 圆截面上下端全截面配筋面积(mm2)
       Aszt,Aszb --- 异型截面柱角部上下端的固定配筋面积之和(mm2)
       Asft,Asfb --- 异型截面柱上下端分布配筋面积之和(mm2)
       Asvx,Asvx0 --- 矩形截面沿B边方向加密区和非加密区箍筋面积(mm2)
       Asvy,Asvy0 --- 矩形截面沿H边方向加密区和非加密区箍筋面积(mm2)
       Asv,Asv0 --- 圆截面或异型截面柱加密区和非加密区箍筋面积(mm2)
       Asvp,Asvp0 --- 单侧一个梁箍筋间距内的抗冲切箍筋面积(mm2)
       N,Mx,My --- 矩形柱、圆柱、异型柱纵向钢筋配筋控制内力(kN,kN-m)
       N,Vx,Vy --- 矩形柱、圆柱、异型柱箍筋的配筋控制内力(kN)
       Asvjx,Asvjy --- 柱节点沿B边或H边的箍筋面积(mm2)
       Nj,Vjx,Vjy --- 节点域箍筋Asvjx、Asvjy的控制内力(kN)
       注：柱箍筋是指单位间距范围内的箍筋面积
       CB_XF,CB_YF --- 投影到整体坐标系下的X、Y向抗剪承载力(kN)
       Fl --- 柱冲切计算时的等效冲切力(kN)

  ---------------------------------------------------------
  N-C=8  (I=1000012, J=8)(1)B*H(mm)=600*600
  Cover= 20(mm) Cx=1.00 Cy=1.00 Lcx=4.70(m) Lcy=4.70(m) Nfc=3 Nfc_gz=3 Rcc=30.0 Fy=360 Fyv=360
  砼柱 矩形
  livec=1.000
  ηmu=1.300  ηvu=1.560  ηmd=1.300  ηvd=1.560
  λc=4.215
  ( 27)Nu=   -2542.8  Uc= 0.49  Rs= 0.75(%)  Rsv= 0.42(%)  Asc=   254
  (  1)N=   -3107.9 Mx=    -192.5 My=     -14.2 Asxt=       929 Asxt0=         0
  (  1)N=   -3107.9 Mx=    -192.5 My=     -14.2 Asyt=       929 Asyt0=         0
  (  1)N=   -3107.9 Mx=      94.3 My=       7.7 Asxb=       929 Asxb0=         0
  (  1)N=   -3107.9 Mx=      94.3 My=       7.7 Asyb=       929 Asyb0=         0
  ( 28)N=   -2468.0 Vx=      16.2 Vy=     -82.1 Ts=      -0.3 Asvx=       112 Asvx0=         0
  ( 29)N=   -2495.8 Vx=       4.2 Vy=    -102.7 Ts=       0.1 Asvy=       112 Asvy0=         0
  节点核芯区设计结果：
  ( 27) N=   -1512.2  Vjx=     273.7  Asvjx=       107  Asvjxcal=         0
  ( 30) N=   -1505.3  Vjy=    -423.7  Asvjy=       107  Asvjycal=         0

  抗剪承载力: CB_XF=    342.42  CB_YF=    351.20

四、荷载组合分项系数说明

     荷载组合分项系数说明，其中：
     Ncm --- 组合号
     V-D,V-L --- 分别为恒载、活载分项系数
     +X-W,-X-W --- 分别为X正负方向水平风荷载分项系数
     +Y-W,-Y-W --- 分别为Y正负方向水平风荷载分项系数
     X-E,Y-E --- 分别为X向、Y向水平地震荷载分项系数
     Z-E --- 竖向地震荷载分项系数
     R-F --- 人防荷载分项系数
     TEM --- 温度荷载分项系数
     CRN --- 吊车荷载分项系数

     Ncm   V-D   V-L   +X-W   -X-W   +Y-W   -Y-W   X-E   Y-E   Z-E   R-F   TEM   CRN
       1  1.30  1.50    --     --     --     --    --    --    --    --    --    -- 
       2  1.00  1.50    --     --     --     --    --    --    --    --    --    -- 
       3  1.30   --    1.50    --     --     --    --    --    --    --    --    -- 
       4  1.30   --     --    1.50    --     --    --    --    --    --    --    -- 
       5  1.30   --     --     --    1.50    --    --    --    --    --    --    -- 
       6  1.30   --     --     --     --    1.50   --    --    --    --    --    -- 
       7  1.30  1.50   0.90    --     --     --    --    --    --    --    --    -- 
       8  1.30  1.50    --    0.90    --     --    --    --    --    --    --    -- 
       9  1.30  1.50    --     --    0.90    --    --    --    --    --    --    -- 
      10  1.30  1.50    --     --     --    0.90   --    --    --    --    --    -- 
      11  1.30  1.05   1.50    --     --     --    --    --    --    --    --    -- 
      12  1.30  1.05    --    1.50    --     --    --    --    --    --    --    -- 
      13  1.30  1.05    --     --    1.50    --    --    --    --    --    --    -- 
      14  1.30  1.05    --     --     --    1.50   --    --    --    --    --    -- 
      15  1.00   --    1.50    --     --     --    --    --    --    --    --    -- 
      16  1.00   --     --    1.50    --     --    --    --    --    --    --    -- 
      17  1.00   --     --     --    1.50    --    --    --    --    --    --    -- 
      18  1.00   --     --     --     --    1.50   --    --    --    --    --    -- 
      19  1.00  1.50   0.90    --     --     --    --    --    --    --    --    -- 
      20  1.00  1.50    --    0.90    --     --    --    --    --    --    --    -- 
      21  1.00  1.50    --     --    0.90    --    --    --    --    --    --    -- 
      22  1.00  1.50    --     --     --    0.90   --    --    --    --    --    -- 
      23  1.00  1.05   1.50    --     --     --    --    --    --    --    --    -- 
      24  1.00  1.05    --    1.50    --     --    --    --    --    --    --    -- 
      25  1.00  1.05    --     --    1.50    --    --    --    --    --    --    -- 
      26  1.00  1.05    --     --     --    1.50   --    --    --    --    --    -- 
      27  1.20  0.60    --     --     --     --   1.30   --    --    --    --    -- 
      28  1.20  0.60    --     --     --     --  -1.30   --    --    --    --    -- 
      29  1.20  0.60    --     --     --     --    --   1.30   --    --    --    -- 
      30  1.20  0.60    --     --     --     --    --  -1.30   --    --    --    -- 
      31  1.00  0.50    --     --     --     --   1.30   --    --    --    --    -- 
      32  1.00  0.50    --     --     --     --  -1.30   --    --    --    --    -- 
      33  1.00  0.50    --     --     --     --    --   1.30   --    --    --    -- 
      34  1.00  0.50    --     --     --     --    --  -1.30   --    --    --    -- 

五、各组合设计内力

  组合号   截面        Mx        My        Vx        Vy         N         T
     1       1     -192.5     -14.2       4.7     -61.0   -3107.9      -0.0
     1       2       94.3       7.7       4.7     -61.0   -3107.9      -0.0
     1       1     -186.3     -13.6       4.5     -59.0   -2900.7      -0.0
     1       2       91.2       7.4       4.5     -59.0   -2900.7      -0.0
     2       1     -152.5     -11.3       3.7     -48.3   -2550.8      -0.0
     2       2       74.6       6.1       3.7     -48.3   -2550.8      -0.0
     2       1     -146.2     -10.7       3.5     -46.3   -2343.6      -0.0
     2       2       71.6       5.8       3.5     -46.3   -2343.6      -0.0
     3       1     -173.6      -6.5       2.3     -55.1   -2425.3       0.0
     3       2       85.2       4.5       2.3     -55.1   -2425.3       0.0
     4       1     -173.4     -18.4       5.9     -55.0   -2402.8      -0.0
     4       2       85.0       9.3       5.9     -55.0   -2402.8      -0.0
     5       1     -185.8     -12.7       4.2     -58.8   -2411.2      -0.0
     5       2       90.7       7.0       4.2     -58.8   -2411.2      -0.0
     6       1     -161.2     -12.2       4.1     -51.2   -2416.8       0.0
     6       2       79.4       6.9       4.1     -51.2   -2416.8       0.0
     7       1     -192.6     -10.6       3.6     -61.0   -3114.7      -0.0
     7       2       94.3       6.3       3.6     -61.0   -3114.7      -0.0
     7       1     -186.3     -10.0       3.4     -59.1   -2907.4      -0.0
     7       2       91.3       5.9       3.4     -59.1   -2907.4      -0.0
     8       1     -192.5     -17.8       5.7     -61.0   -3101.2      -0.0
     8       2       94.2       9.2       5.7     -61.0   -3101.2      -0.0
     8       1     -186.2     -17.2       5.5     -59.0   -2893.9      -0.0
     8       2       91.2       8.8       5.5     -59.0   -2893.9      -0.0
     9       1     -199.9     -14.4       4.7     -63.3   -3106.2      -0.0
     9       2       97.7       7.8       4.7     -63.3   -3106.2      -0.0
     9       1     -193.7     -13.7       4.5     -61.3   -2899.0      -0.0
     9       2       94.6       7.4       4.5     -61.3   -2899.0      -0.0
    10       1     -185.2     -14.1       4.6     -58.7   -3109.6      -0.0
    10       2       90.9       7.7       4.6     -58.7   -3109.6      -0.0
    10       1     -178.9     -13.5       4.4     -56.7   -2902.4      -0.0
    10       2       87.8       7.3       4.4     -56.7   -2902.4      -0.0
    11       1     -186.7      -7.7       2.7     -59.2   -2911.4       0.0
    11       2       91.5       5.0       2.7     -59.2   -2911.4       0.0
    12       1     -186.5     -19.6       6.3     -59.1   -2888.9      -0.0
    12       2       91.3       9.8       6.3     -59.1   -2888.9      -0.0
    13       1     -198.9     -13.9       4.6     -63.0   -2897.3      -0.0
    13       2       97.0       7.5       4.6     -63.0   -2897.3      -0.0
    14       1     -174.3     -13.4       4.4     -55.3   -2903.0       0.0
    14       2       85.7       7.4       4.4     -55.3   -2903.0       0.0
    15       1     -133.6      -3.6       1.4     -42.4   -1868.2       0.0
    15       2       65.5       2.9       1.4     -42.4   -1868.2       0.0
    16       1     -133.4     -15.5       4.9     -42.3   -1845.7      -0.0
    16       2       65.4       7.7       4.9     -42.3   -1845.7      -0.0
    17       1     -145.8      -9.8       3.2     -46.1   -1854.1      -0.0
    17       2       71.1       5.4       3.2     -46.1   -1854.1      -0.0
    18       1     -121.2      -9.3       3.1     -38.5   -1859.8       0.0
    18       2       59.8       5.3       3.1     -38.5   -1859.8       0.0
    19       1     -152.5      -7.8       2.6     -48.3   -2557.6      -0.0
    19       2       74.7       4.7       2.6     -48.3   -2557.6      -0.0
    19       1     -146.3      -7.2       2.4     -46.4   -2350.3      -0.0
    19       2       71.6       4.3       2.4     -46.4   -2350.3      -0.0
    20       1     -152.4     -14.9       4.8     -48.3   -2544.1      -0.0
    20       2       74.6       7.6       4.8     -48.3   -2544.1      -0.0
    20       1     -146.2     -14.3       4.6     -46.3   -2336.8      -0.0
    20       2       71.5       7.2       4.6     -46.3   -2336.8      -0.0
    21       1     -159.9     -11.5       3.8     -50.6   -2549.1      -0.0
    21       2       78.0       6.2       3.8     -50.6   -2549.1      -0.0
    21       1     -153.6     -10.9       3.6     -48.6   -2341.9      -0.0
    21       2       75.0       5.8       3.6     -48.6   -2341.9      -0.0
    22       1     -145.1     -11.2       3.7     -46.0   -2552.5      -0.0
    22       2       71.2       6.1       3.7     -46.0   -2552.5      -0.0
    22       1     -138.9     -10.6       3.5     -44.1   -2345.3      -0.0
    22       2       68.2       5.7       3.5     -44.1   -2345.3      -0.0
    23       1     -146.7      -4.8       1.8     -46.5   -2354.3       0.0
    23       2       71.8       3.4       1.8     -46.5   -2354.3       0.0
    24       1     -146.5     -16.7       5.3     -46.4   -2331.8      -0.0
    24       2       71.7       8.2       5.3     -46.4   -2331.8      -0.0
    25       1     -158.8     -11.0       3.6     -50.3   -2340.2      -0.0
    25       2       77.4       5.9       3.6     -50.3   -2340.2      -0.0
    26       1     -134.3     -10.5       3.5     -42.6   -2345.9       0.0
    26       2       66.1       5.8       3.5     -42.6   -2345.9       0.0
    27       1     -220.5       9.1      -3.3     -84.2   -2541.1       0.3
    27       2      109.2      22.4      -3.3     -84.2   -2541.1       0.3
    27       1     -220.4       9.9      -3.6     -84.1   -2542.8       0.3
    27       2      109.1      22.7      -3.6     -84.1   -2542.8       0.3
    27       1     -220.6       8.3      -3.1     -84.2   -2539.5       0.3
    27       2      109.3      22.2      -3.1     -84.2   -2539.5       0.3
    27       1     -229.0       8.7      -3.2     -87.1   -2539.3       0.3
    27       2      112.3      22.5      -3.2     -87.1   -2539.3       0.3
    28       1     -216.4     -40.9      16.0     -82.1   -2469.6      -0.3
    28       2      105.0      -4.8      16.0     -82.1   -2469.6      -0.3
    28       1     -216.5     -41.7      16.2     -82.1   -2468.0      -0.3
    28       2      105.1      -5.0      16.2     -82.1   -2468.0      -0.3
    28       1     -216.3     -40.1      15.7     -82.0   -2471.3      -0.3
    28       2      104.9      -4.6      15.7     -82.0   -2471.3      -0.3
    28       1     -207.9     -40.5      15.9     -79.1   -2471.5      -0.3
    28       2      101.9      -4.9      15.9     -79.1   -2471.5      -0.3
    29       1     -270.8     -11.9       4.2    -102.7   -2497.0       0.1
    29       2      131.5       4.7       4.2    -102.7   -2497.0       0.1
    29       1     -270.7     -11.8       4.2    -102.7   -2498.2       0.1
    29       2      131.5       4.6       4.2    -102.7   -2498.2       0.1
    29       1     -270.9     -11.7       4.2    -102.7   -2495.8       0.1
    29       2      131.5       4.7       4.2    -102.7   -2495.8       0.1
    29       1     -269.8     -21.9       8.8    -102.3   -2491.3       0.1
    29       2      131.0       4.9       8.8    -102.3   -2491.3       0.1
    30       1     -166.2     -19.9       8.4     -63.5   -2513.8      -0.1
    30       2       82.7      12.9       8.4     -63.5   -2513.8      -0.1
    30       1     -166.3     -19.9       8.4     -63.6   -2512.6      -0.1
    30       2       82.7      13.0       8.4     -63.6   -2512.6      -0.1
    30       1     -166.1     -20.1       8.4     -63.5   -2515.0      -0.1
    30       2       82.6      12.9       8.4     -63.5   -2515.0      -0.1
    30       1     -167.2      -9.9       3.8     -63.9   -2519.5      -0.1
    30       2       83.1      12.7       3.8     -63.9   -2519.5      -0.1
    31       1     -184.1      11.7      -4.4     -70.3   -2123.6       0.3
    31       2       91.3      21.0      -4.4     -70.3   -2123.6       0.3
    31       1     -184.0      12.5      -4.7     -70.3   -2125.2       0.3
    31       2       91.2      21.2      -4.7     -70.3   -2125.2       0.3
    31       1     -184.2      10.9      -4.1     -70.4   -2121.9       0.3
    31       2       91.5      20.7      -4.1     -70.4   -2121.9       0.3
    31       1     -192.6      11.3      -4.3     -73.3   -2121.7       0.3
    31       2       94.5      21.0      -4.3     -73.3   -2121.7       0.3
    32       1     -180.0     -38.2      14.9     -68.2   -2052.1      -0.3
    32       2       87.1      -6.3      14.9     -68.2   -2052.1      -0.3
    32       1     -180.1     -39.0      15.2     -68.3   -2050.4      -0.3
    32       2       87.2      -6.5      15.2     -68.3   -2050.4      -0.3
    32       1     -179.9     -37.4      14.6     -68.2   -2053.7      -0.3
    32       2       87.0      -6.0      14.6     -68.2   -2053.7      -0.3
    32       1     -171.5     -37.8      14.8     -65.3   -2053.9      -0.3
    32       2       84.0      -6.3      14.8     -65.3   -2053.9      -0.3
    33       1     -234.4      -9.2       3.2     -88.8   -2079.5       0.1
    33       2      113.7       3.2       3.2     -88.8   -2079.5       0.1
    33       1     -234.3      -9.2       3.2     -88.8   -2080.6       0.1
    33       2      113.6       3.2       3.2     -88.8   -2080.6       0.1
    33       1     -234.5      -9.1       3.2     -88.9   -2078.2       0.1
    33       2      113.7       3.3       3.2     -88.9   -2078.2       0.1
    33       1     -233.4     -19.3       7.7     -88.5   -2073.8       0.1
    33       2      113.2       3.5       7.7     -88.5   -2073.8       0.1
    34       1     -129.7     -17.3       7.3     -49.7   -2096.2      -0.1
    34       2       64.8      11.5       7.3     -49.7   -2096.2      -0.1
    34       1     -129.8     -17.3       7.4     -49.7   -2095.0      -0.1
    34       2       64.9      11.5       7.4     -49.7   -2095.0      -0.1
    34       1     -129.7     -17.4       7.3     -49.7   -2097.4      -0.1
    34       2       64.8      11.4       7.3     -49.7   -2097.4      -0.1
    34       1     -130.8      -7.2       2.8     -50.1   -2101.9      -0.1
    34       2       65.3      11.2       2.8     -50.1   -2101.9      -0.1

六、各组合分项系数
  组合号        DL       LL      LL1      LL2   自定义工况      +WX      -WX      +WY      -WY       EX      EX+      EX-       EY      EY+      EY-    EXMAX    EYMAX     SOIL
       1      1.30     1.50       --       --         1.05       --       --       --       --       --       --       --       --       --       --       --       --     1.30
       1      1.30     1.05       --       --         1.50       --       --       --       --       --       --       --       --       --       --       --       --     1.30
       2      1.00     1.50       --       --         1.05       --       --       --       --       --       --       --       --       --       --       --       --     1.00
       2      1.00     1.05       --       --         1.50       --       --       --       --       --       --       --       --       --       --       --       --     1.00
       3      1.30       --       --       --           --     1.50       --       --       --       --       --       --       --       --       --       --       --     1.30
       4      1.30       --       --       --           --       --     1.50       --       --       --       --       --       --       --       --       --       --     1.30
       5      1.30       --       --       --           --       --       --     1.50       --       --       --       --       --       --       --       --       --     1.30
       6      1.30       --       --       --           --       --       --       --     1.50       --       --       --       --       --       --       --       --     1.30
       7      1.30     1.50       --       --         1.05     0.90       --       --       --       --       --       --       --       --       --       --       --     1.30
       7      1.30     1.05       --       --         1.50     0.90       --       --       --       --       --       --       --       --       --       --       --     1.30
       8      1.30     1.50       --       --         1.05       --     0.90       --       --       --       --       --       --       --       --       --       --     1.30
       8      1.30     1.05       --       --         1.50       --     0.90       --       --       --       --       --       --       --       --       --       --     1.30
       9      1.30     1.50       --       --         1.05       --       --     0.90       --       --       --       --       --       --       --       --       --     1.30
       9      1.30     1.05       --       --         1.50       --       --     0.90       --       --       --       --       --       --       --       --       --     1.30
      10      1.30     1.50       --       --         1.05       --       --       --     0.90       --       --       --       --       --       --       --       --     1.30
      10      1.30     1.05       --       --         1.50       --       --       --     0.90       --       --       --       --       --       --       --       --     1.30
      11      1.30     1.05       --       --         1.05     1.50       --       --       --       --       --       --       --       --       --       --       --     1.30
      12      1.30     1.05       --       --         1.05       --     1.50       --       --       --       --       --       --       --       --       --       --     1.30
      13      1.30     1.05       --       --         1.05       --       --     1.50       --       --       --       --       --       --       --       --       --     1.30
      14      1.30     1.05       --       --         1.05       --       --       --     1.50       --       --       --       --       --       --       --       --     1.30
      15      1.00       --       --       --           --     1.50       --       --       --       --       --       --       --       --       --       --       --     1.00
      16      1.00       --       --       --           --       --     1.50       --       --       --       --       --       --       --       --       --       --     1.00
      17      1.00       --       --       --           --       --       --     1.50       --       --       --       --       --       --       --       --       --     1.00
      18      1.00       --       --       --           --       --       --       --     1.50       --       --       --       --       --       --       --       --     1.00
      19      1.00     1.50       --       --         1.05     0.90       --       --       --       --       --       --       --       --       --       --       --     1.00
      19      1.00     1.05       --       --         1.50     0.90       --       --       --       --       --       --       --       --       --       --       --     1.00
      20      1.00     1.50       --       --         1.05       --     0.90       --       --       --       --       --       --       --       --       --       --     1.00
      20      1.00     1.05       --       --         1.50       --     0.90       --       --       --       --       --       --       --       --       --       --     1.00
      21      1.00     1.50       --       --         1.05       --       --     0.90       --       --       --       --       --       --       --       --       --     1.00
      21      1.00     1.05       --       --         1.50       --       --     0.90       --       --       --       --       --       --       --       --       --     1.00
      22      1.00     1.50       --       --         1.05       --       --       --     0.90       --       --       --       --       --       --       --       --     1.00
      22      1.00     1.05       --       --         1.50       --       --       --     0.90       --       --       --       --       --       --       --       --     1.00
      23      1.00     1.05       --       --         1.05     1.50       --       --       --       --       --       --       --       --       --       --       --     1.00
      24      1.00     1.05       --       --         1.05       --     1.50       --       --       --       --       --       --       --       --       --       --     1.00
      25      1.00     1.05       --       --         1.05       --       --     1.50       --       --       --       --       --       --       --       --       --     1.00
      26      1.00     1.05       --       --         1.05       --       --       --     1.50       --       --       --       --       --       --       --       --     1.00
      27      1.20     0.60       --       --           --       --       --       --       --     1.30       --       --       --       --       --       --       --     1.20
      27      1.20     0.60       --       --           --       --       --       --       --       --     1.30       --       --       --       --       --       --     1.20
      27      1.20     0.60       --       --           --       --       --       --       --       --       --     1.30       --       --       --       --       --     1.20
      27      1.20     0.60       --       --           --       --       --       --       --       --       --       --       --       --       --     1.30       --     1.20
      28      1.20     0.60       --       --           --       --       --       --       --    -1.30       --       --       --       --       --       --       --     1.20
      28      1.20     0.60       --       --           --       --       --       --       --       --    -1.30       --       --       --       --       --       --     1.20
      28      1.20     0.60       --       --           --       --       --       --       --       --       --    -1.30       --       --       --       --       --     1.20
      28      1.20     0.60       --       --           --       --       --       --       --       --       --       --       --       --       --    -1.30       --     1.20
      29      1.20     0.60       --       --           --       --       --       --       --       --       --       --     1.30       --       --       --       --     1.20
      29      1.20     0.60       --       --           --       --       --       --       --       --       --       --       --     1.30       --       --       --     1.20
      29      1.20     0.60       --       --           --       --       --       --       --       --       --       --       --       --     1.30       --       --     1.20
      29      1.20     0.60       --       --           --       --       --       --       --       --       --       --       --       --       --       --     1.30     1.20
      30      1.20     0.60       --       --           --       --       --       --       --       --       --       --    -1.30       --       --       --       --     1.20
      30      1.20     0.60       --       --           --       --       --       --       --       --       --       --       --    -1.30       --       --       --     1.20
      30      1.20     0.60       --       --           --       --       --       --       --       --       --       --       --       --    -1.30       --       --     1.20
      30      1.20     0.60       --       --           --       --       --       --       --       --       --       --       --       --       --       --    -1.30     1.20
      31      1.00     0.50       --       --           --       --       --       --       --     1.30       --       --       --       --       --       --       --     1.00
      31      1.00     0.50       --       --           --       --       --       --       --       --     1.30       --       --       --       --       --       --     1.00
      31      1.00     0.50       --       --           --       --       --       --       --       --       --     1.30       --       --       --       --       --     1.00
      31      1.00     0.50       --       --           --       --       --       --       --       --       --       --       --       --       --     1.30       --     1.00
      32      1.00     0.50       --       --           --       --       --       --       --    -1.30       --       --       --       --       --       --       --     1.00
      32      1.00     0.50       --       --           --       --       --       --       --       --    -1.30       --       --       --       --       --       --     1.00
      32      1.00     0.50       --       --           --       --       --       --       --       --       --    -1.30       --       --       --       --       --     1.00
      32      1.00     0.50       --       --           --       --       --       --       --       --       --       --       --       --       --    -1.30       --     1.00
      33      1.00     0.50       --       --           --       --       --       --       --       --       --       --     1.30       --       --       --       --     1.00
      33      1.00     0.50       --       --           --       --       --       --       --       --       --       --       --     1.30       --       --       --     1.00
      33      1.00     0.50       --       --           --       --       --       --       --       --       --       --       --       --     1.30       --       --     1.00
      33      1.00     0.50       --       --           --       --       --       --       --       --       --       --       --       --       --       --     1.30     1.00
      34      1.00     0.50       --       --           --       --       --       --       --       --       --       --    -1.30       --       --       --       --     1.00
      34      1.00     0.50       --       --           --       --       --       --       --       --       --       --       --    -1.30       --       --       --     1.00
      34      1.00     0.50       --       --           --       --       --       --       --       --       --       --       --       --    -1.30       --       --     1.00
      34      1.00     0.50       --       --           --       --       --       --       --       --       --       --       --       --       --       --    -1.30     1.00

七、标准组合系数
  组合号        DL       LL      LL1      LL2   自定义工况      +WX      -WX      +WY      -WY       EX      EX+      EX-       EY      EY+      EY-    EXMAX    EYMAX     SOIL
       1      1.00     1.00       --       --         0.70       --       --       --       --       --       --       --       --       --       --       --       --     1.00
       1      1.00     0.70       --       --         1.00       --       --       --       --       --       --       --       --       --       --       --       --     1.00
       2      1.00       --       --       --           --     1.00       --       --       --       --       --       --       --       --       --       --       --     1.00
       3      1.00       --       --       --           --       --     1.00       --       --       --       --       --       --       --       --       --       --     1.00
       4      1.00       --       --       --           --       --       --     1.00       --       --       --       --       --       --       --       --       --     1.00
       5      1.00       --       --       --           --       --       --       --     1.00       --       --       --       --       --       --       --       --     1.00
       6      1.00     1.00       --       --         0.70     0.60       --       --       --       --       --       --       --       --       --       --       --     1.00
       6      1.00     0.70       --       --         1.00     0.60       --       --       --       --       --       --       --       --       --       --       --     1.00
       7      1.00     1.00       --       --         0.70       --     0.60       --       --       --       --       --       --       --       --       --       --     1.00
       7      1.00     0.70       --       --         1.00       --     0.60       --       --       --       --       --       --       --       --       --       --     1.00
       8      1.00     1.00       --       --         0.70       --       --     0.60       --       --       --       --       --       --       --       --       --     1.00
       8      1.00     0.70       --       --         1.00       --       --     0.60       --       --       --       --       --       --       --       --       --     1.00
       9      1.00     1.00       --       --         0.70       --       --       --     0.60       --       --       --       --       --       --       --       --     1.00
       9      1.00     0.70       --       --         1.00       --       --       --     0.60       --       --       --       --       --       --       --       --     1.00
      10      1.00     0.70       --       --         0.70     1.00       --       --       --       --       --       --       --       --       --       --       --     1.00
      11      1.00     0.70       --       --         0.70       --     1.00       --       --       --       --       --       --       --       --       --       --     1.00
      12      1.00     0.70       --       --         0.70       --       --     1.00       --       --       --       --       --       --       --       --       --     1.00
      13      1.00     0.70       --       --         0.70       --       --       --     1.00       --       --       --       --       --       --       --       --     1.00
      14      1.00     0.50       --       --           --       --       --       --       --     1.00       --       --       --       --       --       --       --     1.00
      14      1.00     0.50       --       --           --       --       --       --       --       --     1.00       --       --       --       --       --       --     1.00
      14      1.00     0.50       --       --           --       --       --       --       --       --       --     1.00       --       --       --       --       --     1.00
      14      1.00     0.50       --       --           --       --       --       --       --       --       --       --       --       --       --     1.00       --     1.00
      15      1.00     0.50       --       --           --       --       --       --       --    -1.00       --       --       --       --       --       --       --     1.00
      15      1.00     0.50       --       --           --       --       --       --       --       --    -1.00       --       --       --       --       --       --     1.00
      15      1.00     0.50       --       --           --       --       --       --       --       --       --    -1.00       --       --       --       --       --     1.00
      15      1.00     0.50       --       --           --       --       --       --       --       --       --       --       --       --       --    -1.00       --     1.00
      16      1.00     0.50       --       --           --       --       --       --       --       --       --       --     1.00       --       --       --       --     1.00
      16      1.00     0.50       --       --           --       --       --       --       --       --       --       --       --     1.00       --       --       --     1.00
      16      1.00     0.50       --       --           --       --       --       --       --       --       --       --       --       --     1.00       --       --     1.00
      16      1.00     0.50       --       --           --       --       --       --       --       --       --       --       --       --       --       --     1.00     1.00
      17      1.00     0.50       --       --           --       --       --       --       --       --       --       --    -1.00       --       --       --       --     1.00
      17      1.00     0.50       --       --           --       --       --       --       --       --       --       --       --    -1.00       --       --       --     1.00
      17      1.00     0.50       --       --           --       --       --       --       --       --       --       --       --       --    -1.00       --       --     1.00
      17      1.00     0.50       --       --           --       --       --       --       --       --       --       --       --       --       --       --    -1.00     1.00
