	           柱信息

一、几何材料信息

  1. 层号                       IST  = 1
  2. 构件编号                   ID   = 5
  3. 构件全楼编号               TotID= 1000192
  4. 上节点号                   J1   = 1000021
  5. 下节点号                   J2   = 5
  6. 构件属性信息               砼柱 矩形
  7. 长度X (m)                  LCX  = 4.70
  8. 长度Y (m)                  LCY  = 4.70
  9. 截面参数                   (1)B*H(mm)=600*600
  10. 保护层厚度 (mm)           Cov = 20
  11. 箍筋间距 (mm)             SS  = 100
  12. 混凝土强度等级            RC  = 30.0
  13. 钢号                      STL = 
  14. 主筋强度 (N/mm2)          FYI = 360.0
  15. 箍筋强度 (N/mm2)          FYJ = 360.0
  16. 抗震措施的抗震等级        NF  = 3
  17. 抗震构造措施的抗震等级    NF_GZ  = 3
  18. 计算长度系数              CX  = 1.00
  19. 计算长度系数              CY  = 1.00
  20. 内力计算截面数            nSect1= 2
  21. 配筋计算截面数            nSect2= 2

  *  以下输出信息的单位：                                  *
  *      轴力和剪力为 kN，弯矩为 kN.m                      *
  *      钢筋面积为 mm*mm                                  *

二、标准内力信息

         EX -- X方向地震作用下的标准内力
        EX+ -- X方向(+5%偏心)地震作用下的标准内力
        EX- -- X方向(-5%偏心)地震作用下的标准内力
         EY -- Y方向地震作用下的标准内力
        EY+ -- Y方向(+5%偏心)地震作用下的标准内力
        EY- -- Y方向(-5%偏心)地震作用下的标准内力
      EXMAX -- X方向最不利地震作用下的标准内力
      EYMAX -- Y方向最不利地震作用下的标准内力
        +WX -- +X方向风荷载作用下的标准内力
        -WX -- -X方向风荷载作用下的标准内力
        +WY -- +Y方向风荷载作用下的标准内力
        -WY -- -Y方向风荷载作用下的标准内力
       SOIL -- 土压力作用下的标准内力
         DL -- 恒载作用下的标准内力
         LL -- 活载作用下的标准内力
        LL1 -- 考虑活载随机作用时梁负弯矩包络的标准内力
        LL2 -- 考虑活载随机作用时梁正弯矩包络的标准内力
     自定义工况 -- 自定义工况

     前面加*表示调整前内力

 柱标准内力输出
 iCase           : 工况名称
 Shear-X，Shear-Y: X，Y 方向的底部剪力
 Axial           : 轴力
 Mx-Btm，My-Btm  : X，Y 方向的底部弯矩
 Mx-Top，My-Top  : X，Y 方向的顶部弯矩
 N-C             : 柱编号
 Node-i，Node-j  : 上，下节点号
 DL，Angle       : 柱长度，布置角度

   (iCase)   Shear-X   Shear-Y     Axial    Mx-Btm    My-Btm    Mx-Top    My-Top

 *(    EX)       4.6      -0.5     -60.9       1.2       9.8      -1.2     -12.3
  (    EX)       4.6      -0.5     -60.9       1.2       9.8      -1.2     -12.3
 *(   EX+)       4.4      -0.5     -55.6       1.1       9.4      -1.2     -11.7
  (   EX+)       4.4      -0.5     -55.6       1.1       9.4      -1.2     -11.7
 *(   EX-)       4.8      -0.5     -66.2       1.3      10.2      -1.3     -13.0
  (   EX-)       4.8      -0.5     -66.2       1.3      10.2      -1.3     -13.0
 *(    EY)       1.6      -7.3      61.0      10.8       3.4     -23.4       4.3
  (    EY)       1.6      -7.3      61.0      10.8       3.4     -23.4       4.3
 *(   EY+)       1.6      -7.3      65.4      10.9       3.4     -23.4      -4.0
  (   EY+)       1.6      -7.3      65.4      10.9       3.4     -23.4      -4.0
 *(   EY-)       1.7      -7.2      56.6      10.8       3.4     -23.3       4.6
  (   EY-)       1.7      -7.2      56.6      10.8       3.4     -23.3       4.6
 *( EXMAX)       4.8      -1.4     -50.8       2.2      10.2      -4.3     -12.8
  ( EXMAX)       4.8      -1.4     -50.8       2.2      10.2      -4.3     -12.8
 *( EYMAX)      -1.0      -7.2      69.6      10.7      -2.0     -23.0       2.5
  ( EYMAX)      -1.0      -7.2      69.6      10.7      -2.0     -23.0       2.5
 *(   +WX)      -0.6       0.0     -17.0      -0.0      -0.6       0.1       2.0
  (   +WX)      -0.6       0.0     -17.0      -0.0      -0.6       0.1       2.0
 *(   -WX)       0.6      -0.0      17.0       0.0       0.6      -0.1      -2.0
  (   -WX)       0.6      -0.0      17.0       0.0       0.6      -0.1      -2.0
 *(   +WY)      -0.3      -2.0      15.1       2.9      -0.5      -6.4       0.8
  (   +WY)      -0.3      -2.0      15.1       2.9      -0.5      -6.4       0.8
 *(   -WY)       0.3       2.0     -15.1      -2.9       0.5       6.4      -0.8
  (   -WY)       0.3       2.0     -15.1      -2.9       0.5       6.4      -0.8
 *(  SOIL)       0.6      -0.6       3.0       1.4       1.7      -1.4      -1.4
  (  SOIL)       0.6      -0.6       3.0       1.4       1.7      -1.4      -1.4
 *(    DL)       8.9       2.1   -1451.6      -3.0      13.4       7.1     -28.3
  (    DL)       8.9       2.1   -1451.6      -3.0      13.4       7.1     -28.3
 *(    LL)       1.1      -4.5    -296.7       6.9       1.6     -14.3      -3.4
  (    LL)       1.1      -4.5    -296.7       6.9       1.6     -14.3      -3.4
 *(自定义工况)       0.2      -2.6      20.3       3.9       0.3      -8.2      -0.8
  (自定义工况)       0.2      -2.6      20.3       3.9       0.3      -8.2      -0.8

三、构件设计验算信息

       brc --- 薄弱层调整系数，大于1时输出
       jzx,jzy --- X、Y向最小剪重比调整系数，大于1时输出
       jzz --- 竖向地震作用调整系数，大于1时输出
       02vx,02vy --- X、Y向0.2V0调整系数，大于1时输出
       zh --- 水平转换构件地震作用调整系数，大于1时输出
       xfc --- 消防车荷载折减系数
       livec --- 柱、墙活荷载按楼层折减系数
       kzzx,kzzy --- 框支柱地震作用调整系数
       kzzn --- 转换柱轴力调整系数
       zcn --- 贮仓支柱轴力调整系数
       vcoex,vcoey --- 柱剪力系数，在特殊构件中定义，大于1时输出
       cq --- 柱冲切验算时不平衡弯矩地震放大系数
       zps --- 装配式结构中竖向构件地震内力放大系数
       zpseam --- 预制构件接缝验算时的受剪承载力增大系数
       ηmu,ηvu,ηmd,ηvd --- 柱、墙顶、底的强柱弱梁、强剪弱弯调整系数
       Ωmin --- 耗能构件性能系数最小值
       βe --- 性能系数的调整系数

       Cx,Cy --- 分别为X、Y向计算长度系数
       λc --- 柱剪跨比，非简化方法计算时输出对应的设计内力
       Rs --- 全截面配筋率,上下端取大值(As/Ac)
       Rsv --- 体积配箍率(Vs/Vc)
       Uc --- 轴压比(N/Ac/fc)
       Nu --- 控制轴压比的轴力(kN)
       Uc_G --- 按重力荷载代表值计算的轴压比(N/Ac/fc)
       Nu_G --- 重力荷载代表值下的轴力(kN)
       Asc --- 矩形截面单根角筋面积(mm2)
       Asxt,Asxb --- 矩形截面B边上下端单边配筋面积(含两根角筋)(mm2)
       Asyt,Asyb --- 矩形截面H边上下端单边配筋面积(含两根角筋)(mm2)
       Asxt0,Asxb0 --- 矩形截面B边上下端单边计算配筋面积(含两根角筋)(mm2)
       Asyt0,Asyb0 --- 矩形截面H边上下端单边计算配筋面积(含两根角筋)(mm2)
       Ast,Asb --- 圆截面上下端全截面配筋面积(mm2)
       Aszt,Aszb --- 异型截面柱角部上下端的固定配筋面积之和(mm2)
       Asft,Asfb --- 异型截面柱上下端分布配筋面积之和(mm2)
       Asvx,Asvx0 --- 矩形截面沿B边方向加密区和非加密区箍筋面积(mm2)
       Asvy,Asvy0 --- 矩形截面沿H边方向加密区和非加密区箍筋面积(mm2)
       Asv,Asv0 --- 圆截面或异型截面柱加密区和非加密区箍筋面积(mm2)
       Asvp,Asvp0 --- 单侧一个梁箍筋间距内的抗冲切箍筋面积(mm2)
       N,Mx,My --- 矩形柱、圆柱、异型柱纵向钢筋配筋控制内力(kN,kN-m)
       N,Vx,Vy --- 矩形柱、圆柱、异型柱箍筋的配筋控制内力(kN)
       Asvjx,Asvjy --- 柱节点沿B边或H边的箍筋面积(mm2)
       Nj,Vjx,Vjy --- 节点域箍筋Asvjx、Asvjy的控制内力(kN)
       注：柱箍筋是指单位间距范围内的箍筋面积
       CB_XF,CB_YF --- 投影到整体坐标系下的X、Y向抗剪承载力(kN)
       Fl --- 柱冲切计算时的等效冲切力(kN)

  ---------------------------------------------------------
  N-C=5  (I=1000021, J=5)(1)B*H(mm)=600*600
  Cover= 20(mm) Cx=1.00 Cy=1.00 Lcx=4.70(m) Lcy=4.70(m) Nfc=3 Nfc_gz=3 Rcc=30.0 Fy=360 Fyv=360
  砼柱 矩形
  livec=1.000
  ηmu=1.300  ηvu=1.560  ηmd=1.300  ηvd=1.560
  λc=4.215
  ( 30)Nu=   -2006.9  Uc= 0.39  Rs= 0.75(%)  Rsv= 0.40(%)  Asc=   254
  (  1)N=   -2307.0 Mx=     -22.7 My=     -44.5 Asxt=       929 Asxt0=         0
  (  1)N=   -2307.0 Mx=     -22.7 My=     -44.5 Asyt=       929 Asyt0=         0
  (  1)N=   -2307.0 Mx=      12.4 My=      22.3 Asxb=       929 Asxb0=         0
  (  1)N=   -2307.0 Mx=      12.4 My=      22.3 Asyb=       929 Asyb0=         0
  ( 27)N=   -2002.4 Vx=      28.6 Vy=      -2.5 Ts=       0.3 Asvx=       107 Asvx0=         0
  ( 29)N=   -1831.4 Vx=      21.9 Vy=     -16.1 Ts=       0.1 Asvy=       107 Asvy0=         0
  节点核芯区设计结果：
  ( 27) N=    -942.7  Vjx=     238.9  Asvjx=       107  Asvjxcal=         0
  ( 30) N=    -960.7  Vjy=    -223.3  Asvjy=       107  Asvjycal=         0

  抗剪承载力: CB_XF=    309.44  CB_YF=    301.78

四、荷载组合分项系数说明

     荷载组合分项系数说明，其中：
     Ncm --- 组合号
     V-D,V-L --- 分别为恒载、活载分项系数
     +X-W,-X-W --- 分别为X正负方向水平风荷载分项系数
     +Y-W,-Y-W --- 分别为Y正负方向水平风荷载分项系数
     X-E,Y-E --- 分别为X向、Y向水平地震荷载分项系数
     Z-E --- 竖向地震荷载分项系数
     R-F --- 人防荷载分项系数
     TEM --- 温度荷载分项系数
     CRN --- 吊车荷载分项系数

     Ncm   V-D   V-L   +X-W   -X-W   +Y-W   -Y-W   X-E   Y-E   Z-E   R-F   TEM   CRN
       1  1.30  1.50    --     --     --     --    --    --    --    --    --    -- 
       2  1.00  1.50    --     --     --     --    --    --    --    --    --    -- 
       3  1.30   --    1.50    --     --     --    --    --    --    --    --    -- 
       4  1.30   --     --    1.50    --     --    --    --    --    --    --    -- 
       5  1.30   --     --     --    1.50    --    --    --    --    --    --    -- 
       6  1.30   --     --     --     --    1.50   --    --    --    --    --    -- 
       7  1.30  1.50   0.90    --     --     --    --    --    --    --    --    -- 
       8  1.30  1.50    --    0.90    --     --    --    --    --    --    --    -- 
       9  1.30  1.50    --     --    0.90    --    --    --    --    --    --    -- 
      10  1.30  1.50    --     --     --    0.90   --    --    --    --    --    -- 
      11  1.30  1.05   1.50    --     --     --    --    --    --    --    --    -- 
      12  1.30  1.05    --    1.50    --     --    --    --    --    --    --    -- 
      13  1.30  1.05    --     --    1.50    --    --    --    --    --    --    -- 
      14  1.30  1.05    --     --     --    1.50   --    --    --    --    --    -- 
      15  1.00   --    1.50    --     --     --    --    --    --    --    --    -- 
      16  1.00   --     --    1.50    --     --    --    --    --    --    --    -- 
      17  1.00   --     --     --    1.50    --    --    --    --    --    --    -- 
      18  1.00   --     --     --     --    1.50   --    --    --    --    --    -- 
      19  1.00  1.50   0.90    --     --     --    --    --    --    --    --    -- 
      20  1.00  1.50    --    0.90    --     --    --    --    --    --    --    -- 
      21  1.00  1.50    --     --    0.90    --    --    --    --    --    --    -- 
      22  1.00  1.50    --     --     --    0.90   --    --    --    --    --    -- 
      23  1.00  1.05   1.50    --     --     --    --    --    --    --    --    -- 
      24  1.00  1.05    --    1.50    --     --    --    --    --    --    --    -- 
      25  1.00  1.05    --     --    1.50    --    --    --    --    --    --    -- 
      26  1.00  1.05    --     --     --    1.50   --    --    --    --    --    -- 
      27  1.20  0.60    --     --     --     --   1.30   --    --    --    --    -- 
      28  1.20  0.60    --     --     --     --  -1.30   --    --    --    --    -- 
      29  1.20  0.60    --     --     --     --    --   1.30   --    --    --    -- 
      30  1.20  0.60    --     --     --     --    --  -1.30   --    --    --    -- 
      31  1.00  0.50    --     --     --     --   1.30   --    --    --    --    -- 
      32  1.00  0.50    --     --     --     --  -1.30   --    --    --    --    -- 
      33  1.00  0.50    --     --     --     --    --   1.30   --    --    --    -- 
      34  1.00  0.50    --     --     --     --    --  -1.30   --    --    --    -- 

五、各组合设计内力

  组合号   截面        Mx        My        Vx        Vy         N         T
     1       1      -22.7     -44.5      14.2      -7.5   -2307.0      -0.0
     1       2       12.4      22.3      14.2      -7.5   -2307.0      -0.0
     1       1      -19.9     -43.3      13.8      -6.6   -2164.3      -0.0
     1       2       11.1      21.7      13.8      -6.6   -2164.3      -0.0
     2       1      -24.4     -35.6      11.4      -7.9   -1872.4      -0.0
     2       2       12.9      17.8      11.4      -7.9   -1872.4      -0.0
     2       1      -21.6     -34.4      11.0      -7.1   -1729.7      -0.0
     2       2       11.5      17.2      11.0      -7.1   -1729.7      -0.0
     3       1        7.5     -35.4      11.5       2.0   -1908.8       0.0
     3       2       -2.1      18.6      11.5       2.0   -1908.8       0.0
     4       1        7.1     -41.6      13.2       1.9   -1857.7      -0.0
     4       2       -2.0      20.5      13.2       1.9   -1857.7      -0.0
     5       1       -2.3     -37.3      11.9      -1.0   -1860.5      -0.0
     5       2        2.3      18.9      11.9      -1.0   -1860.5      -0.0
     6       1       16.9     -39.8      12.8       5.0   -1905.9       0.0
     6       2       -6.4      20.2      12.8       5.0   -1905.9       0.0
     7       1      -22.6     -42.6      13.7      -7.4   -2322.3      -0.0
     7       2       12.4      21.7      13.7      -7.4   -2322.3      -0.0
     7       1      -19.8     -41.5      13.3      -6.6   -2179.6      -0.0
     7       2       11.0      21.1      13.3      -6.6   -2179.6      -0.0
     8       1      -22.8     -46.3      14.7      -7.5   -2291.6      -0.0
     8       2       12.5      22.9      14.7      -7.5   -2291.6      -0.0
     8       1      -20.1     -45.2      14.3      -6.6   -2148.9      -0.0
     8       2       11.1      22.2      14.3      -6.6   -2148.9      -0.0
     9       1      -28.4     -43.7      14.0      -9.3   -2293.3      -0.0
     9       2       15.0      21.9      14.0      -9.3   -2293.3      -0.0
     9       1      -25.7     -42.6      13.6      -8.4   -2150.7      -0.0
     9       2       13.7      21.3      13.6      -8.4   -2150.7      -0.0
    10       1      -17.0     -45.2      14.5      -5.7   -2320.6      -0.0
    10       2        9.8      22.7      14.5      -5.7   -2320.6      -0.0
    10       1      -14.2     -44.1      14.1      -4.8   -2177.9      -0.0
    10       2        8.4      22.1      14.1      -4.8   -2177.9      -0.0
    11       1      -16.1     -39.9      12.9      -5.4   -2199.0       0.0
    11       2        9.3      20.6      12.9      -5.4   -2199.0       0.0
    12       1      -16.5     -46.0      14.6      -5.5   -2147.9      -0.0
    12       2        9.4      22.5      14.6      -5.5   -2147.9      -0.0
    13       1      -25.8     -41.7      13.3      -8.4   -2150.7      -0.0
    13       2       13.7      20.9      13.3      -8.4   -2150.7      -0.0
    14       1       -6.7     -44.2      14.1      -2.5   -2196.1       0.0
    14       2        5.0      22.2      14.1      -2.5   -2196.1       0.0
    15       1        5.8     -26.6       8.6       1.6   -1474.2       0.0
    15       2       -1.6      14.1       8.6       1.6   -1474.2       0.0
    16       1        5.4     -32.7      10.4       1.5   -1423.1      -0.0
    16       2       -1.5      16.0      10.4       1.5   -1423.1      -0.0
    17       1       -3.9     -28.4       9.1      -1.4   -1426.0      -0.0
    17       2        2.8      14.4       9.1      -1.4   -1426.0      -0.0
    18       1       15.2     -30.9       9.9       4.5   -1471.3       0.0
    18       2       -5.9      15.7       9.9       4.5   -1471.3       0.0
    19       1      -24.3     -33.8      10.8      -7.9   -1887.7      -0.0
    19       2       12.9      17.2      10.8      -7.9   -1887.7      -0.0
    19       1      -21.5     -32.6      10.5      -7.0   -1745.0      -0.0
    19       2       11.5      16.6      10.5      -7.0   -1745.0      -0.0
    20       1      -24.5     -37.4      11.9      -8.0   -1857.0      -0.0
    20       2       12.9      18.3      11.9      -8.0   -1857.0      -0.0
    20       1      -21.8     -36.3      11.5      -7.1   -1714.4      -0.0
    20       2       11.6      17.7      11.5      -7.1   -1714.4      -0.0
    21       1      -30.1     -34.8      11.1      -9.7   -1858.7      -0.0
    21       2       15.5      17.4      11.1      -9.7   -1858.7      -0.0
    21       1      -27.4     -33.7      10.7      -8.8   -1716.1      -0.0
    21       2       14.1      16.7      10.7      -8.8   -1716.1      -0.0
    22       1      -18.6     -36.4      11.6      -6.2   -1886.0      -0.0
    22       2       10.3      18.2      11.6      -6.2   -1886.0      -0.0
    22       1      -15.9     -35.2      11.2      -5.3   -1743.3      -0.0
    22       2        8.9      17.6      11.2      -5.3   -1743.3      -0.0
    23       1      -17.8     -31.0      10.0      -5.9   -1764.4       0.0
    23       2        9.7      16.1      10.0      -5.9   -1764.4       0.0
    24       1      -18.1     -37.1      11.7      -6.0   -1713.3      -0.0
    24       2        9.8      18.0      11.7      -6.0   -1713.3      -0.0
    25       1      -27.5     -32.8      10.5      -8.9   -1716.1      -0.0
    25       2       14.1      16.3      10.5      -8.9   -1716.1      -0.0
    26       1       -8.4     -35.3      11.3      -2.9   -1761.5       0.0
    26       2        5.4      17.7      11.3      -2.9   -1761.5       0.0
    27       1       -4.4     -69.7      28.2      -2.4   -1995.6       0.3
    27       2        5.0      41.3      28.2      -2.4   -1995.6       0.3
    27       1       -4.3     -68.6      27.7      -2.3   -1988.7       0.3
    27       2        4.9      40.7      27.7      -2.3   -1988.7       0.3
    27       1       -4.6     -70.8      28.6      -2.5   -2002.4       0.3
    27       2        5.1      42.0      28.6      -2.5   -2002.4       0.3
    27       1       -9.5     -70.5      28.5      -4.1   -1982.5       0.3
    27       2        6.6      41.9      28.5      -4.1   -1982.5       0.3
    28       1       -0.3     -28.0       9.4      -0.3   -1837.2      -0.3
    28       2        0.9       8.2       9.4      -0.3   -1837.2      -0.3
    28       1       -0.4     -29.2       9.9      -0.4   -1844.1      -0.3
    28       2        1.0       8.8       9.9      -0.4   -1844.1      -0.3
    28       1       -0.1     -26.9       9.0      -0.3   -1830.4      -0.3
    28       2        0.8       7.5       9.0      -0.3   -1830.4      -0.3
    28       1        4.8     -27.3       9.1       1.4   -1850.3      -0.3
    28       2       -0.7       7.5       9.1       1.4   -1850.3      -0.3
    29       1      -41.8     -41.7      22.1     -16.1   -1837.1       0.1
    29       2       21.2      30.4      22.1     -16.1   -1837.1       0.1
    29       1      -42.0     -55.6      21.9     -16.1   -1831.4       0.1
    29       2       21.3      30.4      21.9     -16.1   -1831.4       0.1
    29       1      -41.7     -41.1      22.2     -16.0   -1842.8       0.1
    29       2       21.2      30.5      22.2     -16.0   -1842.8       0.1
    29       1      -41.2     -44.6      16.8     -15.9   -1825.9       0.1
    29       2       21.0      21.3      16.8     -15.9   -1825.9       0.1
    30       1       37.1     -56.1      15.5      13.4   -1995.7      -0.1
    30       2      -15.4      19.0      15.5      13.4   -1995.7      -0.1
    30       1       37.3     -42.1      15.6      13.4   -2001.4      -0.1
    30       2      -15.4      19.1      15.6      13.4   -2001.4      -0.1
    30       1       37.0     -56.7      15.4      13.3   -1990.0      -0.1
    30       2      -15.3      19.0      15.4      13.3   -1990.0      -0.1
    30       1       36.5     -53.2      20.7      13.2   -2006.9      -0.1
    30       2      -15.1      28.2      20.7      13.2   -2006.9      -0.1
    31       1       -4.1     -61.6      25.0      -2.2   -1676.2       0.3
    31       2        4.5      37.2      25.0      -2.2   -1676.2       0.3
    31       1       -3.9     -60.4      24.6      -2.1   -1669.3       0.3
    31       2        4.4      36.6      24.6      -2.1   -1669.3       0.3
    31       1       -4.2     -62.7      25.5      -2.2   -1683.0       0.3
    31       2        4.6      37.9      25.5      -2.2   -1683.0       0.3
    31       1       -9.2     -62.3      25.4      -3.9   -1663.1       0.3
    31       2        6.1      37.8      25.4      -3.9   -1663.1       0.3
    32       1        0.1     -19.9       6.3      -0.1   -1517.8      -0.3
    32       2        0.4       4.0       6.3      -0.1   -1517.8      -0.3
    32       1       -0.0     -21.0       6.7      -0.2   -1524.7      -0.3
    32       2        0.5       4.7       6.7      -0.2   -1524.7      -0.3
    32       1        0.3     -18.8       5.8      -0.0   -1511.0      -0.3
    32       2        0.3       3.4       5.8      -0.0   -1511.0      -0.3
    32       1        5.2     -19.1       5.9       1.6   -1530.9      -0.3
    32       2       -1.2       3.4       5.9       1.6   -1530.9      -0.3
    33       1      -41.4     -33.5      18.9     -15.9   -1517.7       0.1
    33       2       20.7      26.3      18.9     -15.9   -1517.7       0.1
    33       1      -41.6     -47.5      18.8     -15.9   -1512.0       0.1
    33       2       20.8      26.3      18.8     -15.9   -1512.0       0.1
    33       1      -41.3     -33.0      19.1     -15.8   -1523.4       0.1
    33       2       20.7      26.4      19.1     -15.8   -1523.4       0.1
    33       1      -40.8     -36.5      13.7     -15.6   -1506.5       0.1
    33       2       20.5      17.2      13.7     -15.6   -1506.5       0.1
    34       1       37.5     -47.9      12.4      13.6   -1676.3      -0.1
    34       2      -15.8      14.9      12.4      13.6   -1676.3      -0.1
    34       1       37.7     -34.0      12.5      13.6   -1682.0      -0.1
    34       2      -15.9      14.9      12.5      13.6   -1682.0      -0.1
    34       1       37.4     -48.5      12.2      13.5   -1670.6      -0.1
    34       2      -15.8      14.8      12.2      13.5   -1670.6      -0.1
    34       1       36.9     -45.0      17.6      13.4   -1687.5      -0.1
    34       2      -15.6      24.1      17.6      13.4   -1687.5      -0.1

六、各组合分项系数
  组合号        DL       LL      LL1      LL2   自定义工况      +WX      -WX      +WY      -WY       EX      EX+      EX-       EY      EY+      EY-    EXMAX    EYMAX     SOIL
       1      1.30     1.50       --       --         1.05       --       --       --       --       --       --       --       --       --       --       --       --     1.30
       1      1.30     1.05       --       --         1.50       --       --       --       --       --       --       --       --       --       --       --       --     1.30
       2      1.00     1.50       --       --         1.05       --       --       --       --       --       --       --       --       --       --       --       --     1.00
       2      1.00     1.05       --       --         1.50       --       --       --       --       --       --       --       --       --       --       --       --     1.00
       3      1.30       --       --       --           --     1.50       --       --       --       --       --       --       --       --       --       --       --     1.30
       4      1.30       --       --       --           --       --     1.50       --       --       --       --       --       --       --       --       --       --     1.30
       5      1.30       --       --       --           --       --       --     1.50       --       --       --       --       --       --       --       --       --     1.30
       6      1.30       --       --       --           --       --       --       --     1.50       --       --       --       --       --       --       --       --     1.30
       7      1.30     1.50       --       --         1.05     0.90       --       --       --       --       --       --       --       --       --       --       --     1.30
       7      1.30     1.05       --       --         1.50     0.90       --       --       --       --       --       --       --       --       --       --       --     1.30
       8      1.30     1.50       --       --         1.05       --     0.90       --       --       --       --       --       --       --       --       --       --     1.30
       8      1.30     1.05       --       --         1.50       --     0.90       --       --       --       --       --       --       --       --       --       --     1.30
       9      1.30     1.50       --       --         1.05       --       --     0.90       --       --       --       --       --       --       --       --       --     1.30
       9      1.30     1.05       --       --         1.50       --       --     0.90       --       --       --       --       --       --       --       --       --     1.30
      10      1.30     1.50       --       --         1.05       --       --       --     0.90       --       --       --       --       --       --       --       --     1.30
      10      1.30     1.05       --       --         1.50       --       --       --     0.90       --       --       --       --       --       --       --       --     1.30
      11      1.30     1.05       --       --         1.05     1.50       --       --       --       --       --       --       --       --       --       --       --     1.30
      12      1.30     1.05       --       --         1.05       --     1.50       --       --       --       --       --       --       --       --       --       --     1.30
      13      1.30     1.05       --       --         1.05       --       --     1.50       --       --       --       --       --       --       --       --       --     1.30
      14      1.30     1.05       --       --         1.05       --       --       --     1.50       --       --       --       --       --       --       --       --     1.30
      15      1.00       --       --       --           --     1.50       --       --       --       --       --       --       --       --       --       --       --     1.00
      16      1.00       --       --       --           --       --     1.50       --       --       --       --       --       --       --       --       --       --     1.00
      17      1.00       --       --       --           --       --       --     1.50       --       --       --       --       --       --       --       --       --     1.00
      18      1.00       --       --       --           --       --       --       --     1.50       --       --       --       --       --       --       --       --     1.00
      19      1.00     1.50       --       --         1.05     0.90       --       --       --       --       --       --       --       --       --       --       --     1.00
      19      1.00     1.05       --       --         1.50     0.90       --       --       --       --       --       --       --       --       --       --       --     1.00
      20      1.00     1.50       --       --         1.05       --     0.90       --       --       --       --       --       --       --       --       --       --     1.00
      20      1.00     1.05       --       --         1.50       --     0.90       --       --       --       --       --       --       --       --       --       --     1.00
      21      1.00     1.50       --       --         1.05       --       --     0.90       --       --       --       --       --       --       --       --       --     1.00
      21      1.00     1.05       --       --         1.50       --       --     0.90       --       --       --       --       --       --       --       --       --     1.00
      22      1.00     1.50       --       --         1.05       --       --       --     0.90       --       --       --       --       --       --       --       --     1.00
      22      1.00     1.05       --       --         1.50       --       --       --     0.90       --       --       --       --       --       --       --       --     1.00
      23      1.00     1.05       --       --         1.05     1.50       --       --       --       --       --       --       --       --       --       --       --     1.00
      24      1.00     1.05       --       --         1.05       --     1.50       --       --       --       --       --       --       --       --       --       --     1.00
      25      1.00     1.05       --       --         1.05       --       --     1.50       --       --       --       --       --       --       --       --       --     1.00
      26      1.00     1.05       --       --         1.05       --       --       --     1.50       --       --       --       --       --       --       --       --     1.00
      27      1.20     0.60       --       --           --       --       --       --       --     1.30       --       --       --       --       --       --       --     1.20
      27      1.20     0.60       --       --           --       --       --       --       --       --     1.30       --       --       --       --       --       --     1.20
      27      1.20     0.60       --       --           --       --       --       --       --       --       --     1.30       --       --       --       --       --     1.20
      27      1.20     0.60       --       --           --       --       --       --       --       --       --       --       --       --       --     1.30       --     1.20
      28      1.20     0.60       --       --           --       --       --       --       --    -1.30       --       --       --       --       --       --       --     1.20
      28      1.20     0.60       --       --           --       --       --       --       --       --    -1.30       --       --       --       --       --       --     1.20
      28      1.20     0.60       --       --           --       --       --       --       --       --       --    -1.30       --       --       --       --       --     1.20
      28      1.20     0.60       --       --           --       --       --       --       --       --       --       --       --       --       --    -1.30       --     1.20
      29      1.20     0.60       --       --           --       --       --       --       --       --       --       --     1.30       --       --       --       --     1.20
      29      1.20     0.60       --       --           --       --       --       --       --       --       --       --       --     1.30       --       --       --     1.20
      29      1.20     0.60       --       --           --       --       --       --       --       --       --       --       --       --     1.30       --       --     1.20
      29      1.20     0.60       --       --           --       --       --       --       --       --       --       --       --       --       --       --     1.30     1.20
      30      1.20     0.60       --       --           --       --       --       --       --       --       --       --    -1.30       --       --       --       --     1.20
      30      1.20     0.60       --       --           --       --       --       --       --       --       --       --       --    -1.30       --       --       --     1.20
      30      1.20     0.60       --       --           --       --       --       --       --       --       --       --       --       --    -1.30       --       --     1.20
      30      1.20     0.60       --       --           --       --       --       --       --       --       --       --       --       --       --       --    -1.30     1.20
      31      1.00     0.50       --       --           --       --       --       --       --     1.30       --       --       --       --       --       --       --     1.00
      31      1.00     0.50       --       --           --       --       --       --       --       --     1.30       --       --       --       --       --       --     1.00
      31      1.00     0.50       --       --           --       --       --       --       --       --       --     1.30       --       --       --       --       --     1.00
      31      1.00     0.50       --       --           --       --       --       --       --       --       --       --       --       --       --     1.30       --     1.00
      32      1.00     0.50       --       --           --       --       --       --       --    -1.30       --       --       --       --       --       --       --     1.00
      32      1.00     0.50       --       --           --       --       --       --       --       --    -1.30       --       --       --       --       --       --     1.00
      32      1.00     0.50       --       --           --       --       --       --       --       --       --    -1.30       --       --       --       --       --     1.00
      32      1.00     0.50       --       --           --       --       --       --       --       --       --       --       --       --       --    -1.30       --     1.00
      33      1.00     0.50       --       --           --       --       --       --       --       --       --       --     1.30       --       --       --       --     1.00
      33      1.00     0.50       --       --           --       --       --       --       --       --       --       --       --     1.30       --       --       --     1.00
      33      1.00     0.50       --       --           --       --       --       --       --       --       --       --       --       --     1.30       --       --     1.00
      33      1.00     0.50       --       --           --       --       --       --       --       --       --       --       --       --       --       --     1.30     1.00
      34      1.00     0.50       --       --           --       --       --       --       --       --       --       --    -1.30       --       --       --       --     1.00
      34      1.00     0.50       --       --           --       --       --       --       --       --       --       --       --    -1.30       --       --       --     1.00
      34      1.00     0.50       --       --           --       --       --       --       --       --       --       --       --       --    -1.30       --       --     1.00
      34      1.00     0.50       --       --           --       --       --       --       --       --       --       --       --       --       --       --    -1.30     1.00

七、标准组合系数
  组合号        DL       LL      LL1      LL2   自定义工况      +WX      -WX      +WY      -WY       EX      EX+      EX-       EY      EY+      EY-    EXMAX    EYMAX     SOIL
       1      1.00     1.00       --       --         0.70       --       --       --       --       --       --       --       --       --       --       --       --     1.00
       1      1.00     0.70       --       --         1.00       --       --       --       --       --       --       --       --       --       --       --       --     1.00
       2      1.00       --       --       --           --     1.00       --       --       --       --       --       --       --       --       --       --       --     1.00
       3      1.00       --       --       --           --       --     1.00       --       --       --       --       --       --       --       --       --       --     1.00
       4      1.00       --       --       --           --       --       --     1.00       --       --       --       --       --       --       --       --       --     1.00
       5      1.00       --       --       --           --       --       --       --     1.00       --       --       --       --       --       --       --       --     1.00
       6      1.00     1.00       --       --         0.70     0.60       --       --       --       --       --       --       --       --       --       --       --     1.00
       6      1.00     0.70       --       --         1.00     0.60       --       --       --       --       --       --       --       --       --       --       --     1.00
       7      1.00     1.00       --       --         0.70       --     0.60       --       --       --       --       --       --       --       --       --       --     1.00
       7      1.00     0.70       --       --         1.00       --     0.60       --       --       --       --       --       --       --       --       --       --     1.00
       8      1.00     1.00       --       --         0.70       --       --     0.60       --       --       --       --       --       --       --       --       --     1.00
       8      1.00     0.70       --       --         1.00       --       --     0.60       --       --       --       --       --       --       --       --       --     1.00
       9      1.00     1.00       --       --         0.70       --       --       --     0.60       --       --       --       --       --       --       --       --     1.00
       9      1.00     0.70       --       --         1.00       --       --       --     0.60       --       --       --       --       --       --       --       --     1.00
      10      1.00     0.70       --       --         0.70     1.00       --       --       --       --       --       --       --       --       --       --       --     1.00
      11      1.00     0.70       --       --         0.70       --     1.00       --       --       --       --       --       --       --       --       --       --     1.00
      12      1.00     0.70       --       --         0.70       --       --     1.00       --       --       --       --       --       --       --       --       --     1.00
      13      1.00     0.70       --       --         0.70       --       --       --     1.00       --       --       --       --       --       --       --       --     1.00
      14      1.00     0.50       --       --           --       --       --       --       --     1.00       --       --       --       --       --       --       --     1.00
      14      1.00     0.50       --       --           --       --       --       --       --       --     1.00       --       --       --       --       --       --     1.00
      14      1.00     0.50       --       --           --       --       --       --       --       --       --     1.00       --       --       --       --       --     1.00
      14      1.00     0.50       --       --           --       --       --       --       --       --       --       --       --       --       --     1.00       --     1.00
      15      1.00     0.50       --       --           --       --       --       --       --    -1.00       --       --       --       --       --       --       --     1.00
      15      1.00     0.50       --       --           --       --       --       --       --       --    -1.00       --       --       --       --       --       --     1.00
      15      1.00     0.50       --       --           --       --       --       --       --       --       --    -1.00       --       --       --       --       --     1.00
      15      1.00     0.50       --       --           --       --       --       --       --       --       --       --       --       --       --    -1.00       --     1.00
      16      1.00     0.50       --       --           --       --       --       --       --       --       --       --     1.00       --       --       --       --     1.00
      16      1.00     0.50       --       --           --       --       --       --       --       --       --       --       --     1.00       --       --       --     1.00
      16      1.00     0.50       --       --           --       --       --       --       --       --       --       --       --       --     1.00       --       --     1.00
      16      1.00     0.50       --       --           --       --       --       --       --       --       --       --       --       --       --       --     1.00     1.00
      17      1.00     0.50       --       --           --       --       --       --       --       --       --       --    -1.00       --       --       --       --     1.00
      17      1.00     0.50       --       --           --       --       --       --       --       --       --       --       --    -1.00       --       --       --     1.00
      17      1.00     0.50       --       --           --       --       --       --       --       --       --       --       --       --    -1.00       --       --     1.00
      17      1.00     0.50       --       --           --       --       --       --       --       --       --       --       --       --       --       --    -1.00     1.00
